{
  "stats": {
    "suites": 1,
    "tests": 14,
    "passes": 14,
    "pending": 0,
    "failures": 0,
    "start": "2020-06-26T03:51:51.893Z",
    "end": "2020-06-26T03:53:58.290Z",
    "duration": 126397,
    "testsRegistered": 14,
    "passPercent": 100,
    "pendingPercent": 0,
    "other": 0,
    "hasOther": false,
    "skipped": 0,
    "hasSkipped": false
  },
  "results": [
    {
      "uuid": "8209196b-02d6-4820-9a24-7e2e9674f08c",
      "title": "",
      "fullFile": "cypress\\integration\\03-id-paymentProcess.js",
      "file": "cypress\\integration\\03-id-paymentProcess.js",
      "beforeHooks": [],
      "afterHooks": [],
      "tests": [],
      "suites": [
        {
          "uuid": "07f382cf-b771-45c5-bb04-78314c6ac75a",
          "title": "Test Payment Process",
          "fullFile": "",
          "file": "",
          "beforeHooks": [],
          "afterHooks": [],
          "tests": [
            {
              "title": "#1 Payment Method Page Successfully Loads",
              "fullTitle": "Test Payment Process #1 Payment Method Page Successfully Loads",
              "timedOut": null,
              "duration": 12354,
              "state": "passed",
              "speed": "slow",
              "pass": true,
              "fail": false,
              "pending": false,
              "context": null,
              "code": "cy.visit(Cypress.env('quipper_plans'));\ncy.get('[id=\"1808\"]').within(function () {\n  cy.contains('Subscribe').click();\n});\ncy.url().should('include', '/payment/methods');",
              "err": {},
              "uuid": "c45c0396-284b-41a5-8175-c6e084b92c0f",
              "parentUUID": "07f382cf-b771-45c5-bb04-78314c6ac75a",
              "isHook": false,
              "skipped": false
            },
            {
              "title": "#2 Payment Method Page Showing Correct Components",
              "fullTitle": "Test Payment Process #2 Payment Method Page Showing Correct Components",
              "timedOut": null,
              "duration": 10520,
              "state": "passed",
              "speed": "slow",
              "pass": true,
              "fail": false,
              "pending": false,
              "context": null,
              "code": "cy.visit(Cypress.env('quipper_plans'));\ncy.get('[id=\"1808\"]').within(function () {\n  cy.contains('Subscribe').click();\n});\ncy.wait(1000); //Test the showed components\ncy.contains('Payment Method').should('have.class', 'Step__active');\ncy.contains('Payment Information').should('have.class', 'Step');\ncy.get('.HeaderTitle__back');\ncy.contains('Kiosk').click();\ncy.get('[value=\"ALFAMART\"]');\ncy.get('[value=\"INDOMARET\"]');\ncy.contains('Bank Transfer').click();\ncy.get('[value=\"BNI\"]');\ncy.get('[value=\"MANDIRI\"]');\ncy.get('[value=\"PERMATA\"]');\ncy.get('[value=\"DANAMON\"]');\ncy.get('[value=\"CIMBVA\"]');\ncy.get('[value=\"BIIVA\"]');\ncy.get('[value=\"BANK_OTHER\"]');\ncy.get('.Input--disabled');\ncy.contains('Apply');\ncy.contains('Continue Payment');",
              "err": {},
              "uuid": "50707e3e-bc2f-42f4-866e-af5e54ffecce",
              "parentUUID": "07f382cf-b771-45c5-bb04-78314c6ac75a",
              "isHook": false,
              "skipped": false
            },
            {
              "title": "#3 Validate Alfamart as Payment Method",
              "fullTitle": "Test Payment Process #3 Validate Alfamart as Payment Method",
              "timedOut": null,
              "duration": 8898,
              "state": "passed",
              "speed": "slow",
              "pass": true,
              "fail": false,
              "pending": false,
              "context": null,
              "code": "cy.visit(Cypress.env('quipper_plans'));\ncy.get('[id=\"1808\"]').within(function () {\n  cy.contains('Subscribe').click();\n}); //Choose Alfamart as Payment Method\ncy.get('[value=\"ALFAMART\"]').click();\ncy.get('.PaymentMethodName').then(function ($chosenMethod) {\n  var chosen = $chosenMethod.text();\n  cy.wrap(chosen).as('chosenMethod');\n});\ncy.get('@chosenMethod').then(function (chosenMethod) {\n  expect(chosenMethod).to.equal(\"Alfamart\");\n});",
              "err": {},
              "uuid": "6ab4e206-a8b9-4d55-af82-9d7b7e7090b5",
              "parentUUID": "07f382cf-b771-45c5-bb04-78314c6ac75a",
              "isHook": false,
              "skipped": false
            },
            {
              "title": "#4 Validate Indomaret as Payment Method",
              "fullTitle": "Test Payment Process #4 Validate Indomaret as Payment Method",
              "timedOut": null,
              "duration": 8567,
              "state": "passed",
              "speed": "slow",
              "pass": true,
              "fail": false,
              "pending": false,
              "context": null,
              "code": "cy.visit(Cypress.env('quipper_plans'));\ncy.get('[id=\"1808\"]').within(function () {\n  cy.contains('Subscribe').click();\n}); //Choose Alfamart as Payment Method\ncy.get('[value=\"INDOMARET\"]').click();\ncy.get('.PaymentMethodName').then(function ($chosenMethod) {\n  var chosen = $chosenMethod.text();\n  cy.wrap(chosen).as('chosenMethod');\n});\ncy.get('@chosenMethod').then(function (chosenMethod) {\n  expect(chosenMethod).to.equal(\"Indomaret\");\n});",
              "err": {},
              "uuid": "2f9dc44e-c63c-4ad9-b779-2bba0e7f0d2e",
              "parentUUID": "07f382cf-b771-45c5-bb04-78314c6ac75a",
              "isHook": false,
              "skipped": false
            },
            {
              "title": "#5 Validate BNI as Payment Method",
              "fullTitle": "Test Payment Process #5 Validate BNI as Payment Method",
              "timedOut": null,
              "duration": 8456,
              "state": "passed",
              "speed": "slow",
              "pass": true,
              "fail": false,
              "pending": false,
              "context": null,
              "code": "cy.visit(Cypress.env('quipper_plans'));\ncy.get('[id=\"1808\"]').within(function () {\n  cy.contains('Subscribe').click();\n});\ncy.contains('Bank Transfer').click(); //Choose Alfamart as Payment Method\ncy.get('[value=\"BNI\"]').click();\ncy.get('.PaymentMethodName').then(function ($chosenMethod) {\n  var chosen = $chosenMethod.text();\n  cy.wrap(chosen).as('chosenMethod');\n});\ncy.get('@chosenMethod').then(function (chosenMethod) {\n  expect(chosenMethod).to.equal(\"Bank BNI\");\n});",
              "err": {},
              "uuid": "28caf19c-c3ad-4583-bbbc-a7dadb2b1959",
              "parentUUID": "07f382cf-b771-45c5-bb04-78314c6ac75a",
              "isHook": false,
              "skipped": false
            },
            {
              "title": "#6 Validate Mandiri as Payment Method",
              "fullTitle": "Test Payment Process #6 Validate Mandiri as Payment Method",
              "timedOut": null,
              "duration": 7366,
              "state": "passed",
              "speed": "slow",
              "pass": true,
              "fail": false,
              "pending": false,
              "context": null,
              "code": "cy.visit(Cypress.env('quipper_plans'));\ncy.get('[id=\"1808\"]').within(function () {\n  cy.contains('Subscribe').click();\n});\ncy.contains('Bank Transfer').click(); //Choose Alfamart as Payment Method\ncy.get('[value=\"MANDIRI\"]').click();\ncy.get('.PaymentMethodName').then(function ($chosenMethod) {\n  var chosen = $chosenMethod.text();\n  cy.wrap(chosen).as('chosenMethod');\n});\ncy.get('@chosenMethod').then(function (chosenMethod) {\n  expect(chosenMethod).to.equal(\"Bank Mandiri\");\n});",
              "err": {},
              "uuid": "5feca269-f884-4a0d-9aa7-6517ae397b54",
              "parentUUID": "07f382cf-b771-45c5-bb04-78314c6ac75a",
              "isHook": false,
              "skipped": false
            },
            {
              "title": "#7 Validate Permata Bank as Payment Method",
              "fullTitle": "Test Payment Process #7 Validate Permata Bank as Payment Method",
              "timedOut": null,
              "duration": 7348,
              "state": "passed",
              "speed": "slow",
              "pass": true,
              "fail": false,
              "pending": false,
              "context": null,
              "code": "cy.visit(Cypress.env('quipper_plans'));\ncy.get('[id=\"1808\"]').within(function () {\n  cy.contains('Subscribe').click();\n});\ncy.contains('Bank Transfer').click(); //Choose Alfamart as Payment Method\ncy.get('[value=\"PERMATA\"]').click();\ncy.get('.PaymentMethodName').then(function ($chosenMethod) {\n  var chosen = $chosenMethod.text();\n  cy.wrap(chosen).as('chosenMethod');\n});\ncy.get('@chosenMethod').then(function (chosenMethod) {\n  expect(chosenMethod).to.equal(\"Bank Permata\");\n});",
              "err": {},
              "uuid": "cf5f455a-36ea-4f88-82c2-1da4746f6978",
              "parentUUID": "07f382cf-b771-45c5-bb04-78314c6ac75a",
              "isHook": false,
              "skipped": false
            },
            {
              "title": "#8 Validate Danamon as Payment Method",
              "fullTitle": "Test Payment Process #8 Validate Danamon as Payment Method",
              "timedOut": null,
              "duration": 7865,
              "state": "passed",
              "speed": "slow",
              "pass": true,
              "fail": false,
              "pending": false,
              "context": null,
              "code": "cy.visit(Cypress.env('quipper_plans'));\ncy.get('[id=\"1808\"]').within(function () {\n  cy.contains('Subscribe').click();\n});\ncy.contains('Bank Transfer').click(); //Choose Alfamart as Payment Method\ncy.get('[value=\"DANAMON\"]').click();\ncy.get('.PaymentMethodName').then(function ($chosenMethod) {\n  var chosen = $chosenMethod.text();\n  cy.wrap(chosen).as('chosenMethod');\n});\ncy.get('@chosenMethod').then(function (chosenMethod) {\n  expect(chosenMethod).to.equal(\"Bank Danamon\");\n});",
              "err": {},
              "uuid": "a0ddf9f7-135f-40bd-b751-1360ba60b387",
              "parentUUID": "07f382cf-b771-45c5-bb04-78314c6ac75a",
              "isHook": false,
              "skipped": false
            },
            {
              "title": "#9 Validate CIMB Niaga as Payment Method",
              "fullTitle": "Test Payment Process #9 Validate CIMB Niaga as Payment Method",
              "timedOut": null,
              "duration": 8337,
              "state": "passed",
              "speed": "slow",
              "pass": true,
              "fail": false,
              "pending": false,
              "context": null,
              "code": "cy.visit(Cypress.env('quipper_plans'));\ncy.get('[id=\"1808\"]').within(function () {\n  cy.contains('Subscribe').click();\n});\ncy.contains('Bank Transfer').click(); //Choose Alfamart as Payment Method\ncy.get('[value=\"CIMBVA\"]').click();\ncy.get('.PaymentMethodName').then(function ($chosenMethod) {\n  var chosen = $chosenMethod.text();\n  cy.wrap(chosen).as('chosenMethod');\n});\ncy.get('@chosenMethod').then(function (chosenMethod) {\n  expect(chosenMethod).to.equal(\"Bank CIMB Niaga\");\n});",
              "err": {},
              "uuid": "b548b9db-2b86-494f-8824-8edd5dc296df",
              "parentUUID": "07f382cf-b771-45c5-bb04-78314c6ac75a",
              "isHook": false,
              "skipped": false
            },
            {
              "title": "#10 Validate Maybank as Payment Method",
              "fullTitle": "Test Payment Process #10 Validate Maybank as Payment Method",
              "timedOut": null,
              "duration": 8939,
              "state": "passed",
              "speed": "slow",
              "pass": true,
              "fail": false,
              "pending": false,
              "context": null,
              "code": "cy.visit(Cypress.env('quipper_plans'));\ncy.get('[id=\"1808\"]').within(function () {\n  cy.contains('Subscribe').click();\n});\ncy.contains('Bank Transfer').click(); //Choose Alfamart as Payment Method\ncy.get('[value=\"BIIVA\"]').click();\ncy.get('.PaymentMethodName').then(function ($chosenMethod) {\n  var chosen = $chosenMethod.text();\n  cy.wrap(chosen).as('chosenMethod');\n});\ncy.get('@chosenMethod').then(function (chosenMethod) {\n  expect(chosenMethod).to.equal(\"Bank Maybank\");\n});",
              "err": {},
              "uuid": "24aa14df-d979-4344-b000-669fd194eb1d",
              "parentUUID": "07f382cf-b771-45c5-bb04-78314c6ac75a",
              "isHook": false,
              "skipped": false
            },
            {
              "title": "#11 Validate Other Bank as Payment Method",
              "fullTitle": "Test Payment Process #11 Validate Other Bank as Payment Method",
              "timedOut": null,
              "duration": 8403,
              "state": "passed",
              "speed": "slow",
              "pass": true,
              "fail": false,
              "pending": false,
              "context": null,
              "code": "cy.visit(Cypress.env('quipper_plans'));\ncy.get('[id=\"1808\"]').within(function () {\n  cy.contains('Subscribe').click();\n});\ncy.contains('Bank Transfer').click(); //Choose Alfamart as Payment Method\ncy.get('[value=\"BANK_OTHER\"]').click();\ncy.get('.PaymentMethodName').then(function ($chosenMethod) {\n  var chosen = $chosenMethod.text();\n  cy.wrap(chosen).as('chosenMethod');\n});\ncy.get('@chosenMethod').then(function (chosenMethod) {\n  expect(chosenMethod).to.equal(\"Other Banks\");\n});",
              "err": {},
              "uuid": "db8797e8-d072-43cd-be12-967ef1959124",
              "parentUUID": "07f382cf-b771-45c5-bb04-78314c6ac75a",
              "isHook": false,
              "skipped": false
            },
            {
              "title": "#12 Test on Transitions to Payment Inforation Page",
              "fullTitle": "Test Payment Process #12 Test on Transitions to Payment Inforation Page",
              "timedOut": null,
              "duration": 8438,
              "state": "passed",
              "speed": "slow",
              "pass": true,
              "fail": false,
              "pending": false,
              "context": null,
              "code": "cy.visit(Cypress.env('quipper_plans'));\ncy.get('[id=\"1808\"]').within(function () {\n  cy.contains('Subscribe').click();\n}); //On the Payment Method Page\ncy.contains('Continue Payment').click(); //On the Payment Information Page\ncy.url().should('include', '/payment/information');",
              "err": {},
              "uuid": "750843bc-cf90-48f7-96bd-627e440e81ad",
              "parentUUID": "07f382cf-b771-45c5-bb04-78314c6ac75a",
              "isHook": false,
              "skipped": false
            },
            {
              "title": "#13 Payment Information Page Showing Correct Components",
              "fullTitle": "Test Payment Process #13 Payment Information Page Showing Correct Components",
              "timedOut": null,
              "duration": 8503,
              "state": "passed",
              "speed": "slow",
              "pass": true,
              "fail": false,
              "pending": false,
              "context": null,
              "code": "cy.visit(Cypress.env('quipper_plans'));\ncy.get('[id=\"1808\"]').within(function () {\n  cy.contains('Subscribe').click();\n}); //On the Payment Method Page\ncy.contains('Continue Payment').click(); //On the Payment Information Page\ncy.contains('Payment Method').should('have.class', 'Step');\ncy.contains('Payment Information').should('have.class', 'Step__active');\ncy.contains('Payer Name');\ncy.get('[name = \"name\"]');\ncy.contains('Payer Email Address');\ncy.get('[name = \"email\"]');\ncy.contains('Payer Phone Number');\ncy.get('[name = \"phone\"]');\ncy.contains('Complete Payment');",
              "err": {},
              "uuid": "e97332ad-e397-42c1-8f10-0bc5c648586f",
              "parentUUID": "07f382cf-b771-45c5-bb04-78314c6ac75a",
              "isHook": false,
              "skipped": false
            },
            {
              "title": "#14 Input Field Validation - Email",
              "fullTitle": "Test Payment Process #14 Input Field Validation - Email",
              "timedOut": null,
              "duration": 8608,
              "state": "passed",
              "speed": "slow",
              "pass": true,
              "fail": false,
              "pending": false,
              "context": null,
              "code": "cy.visit(Cypress.env('quipper_plans'));\ncy.get('[id=\"1808\"]').within(function () {\n  cy.contains('Subscribe').click();\n}); //On the Payment Method Page\ncy.contains('Continue Payment').click(); //On the Payment Information Page\ncy.contains('Email is required.');\ncy.get('[name=\"email\"]').type('1213aSAS;;;;');\ncy.contains('Please enter email in the correct format.');\ncy.get('[name=\"email\"]').type('{del}{selectall}{backspace}');\ncy.contains('Email is required.');",
              "err": {},
              "uuid": "83c8b7e3-b699-4f56-9899-8daf1c54f3cb",
              "parentUUID": "07f382cf-b771-45c5-bb04-78314c6ac75a",
              "isHook": false,
              "skipped": false
            }
          ],
          "suites": [],
          "passes": [
            "c45c0396-284b-41a5-8175-c6e084b92c0f",
            "50707e3e-bc2f-42f4-866e-af5e54ffecce",
            "6ab4e206-a8b9-4d55-af82-9d7b7e7090b5",
            "2f9dc44e-c63c-4ad9-b779-2bba0e7f0d2e",
            "28caf19c-c3ad-4583-bbbc-a7dadb2b1959",
            "5feca269-f884-4a0d-9aa7-6517ae397b54",
            "cf5f455a-36ea-4f88-82c2-1da4746f6978",
            "a0ddf9f7-135f-40bd-b751-1360ba60b387",
            "b548b9db-2b86-494f-8824-8edd5dc296df",
            "24aa14df-d979-4344-b000-669fd194eb1d",
            "db8797e8-d072-43cd-be12-967ef1959124",
            "750843bc-cf90-48f7-96bd-627e440e81ad",
            "e97332ad-e397-42c1-8f10-0bc5c648586f",
            "83c8b7e3-b699-4f56-9899-8daf1c54f3cb"
          ],
          "failures": [],
          "pending": [],
          "skipped": [],
          "duration": 122602,
          "root": false,
          "rootEmpty": false,
          "_timeout": 2000
        }
      ],
      "passes": [],
      "failures": [],
      "pending": [],
      "skipped": [],
      "duration": 0,
      "root": true,
      "rootEmpty": true,
      "_timeout": 2000
    }
  ],
  "meta": {
    "mocha": {
      "version": "7.0.1"
    },
    "mochawesome": {
      "options": {
        "quiet": false,
        "reportFilename": "mochawesome",
        "saveHtml": false,
        "saveJson": true,
        "consoleReporter": "spec",
        "useInlineDiffs": false,
        "code": true
      },
      "version": "6.1.1"
    },
    "marge": {
      "options": {
        "id": "default",
        "reportDir": "cypress/reports/mocha",
        "quite": true,
        "overwrite": false,
        "html": false,
        "json": true
      },
      "version": "5.1.0"
    }
  }
}