{
  "stats": {
    "suites": 1,
    "tests": 3,
    "passes": 3,
    "pending": 0,
    "failures": 0,
    "start": "2020-06-26T03:54:24.452Z",
    "end": "2020-06-26T03:55:21.400Z",
    "duration": 56948,
    "testsRegistered": 3,
    "passPercent": 100,
    "pendingPercent": 0,
    "other": 0,
    "hasOther": false,
    "skipped": 0,
    "hasSkipped": false
  },
  "results": [
    {
      "uuid": "4f23e200-cd79-4123-a74b-a1fe130f0a3d",
      "title": "",
      "fullFile": "cypress\\integration\\05-id-redeemActivationCode.js",
      "file": "cypress\\integration\\05-id-redeemActivationCode.js",
      "beforeHooks": [],
      "afterHooks": [],
      "tests": [],
      "suites": [
        {
          "uuid": "a849096a-a5b3-4f97-9119-554870179907",
          "title": "Test Redeem Activation Code Process",
          "fullFile": "",
          "file": "",
          "beforeHooks": [],
          "afterHooks": [],
          "tests": [
            {
              "title": "#1 Redeem Activation Code Page Loads Successfully",
              "fullTitle": "Test Redeem Activation Code Process #1 Redeem Activation Code Page Loads Successfully",
              "timedOut": null,
              "duration": 24261,
              "state": "passed",
              "speed": "slow",
              "pass": true,
              "fail": false,
              "pending": false,
              "context": null,
              "code": "cy.get('.AvatarMenu__Toggle--kz3Cn').click();\ncy.contains('Subscriptions').should('have.attr', 'href', Cypress.env('quipper_subscription'));\ncy.visit(Cypress.env('quipper_subscription'));\ncy.url().should('include', '/plans');\ncy.get('.PricingPlansWeb__redeem_activation').click();\ncy.url().should('include', '/activationcode');",
              "err": {},
              "uuid": "dfb332e8-7267-4714-b0d6-8c6ffd7b90c7",
              "parentUUID": "a849096a-a5b3-4f97-9119-554870179907",
              "isHook": false,
              "skipped": false
            },
            {
              "title": "#2 Page Showing Correct Components",
              "fullTitle": "Test Redeem Activation Code Process #2 Page Showing Correct Components",
              "timedOut": null,
              "duration": 17628,
              "state": "passed",
              "speed": "slow",
              "pass": true,
              "fail": false,
              "pending": false,
              "context": null,
              "code": "cy.get('.AvatarMenu__Toggle--kz3Cn').click();\ncy.contains('Subscriptions').should('have.attr', 'href', Cypress.env('quipper_subscription'));\ncy.visit(Cypress.env('quipper_subscription'));\ncy.url().should('include', '/plans');\ncy.get('.PricingPlansWeb__redeem_activation').click(); //Test the correct components\ncy.get('[name=\"activationCode\"]');\ncy.contains('Activate');\ncy.contains('Back to learning app');\ncy.contains('Subscriptions').should('have.attr', 'href', '/subscriptions');\ncy.contains('Orders').should('have.attr', 'href', '/orders');",
              "err": {},
              "uuid": "a1f35cdd-d09f-49b5-977b-054d28951950",
              "parentUUID": "a849096a-a5b3-4f97-9119-554870179907",
              "isHook": false,
              "skipped": false
            },
            {
              "title": "#3 Input Field Validation - Activation Code",
              "fullTitle": "Test Redeem Activation Code Process #3 Input Field Validation - Activation Code",
              "timedOut": null,
              "duration": 12216,
              "state": "passed",
              "speed": "slow",
              "pass": true,
              "fail": false,
              "pending": false,
              "context": null,
              "code": "cy.visit(Cypress.env('quipper_subscription'));\ncy.url().should('include', '/plans');\ncy.get('.PricingPlansWeb__redeem_activation').click();\ncy.get('[name = \"activationCode\"]').type('ASDA123');\ncy.contains('Activate').should('be.disabled');\ncy.get('[name=\"activationCode\"]').type('{del}{selectall}{backspace}');\ncy.get('[name=\"activationCode\"]').type('ASDASK233SDAS12S');\ncy.contains('Activate').should('not.be.disabled');",
              "err": {},
              "uuid": "cdf47edc-dba8-433b-9d56-1c04313de86a",
              "parentUUID": "a849096a-a5b3-4f97-9119-554870179907",
              "isHook": false,
              "skipped": false
            }
          ],
          "suites": [],
          "passes": [
            "dfb332e8-7267-4714-b0d6-8c6ffd7b90c7",
            "a1f35cdd-d09f-49b5-977b-054d28951950",
            "cdf47edc-dba8-433b-9d56-1c04313de86a"
          ],
          "failures": [],
          "pending": [],
          "skipped": [],
          "duration": 54105,
          "root": false,
          "rootEmpty": false,
          "_timeout": 2000
        }
      ],
      "passes": [],
      "failures": [],
      "pending": [],
      "skipped": [],
      "duration": 0,
      "root": true,
      "rootEmpty": true,
      "_timeout": 2000
    }
  ],
  "meta": {
    "mocha": {
      "version": "7.0.1"
    },
    "mochawesome": {
      "options": {
        "quiet": false,
        "reportFilename": "mochawesome",
        "saveHtml": false,
        "saveJson": true,
        "consoleReporter": "spec",
        "useInlineDiffs": false,
        "code": true
      },
      "version": "6.1.1"
    },
    "marge": {
      "options": {
        "id": "default",
        "reportDir": "cypress/reports/mocha",
        "quite": true,
        "overwrite": false,
        "html": false,
        "json": true
      },
      "version": "5.1.0"
    }
  }
}