{
  "stats": {
    "suites": 1,
    "tests": 1,
    "passes": 1,
    "pending": 0,
    "failures": 0,
    "start": "2020-07-08T05:26:20.247Z",
    "end": "2020-07-08T05:26:31.622Z",
    "duration": 11375,
    "testsRegistered": 1,
    "passPercent": 100,
    "pendingPercent": 0,
    "other": 0,
    "hasOther": false,
    "skipped": 0,
    "hasSkipped": false
  },
  "results": [
    {
      "uuid": "88014dcd-6c30-4017-833d-2389f1ba7e3d",
      "title": "",
      "fullFile": "cypress\\integration\\05-id-paymentProcess-unpaidOrder.js",
      "file": "cypress\\integration\\05-id-paymentProcess-unpaidOrder.js",
      "beforeHooks": [],
      "afterHooks": [],
      "tests": [],
      "suites": [
        {
          "uuid": "fc97a78c-abe1-4e00-bde7-9731464f1c06",
          "title": "Test Payment Process on Unpaid Order",
          "fullFile": "",
          "file": "",
          "beforeHooks": [],
          "afterHooks": [],
          "tests": [
            {
              "title": "#1 Try to check the order status",
              "fullTitle": "Test Payment Process on Unpaid Order #1 Try to check the order status",
              "timedOut": null,
              "duration": 8659,
              "state": "passed",
              "speed": "slow",
              "pass": true,
              "fail": false,
              "pending": false,
              "context": null,
              "code": "cy.visit(Cypress.env('quipper_subscription'));",
              "err": {},
              "uuid": "9f66b2a7-3601-4384-a937-9355c9138653",
              "parentUUID": "fc97a78c-abe1-4e00-bde7-9731464f1c06",
              "isHook": false,
              "skipped": false
            }
          ],
          "suites": [],
          "passes": [
            "9f66b2a7-3601-4384-a937-9355c9138653"
          ],
          "failures": [],
          "pending": [],
          "skipped": [],
          "duration": 8659,
          "root": false,
          "rootEmpty": false,
          "_timeout": 2000
        }
      ],
      "passes": [],
      "failures": [],
      "pending": [],
      "skipped": [],
      "duration": 0,
      "root": true,
      "rootEmpty": true,
      "_timeout": 2000
    }
  ],
  "meta": {
    "mocha": {
      "version": "7.0.1"
    },
    "mochawesome": {
      "options": {
        "quiet": false,
        "reportFilename": "mochawesome",
        "saveHtml": false,
        "saveJson": true,
        "consoleReporter": "spec",
        "useInlineDiffs": false,
        "code": true
      },
      "version": "6.1.1"
    },
    "marge": {
      "options": {
        "id": "default",
        "reportDir": "cypress/reports/mocha",
        "quite": true,
        "overwrite": false,
        "html": false,
        "json": true
      },
      "version": "5.1.0"
    }
  }
}