{
  "stats": {
    "suites": 1,
    "tests": 5,
    "passes": 5,
    "pending": 0,
    "failures": 0,
    "start": "2020-07-20T06:48:52.237Z",
    "end": "2020-07-20T06:50:26.438Z",
    "duration": 94201,
    "testsRegistered": 5,
    "passPercent": 100,
    "pendingPercent": 0,
    "other": 0,
    "hasOther": false,
    "skipped": 0,
    "hasSkipped": false
  },
  "results": [
    {
      "uuid": "5dfc7399-1096-4bb8-becf-ad3a49a8d498",
      "title": "",
      "fullFile": "cypress\\integration\\03-id-subscribeProcess-embed.js",
      "file": "cypress\\integration\\03-id-subscribeProcess-embed.js",
      "beforeHooks": [],
      "afterHooks": [],
      "tests": [],
      "suites": [
        {
          "uuid": "15463574-0fdd-4dbe-befd-19b7f3db55cb",
          "title": "Test Subscribe Process - EMBED Page",
          "fullFile": "",
          "file": "",
          "beforeHooks": [],
          "afterHooks": [],
          "tests": [
            {
              "title": "#1 Select a Plan Embed Page Showing Components Correctly",
              "fullTitle": "Test Subscribe Process - EMBED Page #1 Select a Plan Embed Page Showing Components Correctly",
              "timedOut": null,
              "duration": 26371,
              "state": "passed",
              "speed": "slow",
              "pass": true,
              "fail": false,
              "pending": false,
              "context": null,
              "code": "cy.visit(Cypress.env('quipper_plans_embed'));\ncy.get('[id=\"category-btn-SMA\"]').click();\ncy.get('[id=\"category-2\"]').should('have.class', 'PricingPlans');\ncy.get('[id=\"category-btn-SMP\"]').click();\ncy.get('[id=\"category-1\"]').should('have.class', 'PricingPlans');\ncy.get('[id=\"category-btn-SMA\"]').click();",
              "err": {},
              "uuid": "b1dc6f26-4d9e-4786-9b11-bd9441ebe388",
              "parentUUID": "15463574-0fdd-4dbe-befd-19b7f3db55cb",
              "isHook": false,
              "skipped": false
            },
            {
              "title": "#2 Subscribe Button Functionality",
              "fullTitle": "Test Subscribe Process - EMBED Page #2 Subscribe Button Functionality",
              "timedOut": null,
              "duration": 18622,
              "state": "passed",
              "speed": "slow",
              "pass": true,
              "fail": false,
              "pending": false,
              "context": null,
              "code": "cy.visit(Cypress.env('quipper_plans_embed'));\ncy.url().should('include', '/embed/plans'); //Test Subscribe Button Each Pricing Plan\ncy.get('[id=\"1819\"]').within(function () {\n  cy.contains('Subscribe').click();\n});\ncy.get('.PaymentHeader__icon').click();\ncy.wait(1000);\ncy.get('[id=\"1818\"]').within(function () {\n  cy.contains('Subscribe').click();\n});\ncy.get('.PaymentHeader__icon').click();\ncy.wait(1000);\ncy.get('[id=\"1820\"]').within(function () {\n  cy.contains('Subscribe').click();\n});\ncy.get('.PaymentHeader__icon').click();",
              "err": {},
              "uuid": "3ddc3451-3628-4100-9b62-f5226c15d44e",
              "parentUUID": "15463574-0fdd-4dbe-befd-19b7f3db55cb",
              "isHook": false,
              "skipped": false
            },
            {
              "title": "#3 Paket Intensif SMA Integration with Payment Method Page",
              "fullTitle": "Test Subscribe Process - EMBED Page #3 Paket Intensif SMA Integration with Payment Method Page",
              "timedOut": null,
              "duration": 15523,
              "state": "passed",
              "speed": "slow",
              "pass": true,
              "fail": false,
              "pending": false,
              "context": null,
              "code": "cy.visit(Cypress.env('quipper_plans_embed'));\ncy.url().should('include', '/embed/plans');\ncy.get('[id=\"1819\"]').within(function () {\n  //Get the Pricing Plan Title from Select a Plan Page\n  cy.get('.PricingPlan__title').then(function ($title) {\n    var txt = $title.text();\n    cy.wrap(txt).as('planName');\n  }); //Get the Price from Select a Plan page\n  cy.get('.PricingPlan__price').then(function ($price) {\n    var prc = $price.text();\n    cy.wrap(prc).as('planPrice');\n  });\n  cy.contains('Subscribe').click();\n});\ncy.url().should('include', '/embed/payment/methods');\ncy.get('.gtm-app-continue-payment').click();\ncy.get('@planName').then(function (planName) {\n  cy.get('@planPrice').then(function (planPrice) {\n    cy.get('.Invoice').should('contain', planName);\n    cy.get('.Invoice').should('contain', planPrice);\n  });\n});",
              "err": {},
              "uuid": "ce20bfd6-8a9b-496a-94ea-2c557ce65157",
              "parentUUID": "15463574-0fdd-4dbe-befd-19b7f3db55cb",
              "isHook": false,
              "skipped": false
            },
            {
              "title": "#4 Paket Regular SMA Integration with Payment Method Page",
              "fullTitle": "Test Subscribe Process - EMBED Page #4 Paket Regular SMA Integration with Payment Method Page",
              "timedOut": null,
              "duration": 14787,
              "state": "passed",
              "speed": "slow",
              "pass": true,
              "fail": false,
              "pending": false,
              "context": null,
              "code": "cy.visit(Cypress.env('quipper_plans_embed'));\ncy.url().should('include', '/embed/plans');\ncy.get('[id=\"1818\"]').within(function () {\n  //Get the Pricing Plan Title from Select a Plan Page\n  cy.get('.PricingPlan__title').then(function ($title) {\n    var txt = $title.text();\n    cy.wrap(txt).as('planName');\n  }); //Get the Price from Select a Plan page\n  cy.get('.PricingPlan__price').then(function ($price) {\n    var prc = $price.text();\n    cy.wrap(prc).as('planPrice');\n  });\n  cy.contains('Subscribe').click();\n});\ncy.url().should('include', '/embed/payment/methods');\ncy.get('.gtm-app-continue-payment').click();\ncy.get('@planName').then(function (planName) {\n  cy.get('@planPrice').then(function (planPrice) {\n    cy.get('.Invoice').should('contain', planName);\n    cy.get('.Invoice').should('contain', planPrice);\n  });\n});",
              "err": {},
              "uuid": "daf7a43b-be43-4459-a8b9-2fddc7a66ce7",
              "parentUUID": "15463574-0fdd-4dbe-befd-19b7f3db55cb",
              "isHook": false,
              "skipped": false
            },
            {
              "title": "#5 Paket Intensif SMA + 3 Bulan Masterclass Integration with Payment Method Page",
              "fullTitle": "Test Subscribe Process - EMBED Page #5 Paket Intensif SMA + 3 Bulan Masterclass Integration with Payment Method Page",
              "timedOut": null,
              "duration": 15229,
              "state": "passed",
              "speed": "slow",
              "pass": true,
              "fail": false,
              "pending": false,
              "context": null,
              "code": "cy.visit(Cypress.env('quipper_plans_embed'));\ncy.url().should('include', '/embed/plans');\ncy.get('[id=\"1820\"]').within(function () {\n  //Get the Pricing Plan Title from Select a Plan Page\n  cy.get('.PricingPlan__title').then(function ($title) {\n    var txt = $title.text();\n    cy.wrap(txt).as('planName');\n  }); //Get the Price from Select a Plan page\n  cy.get('.PricingPlan__price').then(function ($price) {\n    var prc = $price.text();\n    cy.wrap(prc).as('planPrice');\n  });\n  cy.contains('Subscribe').click();\n});\ncy.url().should('include', '/embed/payment/methods');\ncy.get('.gtm-app-continue-payment').click();\ncy.get('@planName').then(function (planName) {\n  cy.get('@planPrice').then(function (planPrice) {\n    cy.get('.Invoice').should('contain', planName);\n    cy.get('.Invoice').should('contain', planPrice);\n  });\n});",
              "err": {},
              "uuid": "6ca16fb4-9fc7-4709-b9d1-847664837d32",
              "parentUUID": "15463574-0fdd-4dbe-befd-19b7f3db55cb",
              "isHook": false,
              "skipped": false
            }
          ],
          "suites": [],
          "passes": [
            "b1dc6f26-4d9e-4786-9b11-bd9441ebe388",
            "3ddc3451-3628-4100-9b62-f5226c15d44e",
            "ce20bfd6-8a9b-496a-94ea-2c557ce65157",
            "daf7a43b-be43-4459-a8b9-2fddc7a66ce7",
            "6ca16fb4-9fc7-4709-b9d1-847664837d32"
          ],
          "failures": [],
          "pending": [],
          "skipped": [],
          "duration": 90532,
          "root": false,
          "rootEmpty": false,
          "_timeout": 2000
        }
      ],
      "passes": [],
      "failures": [],
      "pending": [],
      "skipped": [],
      "duration": 0,
      "root": true,
      "rootEmpty": true,
      "_timeout": 2000
    }
  ],
  "meta": {
    "mocha": {
      "version": "7.0.1"
    },
    "mochawesome": {
      "options": {
        "quiet": false,
        "reportFilename": "mochawesome",
        "saveHtml": false,
        "saveJson": true,
        "consoleReporter": "spec",
        "useInlineDiffs": false,
        "code": true
      },
      "version": "6.1.1"
    },
    "marge": {
      "options": {
        "id": "default",
        "reportDir": "cypress/reports/mocha",
        "quite": true,
        "overwrite": false,
        "html": false,
        "json": true
      },
      "version": "5.1.0"
    }
  }
}