{
  "stats": {
    "suites": 1,
    "tests": 7,
    "passes": 7,
    "pending": 0,
    "failures": 0,
    "start": "2020-07-16T03:24:17.087Z",
    "end": "2020-07-16T03:25:38.003Z",
    "duration": 80916,
    "testsRegistered": 7,
    "passPercent": 100,
    "pendingPercent": 0,
    "other": 0,
    "hasOther": false,
    "skipped": 0,
    "hasSkipped": false
  },
  "results": [
    {
      "uuid": "aee9c50d-1165-4d00-a49f-68cc3f6d056c",
      "title": "",
      "fullFile": "cypress\\integration\\05-id-subscribeProcess-unpaidOrder.js",
      "file": "cypress\\integration\\05-id-subscribeProcess-unpaidOrder.js",
      "beforeHooks": [],
      "afterHooks": [],
      "tests": [],
      "suites": [
        {
          "uuid": "da9962e3-3ccf-48df-96f6-551e1b727e24",
          "title": "Test Subscribe Process on Unpaid Order",
          "fullFile": "",
          "file": "",
          "beforeHooks": [],
          "afterHooks": [],
          "tests": [
            {
              "title": "#1 Dashboard Showing the Correct Components",
              "fullTitle": "Test Subscribe Process on Unpaid Order #1 Dashboard Showing the Correct Components",
              "timedOut": null,
              "duration": 11075,
              "state": "passed",
              "speed": "slow",
              "pass": true,
              "fail": false,
              "pending": false,
              "context": null,
              "code": "cy.wait(4000);\ncy.contains('Complete your payment to access the learning materials');\ncy.contains('Check your order');\ncy.get('.AvatarMenu__Toggle--kz3Cn').click();\ncy.contains('Subscriptions').should('have.attr', 'href', Cypress.env('quipper_subscription'));",
              "err": {},
              "uuid": "007cab12-74b8-4a50-bf46-2f6d1e46074d",
              "parentUUID": "da9962e3-3ccf-48df-96f6-551e1b727e24",
              "isHook": false,
              "skipped": false
            },
            {
              "title": "#2 Access Subscription Page",
              "fullTitle": "Test Subscribe Process on Unpaid Order #2 Access Subscription Page",
              "timedOut": null,
              "duration": 11743,
              "state": "passed",
              "speed": "slow",
              "pass": true,
              "fail": false,
              "pending": false,
              "context": null,
              "code": "cy.visit(Cypress.env('quipper_subscription'));\ncy.wait(1000);\ncy.url().should('include', '/subscriptions'); //cy.contains('Subscriptions').should('have.attr', 'href', '/subscriptions')\ncy.contains('Orders').should('have.attr', 'href', '/orders');\ncy.contains('Redeem Activation Code').should('have.attr', 'href', '/activationcode');\ncy.contains('You do not have any active plans.');\ncy.get('.button.is-info').should('have.attr', 'href', '/plans');\ncy.contains('History').click();\ncy.wait(2000);\ncy.url().should('include', '/subscriptions/history');",
              "err": {},
              "uuid": "de1723e2-c48e-40c1-b3fb-245ca3fb1ca8",
              "parentUUID": "da9962e3-3ccf-48df-96f6-551e1b727e24",
              "isHook": false,
              "skipped": false
            },
            {
              "title": "#3 Access Order Page",
              "fullTitle": "Test Subscribe Process on Unpaid Order #3 Access Order Page",
              "timedOut": null,
              "duration": 7511,
              "state": "passed",
              "speed": "slow",
              "pass": true,
              "fail": false,
              "pending": false,
              "context": null,
              "code": "cy.visit(Cypress.env('quipper_subscription'));\ncy.url().should('include', '/subscriptions');\ncy.wait(1000);\ncy.contains('Orders').click();\ncy.url().should('include', '/orders');\ncy.get('.Countdown');\ncy.get('.OrderStatus--pending').click();\ncy.url().should('include', '/orders/');",
              "err": {},
              "uuid": "a27ffc06-256f-44d2-9e27-9fd76f51928c",
              "parentUUID": "da9962e3-3ccf-48df-96f6-551e1b727e24",
              "isHook": false,
              "skipped": false
            },
            {
              "title": "#4 Validate on Data Consistency from /Orders Page to Payment Slip",
              "fullTitle": "Test Subscribe Process on Unpaid Order #4 Validate on Data Consistency from /Orders Page to Payment Slip",
              "timedOut": null,
              "duration": 7980,
              "state": "passed",
              "speed": "slow",
              "pass": true,
              "fail": false,
              "pending": false,
              "context": null,
              "code": "cy.visit(Cypress.env('quipper_orders'));\ncy.url().should('include', '/orders');\ncy.wait(1000); //Get Ordered Plan Title\ncy.get('.order-plan').then(function ($title) {\n  var titel = $title.text();\n  cy.wrap(titel).as('orderedPlanName');\n}); //Get Ordered Plan Price\ncy.get('.order-price').then(function ($price) {\n  var harga = $price.text();\n  cy.wrap(harga).as('orderedPlanPrice');\n});\ncy.get('.OrderStatus--pending').click(); //Get Plan Title from Payment Slip\ncy.get('.AccordionSection__title').then(function ($nama) {\n  var judul = $nama.text();\n  cy.wrap(judul).as('paymentSlipPlanName');\n}); //Get Plan Price from Payment Slip\ncy.get('.Amount__final').then(function ($amount) {\n  var bayar = $amount.text();\n  cy.wrap(bayar).as('paymentSlipPlanPrice');\n}); //Validate on Ordered Pricing Plan Title Data\ncy.get('@orderedPlanName').then(function (orderedPlanName) {\n  cy.get('@paymentSlipPlanName').then(function (paymentSlipPlanName) {\n    expect(orderedPlanName).to.equal(paymentSlipPlanName);\n  });\n}); //validate on Ordered Pricing Plan Price Data\ncy.get('@orderedPlanPrice').then(function (orderedPlanPrice) {\n  cy.get('@paymentSlipPlanPrice').then(function (paymentSlipPlanPrice) {\n    expect(orderedPlanPrice).to.equal(paymentSlipPlanPrice);\n  });\n});",
              "err": {},
              "uuid": "f0f9d0ee-8c40-484c-989e-22f6fc5f0c38",
              "parentUUID": "da9962e3-3ccf-48df-96f6-551e1b727e24",
              "isHook": false,
              "skipped": false
            },
            {
              "title": "#5 Validate on Download Payment Slip PDF from Website",
              "fullTitle": "Test Subscribe Process on Unpaid Order #5 Validate on Download Payment Slip PDF from Website",
              "timedOut": null,
              "duration": 9991,
              "state": "passed",
              "speed": "slow",
              "pass": true,
              "fail": false,
              "pending": false,
              "context": null,
              "code": "cy.visit(Cypress.env('quipper_orders'));\ncy.url().should('include', '/orders');\ncy.wait(1000);\ncy.get('.OrderStatus--pending').click();\ncy.location('href').then(function (loc) {\n  var url = loc.toString();\n  cy.wrap(url).as('URL');\n});\ncy.get('@URL').then(function (URL) {\n  var ID1 = URL.split(\"https://subscribe.quipper.com/orders/\");\n  var ID = ID1[1];\n  cy.wrap(ID).as('IDPaymentSlip');\n});\nvar downloadFile = Cypress.env('quipper_dl_orders');\ncy.get('@IDPaymentSlip').then(function (IDPaymentSlip) {\n  var linkDL = downloadFile.concat(IDPaymentSlip);\n  var linkDL2 = linkDL.concat(\"/payment_slip\");\n  cy.wrap(linkDL2).as('LinkDL');\n});\ncy.get('@LinkDL').then(function (LinkDL) {\n  cy.get('@IDPaymentSlip').then(function (IDPaymentSlip) {\n    var fileName = IDPaymentSlip.concat(\".pdf\");\n    cy.downloadFile(LinkDL, 'downloaded', fileName); //cy.wrap(fileName).as('DownloadedFileName')\n  });\n}); // Test Read PDF File\n// cy.get('@DownloadedFileName').then(DownloadedFileName => {\n//     cy.task('getPdfContent', DownloadedFileName).then(content => {\n//         const teks = content.toString()\n//         cy.wrap(teks).as('KONTEN')\n//     })\n// })\n// cy.task('getPdfContent', '2076398.pdf').then(content => {\n//     const teks = content.toString()\n//     cy.wrap(teks).as('KONTEN')\n// })",
              "err": {},
              "uuid": "d7c574e6-9a2e-42fb-a74c-39e710143e97",
              "parentUUID": "da9962e3-3ccf-48df-96f6-551e1b727e24",
              "isHook": false,
              "skipped": false
            },
            {
              "title": "#6 Validate on Payment Slip PDF Data from Website",
              "fullTitle": "Test Subscribe Process on Unpaid Order #6 Validate on Payment Slip PDF Data from Website",
              "timedOut": null,
              "duration": 11252,
              "state": "passed",
              "speed": "slow",
              "pass": true,
              "fail": false,
              "pending": false,
              "context": null,
              "code": "cy.visit(Cypress.env('quipper_orders'));\ncy.url().should('include', '/orders');\ncy.get('.OrderStatus--pending').click(); //Get Pricing Plan Title\ncy.get('.AccordionSection__title').then(function ($judul) {\n  var planTitle = $judul.text();\n  cy.wrap(planTitle).as('PricingPlanTitle');\n}); //Get Pricing Plan Price\ncy.get('.Amount__final').then(function ($harga) {\n  var planPrice = $harga.text();\n  cy.wrap(planPrice).as('PricingPlanPrice');\n}); //Get Payment Code\ncy.get('.PaymentCode__transaction-ref').then(function ($code) {\n  var planPayCode = $code.text();\n  cy.wrap(planPayCode).as('PaymentCode');\n});\ncy.location('href').then(function (loc) {\n  var url = loc.toString();\n  cy.wrap(url).as('URL');\n});\ncy.get('@URL').then(function (URL) {\n  var ID1 = URL.split(\"https://subscribe.quipper.com/orders/\");\n  var ID = ID1[1];\n  cy.wrap(ID).as('IDPaymentSlip');\n});\ncy.get('@IDPaymentSlip').then(function (IDPaymentSlip) {\n  var fileName = IDPaymentSlip.concat(\".pdf\");\n  cy.wrap(fileName).as('DownloadedFileName');\n});\ncy.get('@DownloadedFileName').then(function (DownloadedFileName) {\n  cy.task('getPdfContent', DownloadedFileName).then(function (content) {\n    var teks = content.toString();\n    cy.wrap(teks).as('PDFContent');\n  });\n}); //Validate Pricing Plan Title on PDF\ncy.get('@PricingPlanTitle').then(function (PricingPlanTitle) {\n  cy.get('@PDFContent').then(function (PDFContent) {\n    expect(PDFContent).to.contain(PricingPlanTitle);\n  });\n});\ncy.get('@PricingPlanPrice').then(function (PricingPlanPrice) {\n  cy.get('@PDFContent').then(function (PDFContent) {\n    expect(PDFContent).to.contain(PricingPlanPrice);\n  });\n});\ncy.get('@PaymentCode').then(function (PaymentCode) {\n  cy.get('@PDFContent').then(function (PDFContent) {\n    expect(PDFContent).to.contain(PaymentCode);\n  });\n});",
              "err": {},
              "uuid": "af5e17e3-50bb-4bd3-bb3e-7ec4e5717404",
              "parentUUID": "da9962e3-3ccf-48df-96f6-551e1b727e24",
              "isHook": false,
              "skipped": false
            },
            {
              "title": "#7 Validate on Change Order Button",
              "fullTitle": "Test Subscribe Process on Unpaid Order #7 Validate on Change Order Button",
              "timedOut": null,
              "duration": 17952,
              "state": "passed",
              "speed": "slow",
              "pass": true,
              "fail": false,
              "pending": false,
              "context": null,
              "code": "cy.visit(Cypress.env('quipper_orders'));\ncy.url().should('include', '/orders');\ncy.wait(1000);\ncy.get('.OrderStatus--pending').click();\ncy.contains('Change order').click();\ncy.wait(1000);\ncy.url().should('include', '/plans');\ncy.contains('Check Order');\ncy.contains('Create New Order');\ncy.contains('Check Order').click();",
              "err": {},
              "uuid": "cf5b1f6e-82fb-4f96-bedc-95dbd71e9e32",
              "parentUUID": "da9962e3-3ccf-48df-96f6-551e1b727e24",
              "isHook": false,
              "skipped": false
            }
          ],
          "suites": [],
          "passes": [
            "007cab12-74b8-4a50-bf46-2f6d1e46074d",
            "de1723e2-c48e-40c1-b3fb-245ca3fb1ca8",
            "a27ffc06-256f-44d2-9e27-9fd76f51928c",
            "f0f9d0ee-8c40-484c-989e-22f6fc5f0c38",
            "d7c574e6-9a2e-42fb-a74c-39e710143e97",
            "af5e17e3-50bb-4bd3-bb3e-7ec4e5717404",
            "cf5b1f6e-82fb-4f96-bedc-95dbd71e9e32"
          ],
          "failures": [],
          "pending": [],
          "skipped": [],
          "duration": 77504,
          "root": false,
          "rootEmpty": false,
          "_timeout": 2000
        }
      ],
      "passes": [],
      "failures": [],
      "pending": [],
      "skipped": [],
      "duration": 0,
      "root": true,
      "rootEmpty": true,
      "_timeout": 2000
    }
  ],
  "meta": {
    "mocha": {
      "version": "7.0.1"
    },
    "mochawesome": {
      "options": {
        "quiet": false,
        "reportFilename": "mochawesome",
        "saveHtml": false,
        "saveJson": true,
        "consoleReporter": "spec",
        "useInlineDiffs": false,
        "code": true
      },
      "version": "6.1.1"
    },
    "marge": {
      "options": {
        "id": "default",
        "reportDir": "cypress/reports/mocha",
        "quite": true,
        "overwrite": false,
        "html": false,
        "json": true
      },
      "version": "5.1.0"
    }
  }
}