{
  "stats": {
    "suites": 1,
    "tests": 12,
    "passes": 12,
    "pending": 0,
    "failures": 0,
    "start": "2020-06-25T10:38:50.806Z",
    "end": "2020-06-25T10:40:42.148Z",
    "duration": 111342,
    "testsRegistered": 12,
    "passPercent": 100,
    "pendingPercent": 0,
    "other": 0,
    "hasOther": false,
    "skipped": 0,
    "hasSkipped": false
  },
  "results": [
    {
      "uuid": "bbe19409-5248-499d-b700-244f121eb728",
      "title": "",
      "fullFile": "cypress\\integration\\03-id-paymentProcess.js",
      "file": "cypress\\integration\\03-id-paymentProcess.js",
      "beforeHooks": [],
      "afterHooks": [],
      "tests": [],
      "suites": [
        {
          "uuid": "6f6e85b7-444b-4848-91de-29868f81db84",
          "title": "Test Payment Process",
          "fullFile": "",
          "file": "",
          "beforeHooks": [],
          "afterHooks": [],
          "tests": [
            {
              "title": "#1 Payment Method Page Successfully Loads",
              "fullTitle": "Test Payment Process #1 Payment Method Page Successfully Loads",
              "timedOut": null,
              "duration": 15154,
              "state": "passed",
              "speed": "slow",
              "pass": true,
              "fail": false,
              "pending": false,
              "context": null,
              "code": "cy.visit(Cypress.env('quipper_plans'));\ncy.get('[id=\"1808\"]').within(function () {\n  cy.contains('Subscribe').click();\n});\ncy.url().should('include', '/payment/methods');",
              "err": {},
              "uuid": "c5f3c90d-8922-4859-aa9d-1caff88a673d",
              "parentUUID": "6f6e85b7-444b-4848-91de-29868f81db84",
              "isHook": false,
              "skipped": false
            },
            {
              "title": "#2 Payment Method Page Showing Correct Components",
              "fullTitle": "Test Payment Process #2 Payment Method Page Showing Correct Components",
              "timedOut": null,
              "duration": 9913,
              "state": "passed",
              "speed": "slow",
              "pass": true,
              "fail": false,
              "pending": false,
              "context": null,
              "code": "cy.visit(Cypress.env('quipper_plans'));\ncy.get('[id=\"1808\"]').within(function () {\n  cy.contains('Subscribe').click();\n});\ncy.wait(1000); //Test the showed components\ncy.contains('Payment Method').should('have.class', 'Step__active');\ncy.contains('Payment Information').should('have.class', 'Step');\ncy.get('.HeaderTitle__back');\ncy.contains('Kiosk').click();\ncy.get('[value=\"ALFAMART\"]');\ncy.get('[value=\"INDOMARET\"]');\ncy.contains('Bank Transfer').click();\ncy.get('[value=\"BNI\"]');\ncy.get('[value=\"MANDIRI\"]');\ncy.get('[value=\"PERMATA\"]');\ncy.get('[value=\"DANAMON\"]');\ncy.get('[value=\"CIMBVA\"]');\ncy.get('[value=\"BIIVA\"]');\ncy.get('[value=\"BANK_OTHER\"]');\ncy.get('.Input--disabled');\ncy.contains('Apply');\ncy.contains('Continue Payment');",
              "err": {},
              "uuid": "dae766e0-c7be-4a55-b209-629c62f86683",
              "parentUUID": "6f6e85b7-444b-4848-91de-29868f81db84",
              "isHook": false,
              "skipped": false
            },
            {
              "title": "#3 Validate Alfamart as Payment Method",
              "fullTitle": "Test Payment Process #3 Validate Alfamart as Payment Method",
              "timedOut": null,
              "duration": 8063,
              "state": "passed",
              "speed": "slow",
              "pass": true,
              "fail": false,
              "pending": false,
              "context": null,
              "code": "cy.visit(Cypress.env('quipper_plans'));\ncy.get('[id=\"1808\"]').within(function () {\n  cy.contains('Subscribe').click();\n}); //Choose Alfamart as Payment Method\ncy.get('[value=\"ALFAMART\"]').click();\ncy.get('.PaymentMethodName').then(function ($chosenMethod) {\n  var chosen = $chosenMethod.text();\n  cy.wrap(chosen).as('chosenMethod');\n});\ncy.get('@chosenMethod').then(function (chosenMethod) {\n  expect(chosenMethod).to.equal(\"Alfamart\");\n});",
              "err": {},
              "uuid": "d40ee7c3-fc15-4756-8394-9847b2e5c129",
              "parentUUID": "6f6e85b7-444b-4848-91de-29868f81db84",
              "isHook": false,
              "skipped": false
            },
            {
              "title": "#4 Validate Indomaret as Payment Method",
              "fullTitle": "Test Payment Process #4 Validate Indomaret as Payment Method",
              "timedOut": null,
              "duration": 8626,
              "state": "passed",
              "speed": "slow",
              "pass": true,
              "fail": false,
              "pending": false,
              "context": null,
              "code": "cy.visit(Cypress.env('quipper_plans'));\ncy.get('[id=\"1808\"]').within(function () {\n  cy.contains('Subscribe').click();\n}); //Choose Alfamart as Payment Method\ncy.get('[value=\"INDOMARET\"]').click();\ncy.get('.PaymentMethodName').then(function ($chosenMethod) {\n  var chosen = $chosenMethod.text();\n  cy.wrap(chosen).as('chosenMethod');\n});\ncy.get('@chosenMethod').then(function (chosenMethod) {\n  expect(chosenMethod).to.equal(\"Indomaret\");\n});",
              "err": {},
              "uuid": "d15c2346-e990-4abc-a417-de87b6ee0973",
              "parentUUID": "6f6e85b7-444b-4848-91de-29868f81db84",
              "isHook": false,
              "skipped": false
            },
            {
              "title": "#5 Validate BNI as Payment Method",
              "fullTitle": "Test Payment Process #5 Validate BNI as Payment Method",
              "timedOut": null,
              "duration": 8269,
              "state": "passed",
              "speed": "slow",
              "pass": true,
              "fail": false,
              "pending": false,
              "context": null,
              "code": "cy.visit(Cypress.env('quipper_plans'));\ncy.get('[id=\"1808\"]').within(function () {\n  cy.contains('Subscribe').click();\n});\ncy.contains('Bank Transfer').click(); //Choose Alfamart as Payment Method\ncy.get('[value=\"BNI\"]').click();\ncy.get('.PaymentMethodName').then(function ($chosenMethod) {\n  var chosen = $chosenMethod.text();\n  cy.wrap(chosen).as('chosenMethod');\n});\ncy.get('@chosenMethod').then(function (chosenMethod) {\n  expect(chosenMethod).to.equal(\"Bank BNI\");\n});",
              "err": {},
              "uuid": "0060095e-5159-4f05-9ab3-d6244215a309",
              "parentUUID": "6f6e85b7-444b-4848-91de-29868f81db84",
              "isHook": false,
              "skipped": false
            },
            {
              "title": "#6 Validate Mandiri as Payment Method",
              "fullTitle": "Test Payment Process #6 Validate Mandiri as Payment Method",
              "timedOut": null,
              "duration": 8618,
              "state": "passed",
              "speed": "slow",
              "pass": true,
              "fail": false,
              "pending": false,
              "context": null,
              "code": "cy.visit(Cypress.env('quipper_plans'));\ncy.get('[id=\"1808\"]').within(function () {\n  cy.contains('Subscribe').click();\n});\ncy.contains('Bank Transfer').click(); //Choose Alfamart as Payment Method\ncy.get('[value=\"MANDIRI\"]').click();\ncy.get('.PaymentMethodName').then(function ($chosenMethod) {\n  var chosen = $chosenMethod.text();\n  cy.wrap(chosen).as('chosenMethod');\n});\ncy.get('@chosenMethod').then(function (chosenMethod) {\n  expect(chosenMethod).to.equal(\"Bank Mandiri\");\n});",
              "err": {},
              "uuid": "34dcc51a-645c-4a06-b2ef-021fb119654f",
              "parentUUID": "6f6e85b7-444b-4848-91de-29868f81db84",
              "isHook": false,
              "skipped": false
            },
            {
              "title": "#7 Validate Permata Bank as Payment Method",
              "fullTitle": "Test Payment Process #7 Validate Permata Bank as Payment Method",
              "timedOut": null,
              "duration": 8963,
              "state": "passed",
              "speed": "slow",
              "pass": true,
              "fail": false,
              "pending": false,
              "context": null,
              "code": "cy.visit(Cypress.env('quipper_plans'));\ncy.get('[id=\"1808\"]').within(function () {\n  cy.contains('Subscribe').click();\n});\ncy.contains('Bank Transfer').click(); //Choose Alfamart as Payment Method\ncy.get('[value=\"PERMATA\"]').click();\ncy.get('.PaymentMethodName').then(function ($chosenMethod) {\n  var chosen = $chosenMethod.text();\n  cy.wrap(chosen).as('chosenMethod');\n});\ncy.get('@chosenMethod').then(function (chosenMethod) {\n  expect(chosenMethod).to.equal(\"Bank Permata\");\n});",
              "err": {},
              "uuid": "72d31a54-d0a1-4e04-bef8-15f63628cad5",
              "parentUUID": "6f6e85b7-444b-4848-91de-29868f81db84",
              "isHook": false,
              "skipped": false
            },
            {
              "title": "#8 Validate Danamon as Payment Method",
              "fullTitle": "Test Payment Process #8 Validate Danamon as Payment Method",
              "timedOut": null,
              "duration": 7615,
              "state": "passed",
              "speed": "slow",
              "pass": true,
              "fail": false,
              "pending": false,
              "context": null,
              "code": "cy.visit(Cypress.env('quipper_plans'));\ncy.get('[id=\"1808\"]').within(function () {\n  cy.contains('Subscribe').click();\n});\ncy.contains('Bank Transfer').click(); //Choose Alfamart as Payment Method\ncy.get('[value=\"DANAMON\"]').click();\ncy.get('.PaymentMethodName').then(function ($chosenMethod) {\n  var chosen = $chosenMethod.text();\n  cy.wrap(chosen).as('chosenMethod');\n});\ncy.get('@chosenMethod').then(function (chosenMethod) {\n  expect(chosenMethod).to.equal(\"Bank Danamon\");\n});",
              "err": {},
              "uuid": "5d37bf76-29ac-43f2-b846-0d66442c7be5",
              "parentUUID": "6f6e85b7-444b-4848-91de-29868f81db84",
              "isHook": false,
              "skipped": false
            },
            {
              "title": "#9 Validate CIMB Niaga as Payment Method",
              "fullTitle": "Test Payment Process #9 Validate CIMB Niaga as Payment Method",
              "timedOut": null,
              "duration": 8275,
              "state": "passed",
              "speed": "slow",
              "pass": true,
              "fail": false,
              "pending": false,
              "context": null,
              "code": "cy.visit(Cypress.env('quipper_plans'));\ncy.get('[id=\"1808\"]').within(function () {\n  cy.contains('Subscribe').click();\n});\ncy.contains('Bank Transfer').click(); //Choose Alfamart as Payment Method\ncy.get('[value=\"CIMBVA\"]').click();\ncy.get('.PaymentMethodName').then(function ($chosenMethod) {\n  var chosen = $chosenMethod.text();\n  cy.wrap(chosen).as('chosenMethod');\n});\ncy.get('@chosenMethod').then(function (chosenMethod) {\n  expect(chosenMethod).to.equal(\"Bank CIMB Niaga\");\n});",
              "err": {},
              "uuid": "b10a1d08-39fb-4086-bbb3-4fea2314a81e",
              "parentUUID": "6f6e85b7-444b-4848-91de-29868f81db84",
              "isHook": false,
              "skipped": false
            },
            {
              "title": "#10 Validate Maybank as Payment Method",
              "fullTitle": "Test Payment Process #10 Validate Maybank as Payment Method",
              "timedOut": null,
              "duration": 8023,
              "state": "passed",
              "speed": "slow",
              "pass": true,
              "fail": false,
              "pending": false,
              "context": null,
              "code": "cy.visit(Cypress.env('quipper_plans'));\ncy.get('[id=\"1808\"]').within(function () {\n  cy.contains('Subscribe').click();\n});\ncy.contains('Bank Transfer').click(); //Choose Alfamart as Payment Method\ncy.get('[value=\"BIIVA\"]').click();\ncy.get('.PaymentMethodName').then(function ($chosenMethod) {\n  var chosen = $chosenMethod.text();\n  cy.wrap(chosen).as('chosenMethod');\n});\ncy.get('@chosenMethod').then(function (chosenMethod) {\n  expect(chosenMethod).to.equal(\"Bank Maybank\");\n});",
              "err": {},
              "uuid": "6cf05663-4818-4d97-905f-03bdffcfe58c",
              "parentUUID": "6f6e85b7-444b-4848-91de-29868f81db84",
              "isHook": false,
              "skipped": false
            },
            {
              "title": "#11 Validate Other Bank as Payment Method",
              "fullTitle": "Test Payment Process #11 Validate Other Bank as Payment Method",
              "timedOut": null,
              "duration": 8395,
              "state": "passed",
              "speed": "slow",
              "pass": true,
              "fail": false,
              "pending": false,
              "context": null,
              "code": "cy.visit(Cypress.env('quipper_plans'));\ncy.get('[id=\"1808\"]').within(function () {\n  cy.contains('Subscribe').click();\n});\ncy.contains('Bank Transfer').click(); //Choose Alfamart as Payment Method\ncy.get('[value=\"BANK_OTHER\"]').click();\ncy.get('.PaymentMethodName').then(function ($chosenMethod) {\n  var chosen = $chosenMethod.text();\n  cy.wrap(chosen).as('chosenMethod');\n});\ncy.get('@chosenMethod').then(function (chosenMethod) {\n  expect(chosenMethod).to.equal(\"Other Banks\");\n});",
              "err": {},
              "uuid": "8900a043-0eb1-4d35-967b-0751afadd37f",
              "parentUUID": "6f6e85b7-444b-4848-91de-29868f81db84",
              "isHook": false,
              "skipped": false
            },
            {
              "title": "#12 Test on Transitions to Payment Inforation Page",
              "fullTitle": "Test Payment Process #12 Test on Transitions to Payment Inforation Page",
              "timedOut": null,
              "duration": 7560,
              "state": "passed",
              "speed": "slow",
              "pass": true,
              "fail": false,
              "pending": false,
              "context": null,
              "code": "cy.visit(Cypress.env('quipper_plans'));\ncy.get('[id=\"1808\"]').within(function () {\n  cy.contains('Subscribe').click();\n}); //On the Payment Method Page",
              "err": {},
              "uuid": "5ca93598-bd1c-452a-8eaa-6d4f362a3f83",
              "parentUUID": "6f6e85b7-444b-4848-91de-29868f81db84",
              "isHook": false,
              "skipped": false
            }
          ],
          "suites": [],
          "passes": [
            "c5f3c90d-8922-4859-aa9d-1caff88a673d",
            "dae766e0-c7be-4a55-b209-629c62f86683",
            "d40ee7c3-fc15-4756-8394-9847b2e5c129",
            "d15c2346-e990-4abc-a417-de87b6ee0973",
            "0060095e-5159-4f05-9ab3-d6244215a309",
            "34dcc51a-645c-4a06-b2ef-021fb119654f",
            "72d31a54-d0a1-4e04-bef8-15f63628cad5",
            "5d37bf76-29ac-43f2-b846-0d66442c7be5",
            "b10a1d08-39fb-4086-bbb3-4fea2314a81e",
            "6cf05663-4818-4d97-905f-03bdffcfe58c",
            "8900a043-0eb1-4d35-967b-0751afadd37f",
            "5ca93598-bd1c-452a-8eaa-6d4f362a3f83"
          ],
          "failures": [],
          "pending": [],
          "skipped": [],
          "duration": 107474,
          "root": false,
          "rootEmpty": false,
          "_timeout": 2000
        }
      ],
      "passes": [],
      "failures": [],
      "pending": [],
      "skipped": [],
      "duration": 0,
      "root": true,
      "rootEmpty": true,
      "_timeout": 2000
    }
  ],
  "meta": {
    "mocha": {
      "version": "7.0.1"
    },
    "mochawesome": {
      "options": {
        "quiet": false,
        "reportFilename": "mochawesome",
        "saveHtml": false,
        "saveJson": true,
        "consoleReporter": "spec",
        "useInlineDiffs": false,
        "code": true
      },
      "version": "6.1.1"
    },
    "marge": {
      "options": {
        "id": "default",
        "reportDir": "cypress/reports/mocha",
        "quite": true,
        "overwrite": false,
        "html": false,
        "json": true
      },
      "version": "5.1.0"
    }
  }
}