{
  "stats": {
    "suites": 1,
    "tests": 10,
    "passes": 10,
    "pending": 0,
    "failures": 0,
    "start": "2020-06-26T03:49:46.847Z",
    "end": "2020-06-26T03:51:29.756Z",
    "duration": 102909,
    "testsRegistered": 10,
    "passPercent": 100,
    "pendingPercent": 0,
    "other": 0,
    "hasOther": false,
    "skipped": 0,
    "hasSkipped": false
  },
  "results": [
    {
      "uuid": "b682c81b-daf8-44cd-ab59-49097b571a79",
      "title": "",
      "fullFile": "cypress\\integration\\02-id-subscribeProcess.js",
      "file": "cypress\\integration\\02-id-subscribeProcess.js",
      "beforeHooks": [],
      "afterHooks": [],
      "tests": [],
      "suites": [
        {
          "uuid": "a7e7e4d6-41e2-4d4e-920a-893507b6bf33",
          "title": "Test Subscribe Process",
          "fullFile": "",
          "file": "",
          "beforeHooks": [],
          "afterHooks": [],
          "tests": [
            {
              "title": "#1 Load Page Successfully",
              "fullTitle": "Test Subscribe Process #1 Load Page Successfully",
              "timedOut": null,
              "duration": 10152,
              "state": "passed",
              "speed": "slow",
              "pass": true,
              "fail": false,
              "pending": false,
              "context": null,
              "code": "cy.visit(Cypress.env('quipper_dashboard'));",
              "err": {},
              "uuid": "c1eba874-98c6-4f5b-8d8c-9f3009b6f96f",
              "parentUUID": "a7e7e4d6-41e2-4d4e-920a-893507b6bf33",
              "isHook": false,
              "skipped": false
            },
            {
              "title": "#2 Dashboard Showing Correct Components",
              "fullTitle": "Test Subscribe Process #2 Dashboard Showing Correct Components",
              "timedOut": null,
              "duration": 7431,
              "state": "passed",
              "speed": "slow",
              "pass": true,
              "fail": false,
              "pending": false,
              "context": null,
              "code": "cy.contains('Home');\ncy.contains('Course List');\ncy.contains('My Courses');\ncy.get('.AvatarMenu__Toggle--kz3Cn').click();\ncy.contains('Profile');\ncy.contains('Subscriptions');\ncy.contains('Search campuses');\ncy.contains('Logout');\ncy.get('.AvatarMenu__Toggle--kz3Cn').click(); //Upsell Banner\ncy.get('.UpsellBanner--2x5p2');\ncy.contains('Pilih Paket');\ncy.contains('Coba Gratis Dulu'); //Notification Banner\ncy.get('.DashboardModuleTemplate__Banner--1GLG-');\ncy.contains('Subscribe now');",
              "err": {},
              "uuid": "81ca7b6b-abea-4c03-8d5e-767da8777e08",
              "parentUUID": "a7e7e4d6-41e2-4d4e-920a-893507b6bf33",
              "isHook": false,
              "skipped": false
            },
            {
              "title": "#3 Avatar Button Menu Functionality",
              "fullTitle": "Test Subscribe Process #3 Avatar Button Menu Functionality",
              "timedOut": null,
              "duration": 7069,
              "state": "passed",
              "speed": "slow",
              "pass": true,
              "fail": false,
              "pending": false,
              "context": null,
              "code": "cy.wait(1000);\ncy.get('.AvatarMenu__Toggle--kz3Cn').click();\ncy.contains('Profile').click();\ncy.url().should('include', '/en/settings/profile');\ncy.contains('Home').click();\ncy.url().should('include', '/dashboard');\ncy.wait(1000);\ncy.get('.AvatarMenu__Toggle--kz3Cn').click();\ncy.contains('Subscriptions').should('have.attr', 'target', '_blank');",
              "err": {},
              "uuid": "3edcd379-94d1-420c-949b-08d9181e4f9d",
              "parentUUID": "a7e7e4d6-41e2-4d4e-920a-893507b6bf33",
              "isHook": false,
              "skipped": false
            },
            {
              "title": "#4 Upsell Banner Functionality",
              "fullTitle": "Test Subscribe Process #4 Upsell Banner Functionality",
              "timedOut": null,
              "duration": 11317,
              "state": "passed",
              "speed": "slow",
              "pass": true,
              "fail": false,
              "pending": false,
              "context": null,
              "code": "cy.contains('Pilih Paket').should('have.attr', 'href', Cypress.env('quipper_upsell_short'));\ncy.visit(Cypress.env('quipper_upsell'));\ncy.url().should('include', '/plans');",
              "err": {},
              "uuid": "d1510f0d-f46b-42d1-8eaf-e6fe71e7f821",
              "parentUUID": "a7e7e4d6-41e2-4d4e-920a-893507b6bf33",
              "isHook": false,
              "skipped": false
            },
            {
              "title": "#5 Susbcribe Now Banner Functionality",
              "fullTitle": "Test Subscribe Process #5 Susbcribe Now Banner Functionality",
              "timedOut": null,
              "duration": 5846,
              "state": "passed",
              "speed": "slow",
              "pass": true,
              "fail": false,
              "pending": false,
              "context": null,
              "code": "cy.contains('Subscribe now').should('have.attr', 'href', Cypress.env('quipper_plans'));\ncy.visit(Cypress.env('quipper_plans'));\ncy.url().should('include', '/plans');",
              "err": {},
              "uuid": "6b88f8f2-c1d7-4402-bd52-081c82cdef19",
              "parentUUID": "a7e7e4d6-41e2-4d4e-920a-893507b6bf33",
              "isHook": false,
              "skipped": false
            },
            {
              "title": "#6 Select a Plan Page Functionality",
              "fullTitle": "Test Subscribe Process #6 Select a Plan Page Functionality",
              "timedOut": null,
              "duration": 10902,
              "state": "passed",
              "speed": "slow",
              "pass": true,
              "fail": false,
              "pending": false,
              "context": null,
              "code": "cy.visit(Cypress.env('quipper_plans'));\ncy.url().should('include', '/plans'); //Test the `Select a Plan` Page\ncy.get('.PricingPlansWeb__redeem_activation');\ncy.get('[id=\"category-btn-SMA\"]').click();\ncy.get('[id=\"category-2\"]').should('have.class', 'PricingPlans');\ncy.get('[id=\"category-btn-SMP\"]').click();\ncy.get('[id=\"category-1\"]').should('have.class', 'PricingPlans');\ncy.get('[id=\"category-btn-SMA\"]').click();\ncy.get('.PricingPlansWeb__redeem_activation').should('have.attr', 'href', '/activationcode');\ncy.get('.PricingPlansWeb__redeem_activation').click();\ncy.url().should('include', 'activationcode');\ncy.contains('Subscriptions').click();\ncy.url().should('include', '/plans');",
              "err": {},
              "uuid": "c8a8485c-091d-4653-9c3c-e895c94db45b",
              "parentUUID": "a7e7e4d6-41e2-4d4e-920a-893507b6bf33",
              "isHook": false,
              "skipped": false
            },
            {
              "title": "#7 Subscribe Button Functionality ",
              "fullTitle": "Test Subscribe Process #7 Subscribe Button Functionality ",
              "timedOut": null,
              "duration": 13945,
              "state": "passed",
              "speed": "slow",
              "pass": true,
              "fail": false,
              "pending": false,
              "context": null,
              "code": "cy.visit(Cypress.env('quipper_plans'));\ncy.url().should('include', '/plans'); //Test `Subscribe` Button Each Pricing Plan\ncy.get('[id=\"1808\"]').within(function () {\n  cy.contains('Subscribe').click();\n});\ncy.contains('Back').click();\ncy.wait(1000);\ncy.get('[id=\"1809\"]').within(function () {\n  cy.contains('Subscribe').click();\n});\ncy.contains('Back').click();\ncy.wait(1000);\ncy.get('[id=\"1810\"]').within(function () {\n  cy.contains('Subscribe').click();\n});\ncy.contains('Back').click();",
              "err": {},
              "uuid": "233a70ad-189f-4f0a-880b-e82cc4f0ddb3",
              "parentUUID": "a7e7e4d6-41e2-4d4e-920a-893507b6bf33",
              "isHook": false,
              "skipped": false
            },
            {
              "title": "#8 Paket Intensif SMA Integration with Payment Method Page",
              "fullTitle": "Test Subscribe Process #8 Paket Intensif SMA Integration with Payment Method Page",
              "timedOut": null,
              "duration": 10866,
              "state": "passed",
              "speed": "slow",
              "pass": true,
              "fail": false,
              "pending": false,
              "context": null,
              "code": "cy.visit(Cypress.env('quipper_plans'));\ncy.url().should('include', '/plans'); //Test the `Payment Method Page` Integration with Pricing \ncy.get('[id=\"1808\"]').within(function () {\n  //Get the Pricing Plan Title from Select a Plan Page\n  cy.get('.PricingPlan__title').then(function ($title) {\n    var txt = $title.text();\n    cy.wrap(txt).as('planName');\n  }); //Get the Price from Select a Plan page\n  cy.get('.PricingPlan__price').then(function ($price) {\n    var prc = $price.text();\n    cy.wrap(prc).as('planPrice');\n  });\n  cy.contains('Subscribe').click();\n});\ncy.url().should('include', '/payment/methods'); //Get the Pricing Plan Title from Payment Method Page\ncy.get('.SubscriptionPlanName').then(function ($judul) {\n  var text = $judul.text();\n  cy.wrap(text).as('planNamePayment');\n}); //Get the Pricing Plan Price from Payment Method Page\ncy.get('.Amount__final').then(function ($harga) {\n  var hrg = $harga.text();\n  cy.wrap(hrg).as('planPricePayment');\n}); //Validate on Pricing Plan Title Data\ncy.get('@planName').then(function (planName) {\n  cy.get('@planNamePayment').then(function (planNamePayment) {\n    expect(planName).to.equal(planNamePayment);\n  });\n}); //Validate on Pricing Plan Price Data\ncy.get('@planPrice').then(function (planPrice) {\n  cy.get('@planPricePayment').then(function (planPricePayment) {\n    expect(planPrice).to.equal(planPricePayment);\n  });\n});",
              "err": {},
              "uuid": "c5f8e375-8866-4d4b-836e-71c6b41d73bf",
              "parentUUID": "a7e7e4d6-41e2-4d4e-920a-893507b6bf33",
              "isHook": false,
              "skipped": false
            },
            {
              "title": "#9 Paket Regular SMA Integration with Payment Method Page",
              "fullTitle": "Test Subscribe Process #9 Paket Regular SMA Integration with Payment Method Page",
              "timedOut": null,
              "duration": 11111,
              "state": "passed",
              "speed": "slow",
              "pass": true,
              "fail": false,
              "pending": false,
              "context": null,
              "code": "cy.visit(Cypress.env('quipper_plans'));\ncy.url().should('include', '/plans'); //Test the `Payment Method Page` Integration with Pricing \ncy.get('[id=\"1809\"]').within(function () {\n  //Get the Pricing Plan Title from Select a Plan Page\n  cy.get('.PricingPlan__title').then(function ($title) {\n    var txt = $title.text();\n    cy.wrap(txt).as('planName');\n  }); //Get the Price from Select a Plan page\n  cy.get('.PricingPlan__price').then(function ($price) {\n    var prc = $price.text();\n    cy.wrap(prc).as('planPrice');\n  });\n  cy.contains('Subscribe').click();\n});\ncy.url().should('include', '/payment/methods'); //Get the Pricing Plan Title from Payment Method Page\ncy.get('.SubscriptionPlanName').then(function ($judul) {\n  var text = $judul.text();\n  cy.wrap(text).as('planNamePayment');\n}); //Get the Pricing Plan Price from Payment Method Page\ncy.get('.Amount__final').then(function ($harga) {\n  var hrg = $harga.text();\n  cy.wrap(hrg).as('planPricePayment');\n}); //Validate on Pricing Plan Title Data\ncy.get('@planName').then(function (planName) {\n  cy.get('@planNamePayment').then(function (planNamePayment) {\n    expect(planName).to.equal(planNamePayment);\n  });\n}); //Validate on Pricing Plan Price Data\ncy.get('@planPrice').then(function (planPrice) {\n  cy.get('@planPricePayment').then(function (planPricePayment) {\n    expect(planPrice).to.equal(planPricePayment);\n  });\n});",
              "err": {},
              "uuid": "f47850cc-f9f5-4275-b8d8-14e111072b0b",
              "parentUUID": "a7e7e4d6-41e2-4d4e-920a-893507b6bf33",
              "isHook": false,
              "skipped": false
            },
            {
              "title": "#10 Paket Intensif SMA + 3 Bulan Masterclass Integration with Payment Method Page",
              "fullTitle": "Test Subscribe Process #10 Paket Intensif SMA + 3 Bulan Masterclass Integration with Payment Method Page",
              "timedOut": null,
              "duration": 10407,
              "state": "passed",
              "speed": "slow",
              "pass": true,
              "fail": false,
              "pending": false,
              "context": null,
              "code": "cy.visit(Cypress.env('quipper_plans'));\ncy.url().should('include', '/plans'); //Test the `Payment Method Page` Integration with Pricing \ncy.get('[id=\"1810\"]').within(function () {\n  //Get the Pricing Plan Title from Select a Plan Page\n  cy.get('.PricingPlan__title').then(function ($title) {\n    var txt = $title.text();\n    cy.wrap(txt).as('planName');\n  }); //Get the Price from Select a Plan page\n  cy.get('.PricingPlan__price').then(function ($price) {\n    var prc = $price.text();\n    cy.wrap(prc).as('planPrice');\n  });\n  cy.contains('Subscribe').click();\n});\ncy.url().should('include', '/payment/methods'); //Get the Pricing Plan Title from Payment Method Page\ncy.get('.SubscriptionPlanName').then(function ($judul) {\n  var text = $judul.text();\n  cy.wrap(text).as('planNamePayment');\n}); //Get the Pricing Plan Price from Payment Method Page\ncy.get('.Amount__final').then(function ($harga) {\n  var hrg = $harga.text();\n  cy.wrap(hrg).as('planPricePayment');\n}); //Validate on Pricing Plan Title Data\ncy.get('@planName').then(function (planName) {\n  cy.get('@planNamePayment').then(function (planNamePayment) {\n    expect(planName).to.equal(planNamePayment);\n  });\n}); //Validate on Pricing Plan Price Data\ncy.get('@planPrice').then(function (planPrice) {\n  cy.get('@planPricePayment').then(function (planPricePayment) {\n    expect(planPrice).to.equal(planPricePayment);\n  });\n});",
              "err": {},
              "uuid": "0a936b04-8501-4709-8852-406478264bdc",
              "parentUUID": "a7e7e4d6-41e2-4d4e-920a-893507b6bf33",
              "isHook": false,
              "skipped": false
            }
          ],
          "suites": [],
          "passes": [
            "c1eba874-98c6-4f5b-8d8c-9f3009b6f96f",
            "81ca7b6b-abea-4c03-8d5e-767da8777e08",
            "3edcd379-94d1-420c-949b-08d9181e4f9d",
            "d1510f0d-f46b-42d1-8eaf-e6fe71e7f821",
            "6b88f8f2-c1d7-4402-bd52-081c82cdef19",
            "c8a8485c-091d-4653-9c3c-e895c94db45b",
            "233a70ad-189f-4f0a-880b-e82cc4f0ddb3",
            "c5f8e375-8866-4d4b-836e-71c6b41d73bf",
            "f47850cc-f9f5-4275-b8d8-14e111072b0b",
            "0a936b04-8501-4709-8852-406478264bdc"
          ],
          "failures": [],
          "pending": [],
          "skipped": [],
          "duration": 99046,
          "root": false,
          "rootEmpty": false,
          "_timeout": 2000
        }
      ],
      "passes": [],
      "failures": [],
      "pending": [],
      "skipped": [],
      "duration": 0,
      "root": true,
      "rootEmpty": true,
      "_timeout": 2000
    }
  ],
  "meta": {
    "mocha": {
      "version": "7.0.1"
    },
    "mochawesome": {
      "options": {
        "quiet": false,
        "reportFilename": "mochawesome",
        "saveHtml": false,
        "saveJson": true,
        "consoleReporter": "spec",
        "useInlineDiffs": false,
        "code": true
      },
      "version": "6.1.1"
    },
    "marge": {
      "options": {
        "id": "default",
        "reportDir": "cypress/reports/mocha",
        "quite": true,
        "overwrite": false,
        "html": false,
        "json": true
      },
      "version": "5.1.0"
    }
  }
}