{
  "stats": {
    "suites": 1,
    "tests": 14,
    "passes": 14,
    "pending": 0,
    "failures": 0,
    "start": "2020-06-26T02:25:27.522Z",
    "end": "2020-06-26T02:27:20.401Z",
    "duration": 112879,
    "testsRegistered": 14,
    "passPercent": 100,
    "pendingPercent": 0,
    "other": 0,
    "hasOther": false,
    "skipped": 0,
    "hasSkipped": false
  },
  "results": [
    {
      "uuid": "ee136e60-390e-4bdf-8905-bb09d0fe250b",
      "title": "",
      "fullFile": "cypress\\integration\\03-id-paymentProcess.js",
      "file": "cypress\\integration\\03-id-paymentProcess.js",
      "beforeHooks": [],
      "afterHooks": [],
      "tests": [],
      "suites": [
        {
          "uuid": "3a874d57-85a7-4295-8af0-ac5d35f9430d",
          "title": "Test Payment Process",
          "fullFile": "",
          "file": "",
          "beforeHooks": [],
          "afterHooks": [],
          "tests": [
            {
              "title": "#1 Payment Method Page Successfully Loads",
              "fullTitle": "Test Payment Process #1 Payment Method Page Successfully Loads",
              "timedOut": null,
              "duration": 13868,
              "state": "passed",
              "speed": "slow",
              "pass": true,
              "fail": false,
              "pending": false,
              "context": null,
              "code": "cy.visit(Cypress.env('quipper_plans'));\ncy.get('[id=\"1808\"]').within(function () {\n  cy.contains('Subscribe').click();\n});\ncy.url().should('include', '/payment/methods');",
              "err": {},
              "uuid": "469d60b2-694d-471f-9e4b-852759aed139",
              "parentUUID": "3a874d57-85a7-4295-8af0-ac5d35f9430d",
              "isHook": false,
              "skipped": false
            },
            {
              "title": "#2 Payment Method Page Showing Correct Components",
              "fullTitle": "Test Payment Process #2 Payment Method Page Showing Correct Components",
              "timedOut": null,
              "duration": 9590,
              "state": "passed",
              "speed": "slow",
              "pass": true,
              "fail": false,
              "pending": false,
              "context": null,
              "code": "cy.visit(Cypress.env('quipper_plans'));\ncy.get('[id=\"1808\"]').within(function () {\n  cy.contains('Subscribe').click();\n});\ncy.wait(1000); //Test the showed components\ncy.contains('Payment Method').should('have.class', 'Step__active');\ncy.contains('Payment Information').should('have.class', 'Step');\ncy.get('.HeaderTitle__back');\ncy.contains('Kiosk').click();\ncy.get('[value=\"ALFAMART\"]');\ncy.get('[value=\"INDOMARET\"]');\ncy.contains('Bank Transfer').click();\ncy.get('[value=\"BNI\"]');\ncy.get('[value=\"MANDIRI\"]');\ncy.get('[value=\"PERMATA\"]');\ncy.get('[value=\"DANAMON\"]');\ncy.get('[value=\"CIMBVA\"]');\ncy.get('[value=\"BIIVA\"]');\ncy.get('[value=\"BANK_OTHER\"]');\ncy.get('.Input--disabled');\ncy.contains('Apply');\ncy.contains('Continue Payment');",
              "err": {},
              "uuid": "aa4ed82d-dd9c-49bf-9bd5-e068f8c0149e",
              "parentUUID": "3a874d57-85a7-4295-8af0-ac5d35f9430d",
              "isHook": false,
              "skipped": false
            },
            {
              "title": "#3 Validate Alfamart as Payment Method",
              "fullTitle": "Test Payment Process #3 Validate Alfamart as Payment Method",
              "timedOut": null,
              "duration": 7586,
              "state": "passed",
              "speed": "slow",
              "pass": true,
              "fail": false,
              "pending": false,
              "context": null,
              "code": "cy.visit(Cypress.env('quipper_plans'));\ncy.get('[id=\"1808\"]').within(function () {\n  cy.contains('Subscribe').click();\n}); //Choose Alfamart as Payment Method\ncy.get('[value=\"ALFAMART\"]').click();\ncy.get('.PaymentMethodName').then(function ($chosenMethod) {\n  var chosen = $chosenMethod.text();\n  cy.wrap(chosen).as('chosenMethod');\n});\ncy.get('@chosenMethod').then(function (chosenMethod) {\n  expect(chosenMethod).to.equal(\"Alfamart\");\n});",
              "err": {},
              "uuid": "4d84ff4b-817c-4873-b96b-9b86c6a2392b",
              "parentUUID": "3a874d57-85a7-4295-8af0-ac5d35f9430d",
              "isHook": false,
              "skipped": false
            },
            {
              "title": "#4 Validate Indomaret as Payment Method",
              "fullTitle": "Test Payment Process #4 Validate Indomaret as Payment Method",
              "timedOut": null,
              "duration": 8160,
              "state": "passed",
              "speed": "slow",
              "pass": true,
              "fail": false,
              "pending": false,
              "context": null,
              "code": "cy.visit(Cypress.env('quipper_plans'));\ncy.get('[id=\"1808\"]').within(function () {\n  cy.contains('Subscribe').click();\n}); //Choose Alfamart as Payment Method\ncy.get('[value=\"INDOMARET\"]').click();\ncy.get('.PaymentMethodName').then(function ($chosenMethod) {\n  var chosen = $chosenMethod.text();\n  cy.wrap(chosen).as('chosenMethod');\n});\ncy.get('@chosenMethod').then(function (chosenMethod) {\n  expect(chosenMethod).to.equal(\"Indomaret\");\n});",
              "err": {},
              "uuid": "637eb73f-fdfe-4aa6-91a1-3d3bb8a41389",
              "parentUUID": "3a874d57-85a7-4295-8af0-ac5d35f9430d",
              "isHook": false,
              "skipped": false
            },
            {
              "title": "#5 Validate BNI as Payment Method",
              "fullTitle": "Test Payment Process #5 Validate BNI as Payment Method",
              "timedOut": null,
              "duration": 7167,
              "state": "passed",
              "speed": "slow",
              "pass": true,
              "fail": false,
              "pending": false,
              "context": null,
              "code": "cy.visit(Cypress.env('quipper_plans'));\ncy.get('[id=\"1808\"]').within(function () {\n  cy.contains('Subscribe').click();\n});\ncy.contains('Bank Transfer').click(); //Choose Alfamart as Payment Method\ncy.get('[value=\"BNI\"]').click();\ncy.get('.PaymentMethodName').then(function ($chosenMethod) {\n  var chosen = $chosenMethod.text();\n  cy.wrap(chosen).as('chosenMethod');\n});\ncy.get('@chosenMethod').then(function (chosenMethod) {\n  expect(chosenMethod).to.equal(\"Bank BNI\");\n});",
              "err": {},
              "uuid": "ecfbd010-16b2-41da-b7bc-d279d70195fe",
              "parentUUID": "3a874d57-85a7-4295-8af0-ac5d35f9430d",
              "isHook": false,
              "skipped": false
            },
            {
              "title": "#6 Validate Mandiri as Payment Method",
              "fullTitle": "Test Payment Process #6 Validate Mandiri as Payment Method",
              "timedOut": null,
              "duration": 5609,
              "state": "passed",
              "speed": "slow",
              "pass": true,
              "fail": false,
              "pending": false,
              "context": null,
              "code": "cy.visit(Cypress.env('quipper_plans'));\ncy.get('[id=\"1808\"]').within(function () {\n  cy.contains('Subscribe').click();\n});\ncy.contains('Bank Transfer').click(); //Choose Alfamart as Payment Method\ncy.get('[value=\"MANDIRI\"]').click();\ncy.get('.PaymentMethodName').then(function ($chosenMethod) {\n  var chosen = $chosenMethod.text();\n  cy.wrap(chosen).as('chosenMethod');\n});\ncy.get('@chosenMethod').then(function (chosenMethod) {\n  expect(chosenMethod).to.equal(\"Bank Mandiri\");\n});",
              "err": {},
              "uuid": "29e7d385-2690-4cd9-b693-3f753f979b7d",
              "parentUUID": "3a874d57-85a7-4295-8af0-ac5d35f9430d",
              "isHook": false,
              "skipped": false
            },
            {
              "title": "#7 Validate Permata Bank as Payment Method",
              "fullTitle": "Test Payment Process #7 Validate Permata Bank as Payment Method",
              "timedOut": null,
              "duration": 6956,
              "state": "passed",
              "speed": "slow",
              "pass": true,
              "fail": false,
              "pending": false,
              "context": null,
              "code": "cy.visit(Cypress.env('quipper_plans'));\ncy.get('[id=\"1808\"]').within(function () {\n  cy.contains('Subscribe').click();\n});\ncy.contains('Bank Transfer').click(); //Choose Alfamart as Payment Method\ncy.get('[value=\"PERMATA\"]').click();\ncy.get('.PaymentMethodName').then(function ($chosenMethod) {\n  var chosen = $chosenMethod.text();\n  cy.wrap(chosen).as('chosenMethod');\n});\ncy.get('@chosenMethod').then(function (chosenMethod) {\n  expect(chosenMethod).to.equal(\"Bank Permata\");\n});",
              "err": {},
              "uuid": "dcee6c3e-69eb-4089-ad2f-46cca1f87c94",
              "parentUUID": "3a874d57-85a7-4295-8af0-ac5d35f9430d",
              "isHook": false,
              "skipped": false
            },
            {
              "title": "#8 Validate Danamon as Payment Method",
              "fullTitle": "Test Payment Process #8 Validate Danamon as Payment Method",
              "timedOut": null,
              "duration": 6983,
              "state": "passed",
              "speed": "slow",
              "pass": true,
              "fail": false,
              "pending": false,
              "context": null,
              "code": "cy.visit(Cypress.env('quipper_plans'));\ncy.get('[id=\"1808\"]').within(function () {\n  cy.contains('Subscribe').click();\n});\ncy.contains('Bank Transfer').click(); //Choose Alfamart as Payment Method\ncy.get('[value=\"DANAMON\"]').click();\ncy.get('.PaymentMethodName').then(function ($chosenMethod) {\n  var chosen = $chosenMethod.text();\n  cy.wrap(chosen).as('chosenMethod');\n});\ncy.get('@chosenMethod').then(function (chosenMethod) {\n  expect(chosenMethod).to.equal(\"Bank Danamon\");\n});",
              "err": {},
              "uuid": "78fd30ac-5751-4cfd-b93f-2a9d1d9d5e2c",
              "parentUUID": "3a874d57-85a7-4295-8af0-ac5d35f9430d",
              "isHook": false,
              "skipped": false
            },
            {
              "title": "#9 Validate CIMB Niaga as Payment Method",
              "fullTitle": "Test Payment Process #9 Validate CIMB Niaga as Payment Method",
              "timedOut": null,
              "duration": 7437,
              "state": "passed",
              "speed": "slow",
              "pass": true,
              "fail": false,
              "pending": false,
              "context": null,
              "code": "cy.visit(Cypress.env('quipper_plans'));\ncy.get('[id=\"1808\"]').within(function () {\n  cy.contains('Subscribe').click();\n});\ncy.contains('Bank Transfer').click(); //Choose Alfamart as Payment Method\ncy.get('[value=\"CIMBVA\"]').click();\ncy.get('.PaymentMethodName').then(function ($chosenMethod) {\n  var chosen = $chosenMethod.text();\n  cy.wrap(chosen).as('chosenMethod');\n});\ncy.get('@chosenMethod').then(function (chosenMethod) {\n  expect(chosenMethod).to.equal(\"Bank CIMB Niaga\");\n});",
              "err": {},
              "uuid": "e421cb39-006b-4b04-ae51-218f24bf212e",
              "parentUUID": "3a874d57-85a7-4295-8af0-ac5d35f9430d",
              "isHook": false,
              "skipped": false
            },
            {
              "title": "#10 Validate Maybank as Payment Method",
              "fullTitle": "Test Payment Process #10 Validate Maybank as Payment Method",
              "timedOut": null,
              "duration": 7884,
              "state": "passed",
              "speed": "slow",
              "pass": true,
              "fail": false,
              "pending": false,
              "context": null,
              "code": "cy.visit(Cypress.env('quipper_plans'));\ncy.get('[id=\"1808\"]').within(function () {\n  cy.contains('Subscribe').click();\n});\ncy.contains('Bank Transfer').click(); //Choose Alfamart as Payment Method\ncy.get('[value=\"BIIVA\"]').click();\ncy.get('.PaymentMethodName').then(function ($chosenMethod) {\n  var chosen = $chosenMethod.text();\n  cy.wrap(chosen).as('chosenMethod');\n});\ncy.get('@chosenMethod').then(function (chosenMethod) {\n  expect(chosenMethod).to.equal(\"Bank Maybank\");\n});",
              "err": {},
              "uuid": "25bb1d1a-a197-49f0-8fa9-fc952e0466e8",
              "parentUUID": "3a874d57-85a7-4295-8af0-ac5d35f9430d",
              "isHook": false,
              "skipped": false
            },
            {
              "title": "#11 Validate Other Bank as Payment Method",
              "fullTitle": "Test Payment Process #11 Validate Other Bank as Payment Method",
              "timedOut": null,
              "duration": 6329,
              "state": "passed",
              "speed": "slow",
              "pass": true,
              "fail": false,
              "pending": false,
              "context": null,
              "code": "cy.visit(Cypress.env('quipper_plans'));\ncy.get('[id=\"1808\"]').within(function () {\n  cy.contains('Subscribe').click();\n});\ncy.contains('Bank Transfer').click(); //Choose Alfamart as Payment Method\ncy.get('[value=\"BANK_OTHER\"]').click();\ncy.get('.PaymentMethodName').then(function ($chosenMethod) {\n  var chosen = $chosenMethod.text();\n  cy.wrap(chosen).as('chosenMethod');\n});\ncy.get('@chosenMethod').then(function (chosenMethod) {\n  expect(chosenMethod).to.equal(\"Other Banks\");\n});",
              "err": {},
              "uuid": "3c0ed575-268a-4130-b2e9-e14ef00ce654",
              "parentUUID": "3a874d57-85a7-4295-8af0-ac5d35f9430d",
              "isHook": false,
              "skipped": false
            },
            {
              "title": "#12 Test on Transitions to Payment Inforation Page",
              "fullTitle": "Test Payment Process #12 Test on Transitions to Payment Inforation Page",
              "timedOut": null,
              "duration": 6928,
              "state": "passed",
              "speed": "slow",
              "pass": true,
              "fail": false,
              "pending": false,
              "context": null,
              "code": "cy.visit(Cypress.env('quipper_plans'));\ncy.get('[id=\"1808\"]').within(function () {\n  cy.contains('Subscribe').click();\n}); //On the Payment Method Page\ncy.contains('Continue Payment').click(); //On the Payment Information Page\ncy.url().should('include', '/payment/information');",
              "err": {},
              "uuid": "3e076868-37b8-4b23-b907-15dbafa3f5fb",
              "parentUUID": "3a874d57-85a7-4295-8af0-ac5d35f9430d",
              "isHook": false,
              "skipped": false
            },
            {
              "title": "#13 Payment Information Page Showing Correct Components",
              "fullTitle": "Test Payment Process #13 Payment Information Page Showing Correct Components",
              "timedOut": null,
              "duration": 6733,
              "state": "passed",
              "speed": "slow",
              "pass": true,
              "fail": false,
              "pending": false,
              "context": null,
              "code": "cy.visit(Cypress.env('quipper_plans'));\ncy.get('[id=\"1808\"]').within(function () {\n  cy.contains('Subscribe').click();\n}); //On the Payment Method Page\ncy.contains('Continue Payment').click(); //On the Payment Information Page\ncy.contains('Payment Method').should('have.class', 'Step');\ncy.contains('Payment Information').should('have.class', 'Step__active');\ncy.contains('Payer Name');\ncy.get('[name = \"name\"]');\ncy.contains('Payer Email Address');\ncy.get('[name = \"email\"]');\ncy.contains('Payer Phone Number');\ncy.get('[name = \"phone\"]');\ncy.contains('Complete Payment');",
              "err": {},
              "uuid": "fb042684-45d8-459e-8319-2d9d0887f466",
              "parentUUID": "3a874d57-85a7-4295-8af0-ac5d35f9430d",
              "isHook": false,
              "skipped": false
            },
            {
              "title": "#14 Input Field Validation - Email",
              "fullTitle": "Test Payment Process #14 Input Field Validation - Email",
              "timedOut": null,
              "duration": 7787,
              "state": "passed",
              "speed": "slow",
              "pass": true,
              "fail": false,
              "pending": false,
              "context": null,
              "code": "cy.visit(Cypress.env('quipper_plans'));\ncy.get('[id=\"1808\"]').within(function () {\n  cy.contains('Subscribe').click();\n}); //On the Payment Method Page\ncy.contains('Continue Payment').click(); //On the Payment Information Page\ncy.contains('Email is required.');\ncy.get('[name=\"email\"]').type('1213aSAS;;;;');\ncy.contains('Please enter email in the correct format.');\ncy.get('[name=\"email\"]').type('{del}{selectall}{backspace}');\ncy.contains('Email is required.');",
              "err": {},
              "uuid": "f74c9f01-0e38-4dd2-89eb-9c4a6c429d80",
              "parentUUID": "3a874d57-85a7-4295-8af0-ac5d35f9430d",
              "isHook": false,
              "skipped": false
            }
          ],
          "suites": [],
          "passes": [
            "469d60b2-694d-471f-9e4b-852759aed139",
            "aa4ed82d-dd9c-49bf-9bd5-e068f8c0149e",
            "4d84ff4b-817c-4873-b96b-9b86c6a2392b",
            "637eb73f-fdfe-4aa6-91a1-3d3bb8a41389",
            "ecfbd010-16b2-41da-b7bc-d279d70195fe",
            "29e7d385-2690-4cd9-b693-3f753f979b7d",
            "dcee6c3e-69eb-4089-ad2f-46cca1f87c94",
            "78fd30ac-5751-4cfd-b93f-2a9d1d9d5e2c",
            "e421cb39-006b-4b04-ae51-218f24bf212e",
            "25bb1d1a-a197-49f0-8fa9-fc952e0466e8",
            "3c0ed575-268a-4130-b2e9-e14ef00ce654",
            "3e076868-37b8-4b23-b907-15dbafa3f5fb",
            "fb042684-45d8-459e-8319-2d9d0887f466",
            "f74c9f01-0e38-4dd2-89eb-9c4a6c429d80"
          ],
          "failures": [],
          "pending": [],
          "skipped": [],
          "duration": 109017,
          "root": false,
          "rootEmpty": false,
          "_timeout": 2000
        }
      ],
      "passes": [],
      "failures": [],
      "pending": [],
      "skipped": [],
      "duration": 0,
      "root": true,
      "rootEmpty": true,
      "_timeout": 2000
    }
  ],
  "meta": {
    "mocha": {
      "version": "7.0.1"
    },
    "mochawesome": {
      "options": {
        "quiet": false,
        "reportFilename": "mochawesome",
        "saveHtml": false,
        "saveJson": true,
        "consoleReporter": "spec",
        "useInlineDiffs": false,
        "code": true
      },
      "version": "6.1.1"
    },
    "marge": {
      "options": {
        "id": "default",
        "reportDir": "cypress/reports/mocha",
        "quite": true,
        "overwrite": false,
        "html": false,
        "json": true
      },
      "version": "5.1.0"
    }
  }
}