{
  "stats": {
    "suites": 1,
    "tests": 7,
    "passes": 0,
    "pending": 0,
    "failures": 7,
    "start": "2020-07-20T06:54:00.817Z",
    "end": "2020-07-20T06:55:34.120Z",
    "duration": 93303,
    "testsRegistered": 7,
    "passPercent": 0,
    "pendingPercent": 0,
    "other": 0,
    "hasOther": false,
    "skipped": 0,
    "hasSkipped": false
  },
  "results": [
    {
      "uuid": "3cd71c83-4079-4f6f-8af4-d37de9e14ec0",
      "title": "",
      "fullFile": "cypress\\integration\\05-id-subscribeProcess-unpaidOrder.js",
      "file": "cypress\\integration\\05-id-subscribeProcess-unpaidOrder.js",
      "beforeHooks": [],
      "afterHooks": [],
      "tests": [],
      "suites": [
        {
          "uuid": "0d0a79b2-928c-4c7d-928d-aa0867022c4f",
          "title": "Test Subscribe Process on Unpaid Order",
          "fullFile": "",
          "file": "",
          "beforeHooks": [],
          "afterHooks": [],
          "tests": [
            {
              "title": "#1 Dashboard Showing the Correct Components",
              "fullTitle": "Test Subscribe Process on Unpaid Order #1 Dashboard Showing the Correct Components",
              "timedOut": null,
              "duration": 14861,
              "state": "failed",
              "speed": null,
              "pass": false,
              "fail": true,
              "pending": false,
              "context": null,
              "code": "cy.wait(4000);\ncy.contains('Complete your payment to access the learning materials');\ncy.contains('Check your order');\ncy.get('.AvatarMenu__Toggle--kz3Cn').click();\ncy.contains('Subscriptions').should('have.attr', 'href', Cypress.env('quipper_subscription'));",
              "err": {
                "message": "AssertionError: Timed out retrying: Expected to find content: 'Complete your payment to access the learning materials' but never did.",
                "estack": "AssertionError: Timed out retrying: Expected to find content: 'Complete your payment to access the learning materials' but never did.\n    at Context.eval (https://learn.quipper.com/__cypress/tests?p=cypress\\integration\\05-id-subscribeProcess-unpaidOrder.js:13:8)",
                "diff": null
              },
              "uuid": "0dba4f2a-5f47-487d-b653-7266c2267c73",
              "parentUUID": "0d0a79b2-928c-4c7d-928d-aa0867022c4f",
              "isHook": false,
              "skipped": false
            },
            {
              "title": "#2 Access Subscription Page",
              "fullTitle": "Test Subscribe Process on Unpaid Order #2 Access Subscription Page",
              "timedOut": null,
              "duration": 14519,
              "state": "failed",
              "speed": null,
              "pass": false,
              "fail": true,
              "pending": false,
              "context": null,
              "code": "cy.visit(Cypress.env('quipper_subscription'));\ncy.wait(1000);\ncy.url().should('include', '/subscriptions'); //cy.contains('Subscriptions').should('have.attr', 'href', '/subscriptions')\ncy.contains('Orders').should('have.attr', 'href', '/orders');\ncy.contains('Redeem Activation Code').should('have.attr', 'href', '/activationcode');\ncy.contains('You do not have any active plans.');\ncy.get('.button.is-info').should('have.attr', 'href', '/plans');\ncy.contains('History').click();\ncy.wait(2000);\ncy.url().should('include', '/subscriptions/history');",
              "err": {
                "message": "AssertionError: Timed out retrying: expected 'https://subscribe.quipper.com/plans' to include '/subscriptions'",
                "estack": "AssertionError: Timed out retrying: expected 'https://subscribe.quipper.com/plans' to include '/subscriptions'\n    at Context.eval (https://learn.quipper.com/__cypress/tests?p=cypress\\integration\\05-id-subscribeProcess-unpaidOrder.js:20:14)",
                "diff": null
              },
              "uuid": "cac58cda-a5e7-42d4-879c-7c30dca98ed3",
              "parentUUID": "0d0a79b2-928c-4c7d-928d-aa0867022c4f",
              "isHook": false,
              "skipped": false
            },
            {
              "title": "#3 Access Order Page",
              "fullTitle": "Test Subscribe Process on Unpaid Order #3 Access Order Page",
              "timedOut": null,
              "duration": 12776,
              "state": "failed",
              "speed": null,
              "pass": false,
              "fail": true,
              "pending": false,
              "context": null,
              "code": "cy.visit(Cypress.env('quipper_subscription'));\ncy.url().should('include', '/subscriptions');\ncy.wait(1000);\ncy.contains('Orders').click();\ncy.url().should('include', '/orders');\ncy.get('.Countdown');\ncy.get('.OrderStatus--pending').click();\ncy.url().should('include', '/orders/');",
              "err": {
                "message": "AssertionError: Timed out retrying: Expected to find content: 'Orders' but never did.",
                "estack": "AssertionError: Timed out retrying: Expected to find content: 'Orders' but never did.\n    at Context.eval (https://learn.quipper.com/__cypress/tests?p=cypress\\integration\\05-id-subscribeProcess-unpaidOrder.js:33:8)",
                "diff": null
              },
              "uuid": "bc14af1f-5a26-4411-8634-a97ef1b6593e",
              "parentUUID": "0d0a79b2-928c-4c7d-928d-aa0867022c4f",
              "isHook": false,
              "skipped": false
            },
            {
              "title": "#4 Validate on Data Consistency from /Orders Page to Payment Slip",
              "fullTitle": "Test Subscribe Process on Unpaid Order #4 Validate on Data Consistency from /Orders Page to Payment Slip",
              "timedOut": null,
              "duration": 12038,
              "state": "failed",
              "speed": null,
              "pass": false,
              "fail": true,
              "pending": false,
              "context": null,
              "code": "cy.visit(Cypress.env('quipper_orders'));\ncy.url().should('include', '/orders');\ncy.wait(1000); //Get Ordered Plan Title\ncy.get('.order-plan').then(function ($title) {\n  var titel = $title.text();\n  cy.wrap(titel).as('orderedPlanName');\n}); //Get Ordered Plan Price\ncy.get('.order-price').then(function ($price) {\n  var harga = $price.text();\n  cy.wrap(harga).as('orderedPlanPrice');\n});\ncy.get('.OrderStatus--pending').click(); //Get Plan Title from Payment Slip\ncy.get('.AccordionSection__title').then(function ($nama) {\n  var judul = $nama.text();\n  cy.wrap(judul).as('paymentSlipPlanName');\n}); //Get Plan Price from Payment Slip\ncy.get('.Amount__final').then(function ($amount) {\n  var bayar = $amount.text();\n  cy.wrap(bayar).as('paymentSlipPlanPrice');\n}); //Validate on Ordered Pricing Plan Title Data\ncy.get('@orderedPlanName').then(function (orderedPlanName) {\n  cy.get('@paymentSlipPlanName').then(function (paymentSlipPlanName) {\n    expect(orderedPlanName).to.equal(paymentSlipPlanName);\n  });\n}); //validate on Ordered Pricing Plan Price Data\ncy.get('@orderedPlanPrice').then(function (orderedPlanPrice) {\n  cy.get('@paymentSlipPlanPrice').then(function (paymentSlipPlanPrice) {\n    expect(orderedPlanPrice).to.equal(paymentSlipPlanPrice);\n  });\n});",
              "err": {
                "message": "AssertionError: Timed out retrying: Expected to find element: `.order-plan`, but never found it.",
                "estack": "AssertionError: Timed out retrying: Expected to find element: `.order-plan`, but never found it.\n    at Context.eval (https://learn.quipper.com/__cypress/tests?p=cypress\\integration\\05-id-subscribeProcess-unpaidOrder.js:43:8)",
                "diff": null
              },
              "uuid": "59fa41ee-7b87-4dca-abdb-4fbae59c2562",
              "parentUUID": "0d0a79b2-928c-4c7d-928d-aa0867022c4f",
              "isHook": false,
              "skipped": false
            },
            {
              "title": "#5 Validate on Download Payment Slip PDF from Website",
              "fullTitle": "Test Subscribe Process on Unpaid Order #5 Validate on Download Payment Slip PDF from Website",
              "timedOut": null,
              "duration": 12817,
              "state": "failed",
              "speed": null,
              "pass": false,
              "fail": true,
              "pending": false,
              "context": null,
              "code": "cy.visit(Cypress.env('quipper_orders'));\ncy.url().should('include', '/orders');\ncy.wait(1000);\ncy.get('.OrderStatus--pending').click();\ncy.location('href').then(function (loc) {\n  var url = loc.toString();\n  cy.wrap(url).as('URL');\n});\ncy.get('@URL').then(function (URL) {\n  var ID1 = URL.split(\"https://subscribe.quipper.com/orders/\");\n  var ID = ID1[1];\n  cy.wrap(ID).as('IDPaymentSlip');\n});\nvar downloadFile = Cypress.env('quipper_dl_orders');\ncy.get('@IDPaymentSlip').then(function (IDPaymentSlip) {\n  var linkDL = downloadFile.concat(IDPaymentSlip);\n  var linkDL2 = linkDL.concat(\"/payment_slip\");\n  cy.wrap(linkDL2).as('LinkDL');\n});\ncy.get('@LinkDL').then(function (LinkDL) {\n  cy.get('@IDPaymentSlip').then(function (IDPaymentSlip) {\n    var fileName = IDPaymentSlip.concat(\".pdf\");\n    cy.downloadFile(LinkDL, 'downloaded', fileName); //cy.wrap(fileName).as('DownloadedFileName')\n  });\n}); // Test Read PDF File\n// cy.get('@DownloadedFileName').then(DownloadedFileName => {\n//     cy.task('getPdfContent', DownloadedFileName).then(content => {\n//         const teks = content.toString()\n//         cy.wrap(teks).as('KONTEN')\n//     })\n// })\n// cy.task('getPdfContent', '2076398.pdf').then(content => {\n//     const teks = content.toString()\n//     cy.wrap(teks).as('KONTEN')\n// })",
              "err": {
                "message": "AssertionError: Timed out retrying: Expected to find element: `.OrderStatus--pending`, but never found it.",
                "estack": "AssertionError: Timed out retrying: Expected to find element: `.OrderStatus--pending`, but never found it.\n    at Context.eval (https://learn.quipper.com/__cypress/tests?p=cypress\\integration\\05-id-subscribeProcess-unpaidOrder.js:79:8)",
                "diff": null
              },
              "uuid": "c244b852-221c-490c-9dfa-d8ec3af26fc5",
              "parentUUID": "0d0a79b2-928c-4c7d-928d-aa0867022c4f",
              "isHook": false,
              "skipped": false
            },
            {
              "title": "#6 Validate on Payment Slip PDF Data from Website",
              "fullTitle": "Test Subscribe Process on Unpaid Order #6 Validate on Payment Slip PDF Data from Website",
              "timedOut": null,
              "duration": 10606,
              "state": "failed",
              "speed": null,
              "pass": false,
              "fail": true,
              "pending": false,
              "context": null,
              "code": "cy.visit(Cypress.env('quipper_orders'));\ncy.url().should('include', '/orders');\ncy.get('.OrderStatus--pending').click(); //Get Pricing Plan Title\ncy.get('.AccordionSection__title').then(function ($judul) {\n  var planTitle = $judul.text();\n  cy.wrap(planTitle).as('PricingPlanTitle');\n}); //Get Pricing Plan Price\ncy.get('.Amount__final').then(function ($harga) {\n  var planPrice = $harga.text();\n  cy.wrap(planPrice).as('PricingPlanPrice');\n}); //Get Payment Code\ncy.get('.PaymentCode__transaction-ref').then(function ($code) {\n  var planPayCode = $code.text();\n  cy.wrap(planPayCode).as('PaymentCode');\n});\ncy.location('href').then(function (loc) {\n  var url = loc.toString();\n  cy.wrap(url).as('URL');\n});\ncy.get('@URL').then(function (URL) {\n  var ID1 = URL.split(\"https://subscribe.quipper.com/orders/\");\n  var ID = ID1[1];\n  cy.wrap(ID).as('IDPaymentSlip');\n});\ncy.get('@IDPaymentSlip').then(function (IDPaymentSlip) {\n  var fileName = IDPaymentSlip.concat(\".pdf\");\n  cy.wrap(fileName).as('DownloadedFileName');\n});\ncy.get('@DownloadedFileName').then(function (DownloadedFileName) {\n  cy.task('getPdfContent', DownloadedFileName).then(function (content) {\n    var teks = content.toString();\n    cy.wrap(teks).as('PDFContent');\n  });\n}); //Validate Pricing Plan Title on PDF\ncy.get('@PricingPlanTitle').then(function (PricingPlanTitle) {\n  cy.get('@PDFContent').then(function (PDFContent) {\n    expect(PDFContent).to.contain(PricingPlanTitle);\n  });\n});\ncy.get('@PricingPlanPrice').then(function (PricingPlanPrice) {\n  cy.get('@PDFContent').then(function (PDFContent) {\n    expect(PDFContent).to.contain(PricingPlanPrice);\n  });\n});\ncy.get('@PaymentCode').then(function (PaymentCode) {\n  cy.get('@PDFContent').then(function (PDFContent) {\n    expect(PDFContent).to.contain(PaymentCode);\n  });\n});",
              "err": {
                "message": "AssertionError: Timed out retrying: Expected to find element: `.OrderStatus--pending`, but never found it.",
                "estack": "AssertionError: Timed out retrying: Expected to find element: `.OrderStatus--pending`, but never found it.\n    at Context.eval (https://learn.quipper.com/__cypress/tests?p=cypress\\integration\\05-id-subscribeProcess-unpaidOrder.js:114:8)",
                "diff": null
              },
              "uuid": "b31398e2-dc10-47cc-bb85-f0b5022b83a7",
              "parentUUID": "0d0a79b2-928c-4c7d-928d-aa0867022c4f",
              "isHook": false,
              "skipped": false
            },
            {
              "title": "#7 Validate on Change Order Button",
              "fullTitle": "Test Subscribe Process on Unpaid Order #7 Validate on Change Order Button",
              "timedOut": null,
              "duration": 12592,
              "state": "failed",
              "speed": null,
              "pass": false,
              "fail": true,
              "pending": false,
              "context": null,
              "code": "cy.visit(Cypress.env('quipper_orders'));\ncy.url().should('include', '/orders');\ncy.wait(1000);\ncy.get('.OrderStatus--pending').click();\ncy.contains('Change order').click();\ncy.wait(1000);\ncy.url().should('include', '/plans');\ncy.contains('Check Order');\ncy.contains('Create New Order');\ncy.contains('Check Order').click();",
              "err": {
                "message": "AssertionError: Timed out retrying: Expected to find element: `.OrderStatus--pending`, but never found it.",
                "estack": "AssertionError: Timed out retrying: Expected to find element: `.OrderStatus--pending`, but never found it.\n    at Context.eval (https://learn.quipper.com/__cypress/tests?p=cypress\\integration\\05-id-subscribeProcess-unpaidOrder.js:169:8)",
                "diff": null
              },
              "uuid": "c03c6551-8cbc-4187-9adc-fbbaddba412e",
              "parentUUID": "0d0a79b2-928c-4c7d-928d-aa0867022c4f",
              "isHook": false,
              "skipped": false
            }
          ],
          "suites": [],
          "passes": [],
          "failures": [
            "0dba4f2a-5f47-487d-b653-7266c2267c73",
            "cac58cda-a5e7-42d4-879c-7c30dca98ed3",
            "bc14af1f-5a26-4411-8634-a97ef1b6593e",
            "59fa41ee-7b87-4dca-abdb-4fbae59c2562",
            "c244b852-221c-490c-9dfa-d8ec3af26fc5",
            "b31398e2-dc10-47cc-bb85-f0b5022b83a7",
            "c03c6551-8cbc-4187-9adc-fbbaddba412e"
          ],
          "pending": [],
          "skipped": [],
          "duration": 90209,
          "root": false,
          "rootEmpty": false,
          "_timeout": 2000
        }
      ],
      "passes": [],
      "failures": [],
      "pending": [],
      "skipped": [],
      "duration": 0,
      "root": true,
      "rootEmpty": true,
      "_timeout": 2000
    }
  ],
  "meta": {
    "mocha": {
      "version": "7.0.1"
    },
    "mochawesome": {
      "options": {
        "quiet": false,
        "reportFilename": "mochawesome",
        "saveHtml": false,
        "saveJson": true,
        "consoleReporter": "spec",
        "useInlineDiffs": false,
        "code": true
      },
      "version": "6.1.1"
    },
    "marge": {
      "options": {
        "id": "default",
        "reportDir": "cypress/reports/mocha",
        "quite": true,
        "overwrite": false,
        "html": false,
        "json": true
      },
      "version": "5.1.0"
    }
  }
}