{
  "stats": {
    "suites": 1,
    "tests": 5,
    "passes": 5,
    "pending": 0,
    "failures": 0,
    "start": "2020-07-16T03:19:57.549Z",
    "end": "2020-07-16T03:21:15.166Z",
    "duration": 77617,
    "testsRegistered": 5,
    "passPercent": 100,
    "pendingPercent": 0,
    "other": 0,
    "hasOther": false,
    "skipped": 0,
    "hasSkipped": false
  },
  "results": [
    {
      "uuid": "b293e5fa-c588-4915-93c2-4ba4dedbfb2a",
      "title": "",
      "fullFile": "cypress\\integration\\03-id-subscribeProcess-embed.js",
      "file": "cypress\\integration\\03-id-subscribeProcess-embed.js",
      "beforeHooks": [],
      "afterHooks": [],
      "tests": [],
      "suites": [
        {
          "uuid": "0cbeecd4-6311-4302-b919-a42f30e67d47",
          "title": "Test Subscribe Process - EMBED Page",
          "fullFile": "",
          "file": "",
          "beforeHooks": [],
          "afterHooks": [],
          "tests": [
            {
              "title": "#1 Select a Plan Embed Page Showing Components Correctly",
              "fullTitle": "Test Subscribe Process - EMBED Page #1 Select a Plan Embed Page Showing Components Correctly",
              "timedOut": null,
              "duration": 15239,
              "state": "passed",
              "speed": "slow",
              "pass": true,
              "fail": false,
              "pending": false,
              "context": null,
              "code": "cy.visit(Cypress.env('quipper_plans_embed'));\ncy.get('[id=\"category-btn-SMA\"]').click();\ncy.get('[id=\"category-2\"]').should('have.class', 'PricingPlans');\ncy.get('[id=\"category-btn-SMP\"]').click();\ncy.get('[id=\"category-1\"]').should('have.class', 'PricingPlans');\ncy.get('[id=\"category-btn-SMA\"]').click();",
              "err": {},
              "uuid": "fd69e318-81fc-4d23-b015-970470f871a0",
              "parentUUID": "0cbeecd4-6311-4302-b919-a42f30e67d47",
              "isHook": false,
              "skipped": false
            },
            {
              "title": "#2 Subscribe Button Functionality",
              "fullTitle": "Test Subscribe Process - EMBED Page #2 Subscribe Button Functionality",
              "timedOut": null,
              "duration": 19851,
              "state": "passed",
              "speed": "slow",
              "pass": true,
              "fail": false,
              "pending": false,
              "context": null,
              "code": "cy.visit(Cypress.env('quipper_plans_embed'));\ncy.url().should('include', '/embed/plans'); //Test Subscribe Button Each Pricing Plan\ncy.get('[id=\"1819\"]').within(function () {\n  cy.contains('Subscribe').click();\n});\ncy.get('.PaymentHeader__icon').click();\ncy.wait(1000);\ncy.get('[id=\"1818\"]').within(function () {\n  cy.contains('Subscribe').click();\n});\ncy.get('.PaymentHeader__icon').click();\ncy.wait(1000);\ncy.get('[id=\"1820\"]').within(function () {\n  cy.contains('Subscribe').click();\n});\ncy.get('.PaymentHeader__icon').click();",
              "err": {},
              "uuid": "bafa4301-d707-48bd-8b76-2a4a0aa70ceb",
              "parentUUID": "0cbeecd4-6311-4302-b919-a42f30e67d47",
              "isHook": false,
              "skipped": false
            },
            {
              "title": "#3 Paket Intensif SMA Integration with Payment Method Page",
              "fullTitle": "Test Subscribe Process - EMBED Page #3 Paket Intensif SMA Integration with Payment Method Page",
              "timedOut": null,
              "duration": 13475,
              "state": "passed",
              "speed": "slow",
              "pass": true,
              "fail": false,
              "pending": false,
              "context": null,
              "code": "cy.visit(Cypress.env('quipper_plans_embed'));\ncy.url().should('include', '/embed/plans');\ncy.get('[id=\"1819\"]').within(function () {\n  //Get the Pricing Plan Title from Select a Plan Page\n  cy.get('.PricingPlan__title').then(function ($title) {\n    var txt = $title.text();\n    cy.wrap(txt).as('planName');\n  }); //Get the Price from Select a Plan page\n  cy.get('.PricingPlan__price').then(function ($price) {\n    var prc = $price.text();\n    cy.wrap(prc).as('planPrice');\n  });\n  cy.contains('Subscribe').click();\n});\ncy.url().should('include', '/embed/payment/methods');\ncy.get('.gtm-app-continue-payment').click();\ncy.get('@planName').then(function (planName) {\n  cy.get('@planPrice').then(function (planPrice) {\n    cy.get('.Invoice').should('contain', planName);\n    cy.get('.Invoice').should('contain', planPrice);\n  });\n});",
              "err": {},
              "uuid": "394f65e0-6859-47cd-80bc-ddad44b37105",
              "parentUUID": "0cbeecd4-6311-4302-b919-a42f30e67d47",
              "isHook": false,
              "skipped": false
            },
            {
              "title": "#4 Paket Regular SMA Integration with Payment Method Page",
              "fullTitle": "Test Subscribe Process - EMBED Page #4 Paket Regular SMA Integration with Payment Method Page",
              "timedOut": null,
              "duration": 14829,
              "state": "passed",
              "speed": "slow",
              "pass": true,
              "fail": false,
              "pending": false,
              "context": null,
              "code": "cy.visit(Cypress.env('quipper_plans_embed'));\ncy.url().should('include', '/embed/plans');\ncy.get('[id=\"1818\"]').within(function () {\n  //Get the Pricing Plan Title from Select a Plan Page\n  cy.get('.PricingPlan__title').then(function ($title) {\n    var txt = $title.text();\n    cy.wrap(txt).as('planName');\n  }); //Get the Price from Select a Plan page\n  cy.get('.PricingPlan__price').then(function ($price) {\n    var prc = $price.text();\n    cy.wrap(prc).as('planPrice');\n  });\n  cy.contains('Subscribe').click();\n});\ncy.url().should('include', '/embed/payment/methods');\ncy.get('.gtm-app-continue-payment').click();\ncy.get('@planName').then(function (planName) {\n  cy.get('@planPrice').then(function (planPrice) {\n    cy.get('.Invoice').should('contain', planName);\n    cy.get('.Invoice').should('contain', planPrice);\n  });\n});",
              "err": {},
              "uuid": "0dda4991-de84-4cd2-9c58-4f02ba48e9be",
              "parentUUID": "0cbeecd4-6311-4302-b919-a42f30e67d47",
              "isHook": false,
              "skipped": false
            },
            {
              "title": "#5 Paket Intensif SMA + 3 Bulan Masterclass Integration with Payment Method Page",
              "fullTitle": "Test Subscribe Process - EMBED Page #5 Paket Intensif SMA + 3 Bulan Masterclass Integration with Payment Method Page",
              "timedOut": null,
              "duration": 11086,
              "state": "passed",
              "speed": "slow",
              "pass": true,
              "fail": false,
              "pending": false,
              "context": null,
              "code": "cy.visit(Cypress.env('quipper_plans_embed'));\ncy.url().should('include', '/embed/plans');\ncy.get('[id=\"1820\"]').within(function () {\n  //Get the Pricing Plan Title from Select a Plan Page\n  cy.get('.PricingPlan__title').then(function ($title) {\n    var txt = $title.text();\n    cy.wrap(txt).as('planName');\n  }); //Get the Price from Select a Plan page\n  cy.get('.PricingPlan__price').then(function ($price) {\n    var prc = $price.text();\n    cy.wrap(prc).as('planPrice');\n  });\n  cy.contains('Subscribe').click();\n});\ncy.url().should('include', '/embed/payment/methods');\ncy.get('.gtm-app-continue-payment').click();\ncy.get('@planName').then(function (planName) {\n  cy.get('@planPrice').then(function (planPrice) {\n    cy.get('.Invoice').should('contain', planName);\n    cy.get('.Invoice').should('contain', planPrice);\n  });\n});",
              "err": {},
              "uuid": "04a57c8a-bfc0-404f-8575-b7d47558b8d7",
              "parentUUID": "0cbeecd4-6311-4302-b919-a42f30e67d47",
              "isHook": false,
              "skipped": false
            }
          ],
          "suites": [],
          "passes": [
            "fd69e318-81fc-4d23-b015-970470f871a0",
            "bafa4301-d707-48bd-8b76-2a4a0aa70ceb",
            "394f65e0-6859-47cd-80bc-ddad44b37105",
            "0dda4991-de84-4cd2-9c58-4f02ba48e9be",
            "04a57c8a-bfc0-404f-8575-b7d47558b8d7"
          ],
          "failures": [],
          "pending": [],
          "skipped": [],
          "duration": 74480,
          "root": false,
          "rootEmpty": false,
          "_timeout": 2000
        }
      ],
      "passes": [],
      "failures": [],
      "pending": [],
      "skipped": [],
      "duration": 0,
      "root": true,
      "rootEmpty": true,
      "_timeout": 2000
    }
  ],
  "meta": {
    "mocha": {
      "version": "7.0.1"
    },
    "mochawesome": {
      "options": {
        "quiet": false,
        "reportFilename": "mochawesome",
        "saveHtml": false,
        "saveJson": true,
        "consoleReporter": "spec",
        "useInlineDiffs": false,
        "code": true
      },
      "version": "6.1.1"
    },
    "marge": {
      "options": {
        "id": "default",
        "reportDir": "cypress/reports/mocha",
        "quite": true,
        "overwrite": false,
        "html": false,
        "json": true
      },
      "version": "5.1.0"
    }
  }
}