{
  "stats": {
    "suites": 1,
    "tests": 10,
    "passes": 10,
    "pending": 0,
    "failures": 0,
    "start": "2020-07-16T03:17:50.158Z",
    "end": "2020-07-16T03:19:36.568Z",
    "duration": 106410,
    "testsRegistered": 10,
    "passPercent": 100,
    "pendingPercent": 0,
    "other": 0,
    "hasOther": false,
    "skipped": 0,
    "hasSkipped": false
  },
  "results": [
    {
      "uuid": "0be64229-c06e-4017-a967-bf6b004c8839",
      "title": "",
      "fullFile": "cypress\\integration\\02-id-subscribeProcess.js",
      "file": "cypress\\integration\\02-id-subscribeProcess.js",
      "beforeHooks": [],
      "afterHooks": [],
      "tests": [],
      "suites": [
        {
          "uuid": "f6b2e846-660f-478a-af8c-21148e154df2",
          "title": "Test Subscribe Process",
          "fullFile": "",
          "file": "",
          "beforeHooks": [],
          "afterHooks": [],
          "tests": [
            {
              "title": "#1 Load Page Successfully",
              "fullTitle": "Test Subscribe Process #1 Load Page Successfully",
              "timedOut": null,
              "duration": 10152,
              "state": "passed",
              "speed": "slow",
              "pass": true,
              "fail": false,
              "pending": false,
              "context": null,
              "code": "cy.visit(Cypress.env('quipper_dashboard'));",
              "err": {},
              "uuid": "b9e94d5d-b6e7-4a6f-8ee4-6d2cb5b071b1",
              "parentUUID": "f6b2e846-660f-478a-af8c-21148e154df2",
              "isHook": false,
              "skipped": false
            },
            {
              "title": "#2 Dashboard Showing Correct Components",
              "fullTitle": "Test Subscribe Process #2 Dashboard Showing Correct Components",
              "timedOut": null,
              "duration": 10323,
              "state": "passed",
              "speed": "slow",
              "pass": true,
              "fail": false,
              "pending": false,
              "context": null,
              "code": "cy.contains('Home');\ncy.wait(500);\ncy.contains('Course List');\ncy.contains('My Courses');\ncy.wait(500);\ncy.get('.AvatarMenu__Toggle--kz3Cn').click();\ncy.wait(500);\ncy.contains('Profile');\ncy.contains('Subscriptions');\ncy.contains('Search campuses');\ncy.contains('Logout');\ncy.wait(500);\ncy.get('.AvatarMenu__Toggle--kz3Cn').click();\ncy.wait(500); //Upsell Banner\ncy.get('.UpsellBanner--2x5p2');\ncy.contains('Pilih Paket'); //cy.contains('Coba Gratis Dulu')\n//Notification Banner\ncy.get('.DashboardModuleTemplate__Banner--1GLG-');\ncy.contains('Subscribe now');",
              "err": {},
              "uuid": "ef686b79-cc5a-4e64-9048-696cf6701a21",
              "parentUUID": "f6b2e846-660f-478a-af8c-21148e154df2",
              "isHook": false,
              "skipped": false
            },
            {
              "title": "#3 Avatar Button Menu Functionality",
              "fullTitle": "Test Subscribe Process #3 Avatar Button Menu Functionality",
              "timedOut": null,
              "duration": 11509,
              "state": "passed",
              "speed": "slow",
              "pass": true,
              "fail": false,
              "pending": false,
              "context": null,
              "code": "cy.wait(1000);\ncy.get('.AvatarMenu__Toggle--kz3Cn').click();\ncy.contains('Profile').click();\ncy.url().should('include', '/en/settings/profile');\ncy.wait(1000);\ncy.contains('Home').click();\ncy.url().should('include', '/dashboard');\ncy.wait(1000);\ncy.get('.AvatarMenu__Toggle--kz3Cn').click();\ncy.contains('Subscriptions').should('have.attr', 'target', '_blank');",
              "err": {},
              "uuid": "90050ecb-af60-4f26-9b44-62b2fa0a2ac6",
              "parentUUID": "f6b2e846-660f-478a-af8c-21148e154df2",
              "isHook": false,
              "skipped": false
            },
            {
              "title": "#4 Upsell Banner Functionality",
              "fullTitle": "Test Subscribe Process #4 Upsell Banner Functionality",
              "timedOut": null,
              "duration": 9928,
              "state": "passed",
              "speed": "slow",
              "pass": true,
              "fail": false,
              "pending": false,
              "context": null,
              "code": "cy.contains('Pilih Paket').should('have.attr', 'href', Cypress.env('quipper_upsell_short'));\ncy.visit(Cypress.env('quipper_upsell'));\ncy.url().should('include', '/plans');",
              "err": {},
              "uuid": "c8bb76c0-403b-4b72-ab06-cdf586228daa",
              "parentUUID": "f6b2e846-660f-478a-af8c-21148e154df2",
              "isHook": false,
              "skipped": false
            },
            {
              "title": "#5 Susbcribe Now Banner Functionality",
              "fullTitle": "Test Subscribe Process #5 Susbcribe Now Banner Functionality",
              "timedOut": null,
              "duration": 6765,
              "state": "passed",
              "speed": "slow",
              "pass": true,
              "fail": false,
              "pending": false,
              "context": null,
              "code": "cy.contains('Subscribe now').should('have.attr', 'href', Cypress.env('quipper_plans'));\ncy.visit(Cypress.env('quipper_plans'));\ncy.url().should('include', '/plans');",
              "err": {},
              "uuid": "62de6dd0-f6ee-4a77-bd14-d0381a45904f",
              "parentUUID": "f6b2e846-660f-478a-af8c-21148e154df2",
              "isHook": false,
              "skipped": false
            },
            {
              "title": "#6 Select a Plan Page Functionality",
              "fullTitle": "Test Subscribe Process #6 Select a Plan Page Functionality",
              "timedOut": null,
              "duration": 10737,
              "state": "passed",
              "speed": "slow",
              "pass": true,
              "fail": false,
              "pending": false,
              "context": null,
              "code": "cy.visit(Cypress.env('quipper_plans'));\ncy.url().should('include', '/plans'); //Test the `Select a Plan` Page\ncy.get('.PricingPlansWeb__redeem_activation');\ncy.get('[id=\"category-btn-SMA\"]').click();\ncy.get('[id=\"category-2\"]').should('have.class', 'PricingPlans');\ncy.get('[id=\"category-btn-SMP\"]').click();\ncy.get('[id=\"category-1\"]').should('have.class', 'PricingPlans');\ncy.get('[id=\"category-btn-SMA\"]').click();\ncy.get('.PricingPlansWeb__redeem_activation').should('have.attr', 'href', '/activationcode');\ncy.get('.PricingPlansWeb__redeem_activation').click();\ncy.url().should('include', 'activationcode');\ncy.contains('Subscriptions').click();\ncy.url().should('include', '/plans');",
              "err": {},
              "uuid": "ce4fa58c-82e7-4a3d-9cd2-a70a13294277",
              "parentUUID": "f6b2e846-660f-478a-af8c-21148e154df2",
              "isHook": false,
              "skipped": false
            },
            {
              "title": "#7 Subscribe Button Functionality ",
              "fullTitle": "Test Subscribe Process #7 Subscribe Button Functionality ",
              "timedOut": null,
              "duration": 14033,
              "state": "passed",
              "speed": "slow",
              "pass": true,
              "fail": false,
              "pending": false,
              "context": null,
              "code": "cy.visit(Cypress.env('quipper_plans'));\ncy.url().should('include', '/plans'); //Test `Subscribe` Button Each Pricing Plan\ncy.get('[id=\"1819\"]').within(function () {\n  cy.contains('Subscribe').click();\n});\ncy.contains('Back').click();\ncy.wait(1000);\ncy.get('[id=\"1818\"]').within(function () {\n  cy.contains('Subscribe').click();\n});\ncy.contains('Back').click();\ncy.wait(1000);\ncy.get('[id=\"1820\"]').within(function () {\n  cy.contains('Subscribe').click();\n});\ncy.contains('Back').click();",
              "err": {},
              "uuid": "0cb709da-76ca-4ba1-baa5-570fa476dc01",
              "parentUUID": "f6b2e846-660f-478a-af8c-21148e154df2",
              "isHook": false,
              "skipped": false
            },
            {
              "title": "#8 Paket Intensif SMA Integration with Payment Method Page",
              "fullTitle": "Test Subscribe Process #8 Paket Intensif SMA Integration with Payment Method Page",
              "timedOut": null,
              "duration": 10545,
              "state": "passed",
              "speed": "slow",
              "pass": true,
              "fail": false,
              "pending": false,
              "context": null,
              "code": "cy.visit(Cypress.env('quipper_plans'));\ncy.url().should('include', '/plans'); //Test the `Payment Method Page` Integration with Pricing \ncy.get('[id=\"1819\"]').within(function () {\n  //Get the Pricing Plan Title from Select a Plan Page\n  cy.get('.PricingPlan__title').then(function ($title) {\n    var txt = $title.text();\n    cy.wrap(txt).as('planName');\n  }); //Get the Price from Select a Plan page\n  cy.get('.PricingPlan__price').then(function ($price) {\n    var prc = $price.text();\n    cy.wrap(prc).as('planPrice');\n  });\n  cy.contains('Subscribe').click();\n});\ncy.url().should('include', '/payment/methods'); //Get the Pricing Plan Title from Payment Method Page\ncy.get('.SubscriptionPlanName').then(function ($judul) {\n  var text = $judul.text();\n  cy.wrap(text).as('planNamePayment');\n}); //Get the Pricing Plan Price from Payment Method Page\ncy.get('.Amount__final').then(function ($harga) {\n  var hrg = $harga.text();\n  cy.wrap(hrg).as('planPricePayment');\n}); //Validate on Pricing Plan Title Data\ncy.get('@planName').then(function (planName) {\n  cy.get('@planNamePayment').then(function (planNamePayment) {\n    expect(planName).to.equal(planNamePayment);\n  });\n}); //Validate on Pricing Plan Price Data\ncy.get('@planPrice').then(function (planPrice) {\n  cy.get('@planPricePayment').then(function (planPricePayment) {\n    expect(planPrice).to.equal(planPricePayment);\n  });\n});",
              "err": {},
              "uuid": "36730a0f-40ef-4f52-bcea-2619bab52363",
              "parentUUID": "f6b2e846-660f-478a-af8c-21148e154df2",
              "isHook": false,
              "skipped": false
            },
            {
              "title": "#9 Paket Regular SMA Integration with Payment Method Page",
              "fullTitle": "Test Subscribe Process #9 Paket Regular SMA Integration with Payment Method Page",
              "timedOut": null,
              "duration": 10088,
              "state": "passed",
              "speed": "slow",
              "pass": true,
              "fail": false,
              "pending": false,
              "context": null,
              "code": "cy.visit(Cypress.env('quipper_plans'));\ncy.url().should('include', '/plans'); //Test the `Payment Method Page` Integration with Pricing \ncy.get('[id=\"1818\"]').within(function () {\n  //Get the Pricing Plan Title from Select a Plan Page\n  cy.get('.PricingPlan__title').then(function ($title) {\n    var txt = $title.text();\n    cy.wrap(txt).as('planName');\n  }); //Get the Price from Select a Plan page\n  cy.get('.PricingPlan__price').then(function ($price) {\n    var prc = $price.text();\n    cy.wrap(prc).as('planPrice');\n  });\n  cy.contains('Subscribe').click();\n});\ncy.url().should('include', '/payment/methods'); //Get the Pricing Plan Title from Payment Method Page\ncy.get('.SubscriptionPlanName').then(function ($judul) {\n  var text = $judul.text();\n  cy.wrap(text).as('planNamePayment');\n}); //Get the Pricing Plan Price from Payment Method Page\ncy.get('.Amount__final').then(function ($harga) {\n  var hrg = $harga.text();\n  cy.wrap(hrg).as('planPricePayment');\n}); //Validate on Pricing Plan Title Data\ncy.get('@planName').then(function (planName) {\n  cy.get('@planNamePayment').then(function (planNamePayment) {\n    expect(planName).to.equal(planNamePayment);\n  });\n}); //Validate on Pricing Plan Price Data\ncy.get('@planPrice').then(function (planPrice) {\n  cy.get('@planPricePayment').then(function (planPricePayment) {\n    expect(planPrice).to.equal(planPricePayment);\n  });\n});",
              "err": {},
              "uuid": "d0401b0e-6d6f-45cc-bce4-578219210b58",
              "parentUUID": "f6b2e846-660f-478a-af8c-21148e154df2",
              "isHook": false,
              "skipped": false
            },
            {
              "title": "#10 Paket Intensif SMA + 3 Bulan Masterclass Integration with Payment Method Page",
              "fullTitle": "Test Subscribe Process #10 Paket Intensif SMA + 3 Bulan Masterclass Integration with Payment Method Page",
              "timedOut": null,
              "duration": 8590,
              "state": "passed",
              "speed": "slow",
              "pass": true,
              "fail": false,
              "pending": false,
              "context": null,
              "code": "cy.visit(Cypress.env('quipper_plans'));\ncy.url().should('include', '/plans'); //Test the `Payment Method Page` Integration with Pricing \ncy.get('[id=\"1820\"]').within(function () {\n  //Get the Pricing Plan Title from Select a Plan Page\n  cy.get('.PricingPlan__title').then(function ($title) {\n    var txt = $title.text();\n    cy.wrap(txt).as('planName');\n  }); //Get the Price from Select a Plan page\n  cy.get('.PricingPlan__price').then(function ($price) {\n    var prc = $price.text();\n    cy.wrap(prc).as('planPrice');\n  });\n  cy.contains('Subscribe').click();\n});\ncy.url().should('include', '/payment/methods'); //Get the Pricing Plan Title from Payment Method Page\ncy.get('.SubscriptionPlanName').then(function ($judul) {\n  var text = $judul.text();\n  cy.wrap(text).as('planNamePayment');\n}); //Get the Pricing Plan Price from Payment Method Page\ncy.get('.Amount__final').then(function ($harga) {\n  var hrg = $harga.text();\n  cy.wrap(hrg).as('planPricePayment');\n}); //Validate on Pricing Plan Title Data\ncy.get('@planName').then(function (planName) {\n  cy.get('@planNamePayment').then(function (planNamePayment) {\n    expect(planName).to.equal(planNamePayment);\n  });\n}); //Validate on Pricing Plan Price Data\ncy.get('@planPrice').then(function (planPrice) {\n  cy.get('@planPricePayment').then(function (planPricePayment) {\n    expect(planPrice).to.equal(planPricePayment);\n  });\n});",
              "err": {},
              "uuid": "48518e1d-8a47-49db-af3a-26b6e1c0f5e8",
              "parentUUID": "f6b2e846-660f-478a-af8c-21148e154df2",
              "isHook": false,
              "skipped": false
            }
          ],
          "suites": [],
          "passes": [
            "b9e94d5d-b6e7-4a6f-8ee4-6d2cb5b071b1",
            "ef686b79-cc5a-4e64-9048-696cf6701a21",
            "90050ecb-af60-4f26-9b44-62b2fa0a2ac6",
            "c8bb76c0-403b-4b72-ab06-cdf586228daa",
            "62de6dd0-f6ee-4a77-bd14-d0381a45904f",
            "ce4fa58c-82e7-4a3d-9cd2-a70a13294277",
            "0cb709da-76ca-4ba1-baa5-570fa476dc01",
            "36730a0f-40ef-4f52-bcea-2619bab52363",
            "d0401b0e-6d6f-45cc-bce4-578219210b58",
            "48518e1d-8a47-49db-af3a-26b6e1c0f5e8"
          ],
          "failures": [],
          "pending": [],
          "skipped": [],
          "duration": 102670,
          "root": false,
          "rootEmpty": false,
          "_timeout": 2000
        }
      ],
      "passes": [],
      "failures": [],
      "pending": [],
      "skipped": [],
      "duration": 0,
      "root": true,
      "rootEmpty": true,
      "_timeout": 2000
    }
  ],
  "meta": {
    "mocha": {
      "version": "7.0.1"
    },
    "mochawesome": {
      "options": {
        "quiet": false,
        "reportFilename": "mochawesome",
        "saveHtml": false,
        "saveJson": true,
        "consoleReporter": "spec",
        "useInlineDiffs": false,
        "code": true
      },
      "version": "6.1.1"
    },
    "marge": {
      "options": {
        "id": "default",
        "reportDir": "cypress/reports/mocha",
        "quite": true,
        "overwrite": false,
        "html": false,
        "json": true
      },
      "version": "5.1.0"
    }
  }
}