{
  "stats": {
    "suites": 2,
    "tests": 15,
    "passes": 14,
    "pending": 0,
    "failures": 1,
    "start": "2020-06-25T04:29:01.532Z",
    "end": "2020-06-25T04:29:42.830Z",
    "duration": 41298,
    "testsRegistered": 15,
    "passPercent": 93.33333333333333,
    "pendingPercent": 0,
    "other": 0,
    "hasOther": false,
    "skipped": 0,
    "hasSkipped": false
  },
  "results": [
    {
      "uuid": "ff80e49f-0d0e-46af-8a1a-e83567c26b47",
      "title": "",
      "fullFile": "cypress\\integration\\id-signUp.js",
      "file": "cypress\\integration\\id-signUp.js",
      "beforeHooks": [],
      "afterHooks": [],
      "tests": [],
      "suites": [
        {
          "uuid": "7f3e8f57-5bc6-4cb7-b217-8dd1ab31a916",
          "title": "Test Quipper Home Page - Login Page Transition",
          "fullFile": "",
          "file": "",
          "beforeHooks": [],
          "afterHooks": [],
          "tests": [
            {
              "title": "#1 Successfully Loads",
              "fullTitle": "Test Quipper Home Page - Login Page Transition #1 Successfully Loads",
              "timedOut": null,
              "duration": 9944,
              "state": "passed",
              "speed": "slow",
              "pass": true,
              "fail": false,
              "pending": false,
              "context": null,
              "code": "//cy.visit('https://www.quipper.com/id/')\ncy.visit(Cypress.env('quipper_home_page'));",
              "err": {},
              "uuid": "0b597b14-6ae0-4459-bb3b-5eeca905e6e7",
              "parentUUID": "7f3e8f57-5bc6-4cb7-b217-8dd1ab31a916",
              "isHook": false,
              "skipped": false
            },
            {
              "title": "#2 Showing the Correct Components",
              "fullTitle": "Test Quipper Home Page - Login Page Transition #2 Showing the Correct Components",
              "timedOut": null,
              "duration": 196,
              "state": "passed",
              "speed": "slow",
              "pass": true,
              "fail": false,
              "pending": false,
              "context": null,
              "code": "cy.contains('Untuk Siswa');\ncy.contains('Untuk Guru');\ncy.contains('Blog');\ncy.contains('Tentang Quipper');\ncy.contains('Login');\ncy.contains('Daftar Sekarang');",
              "err": {},
              "uuid": "a81bc87c-b491-4bc3-b13a-82132da81031",
              "parentUUID": "7f3e8f57-5bc6-4cb7-b217-8dd1ab31a916",
              "isHook": false,
              "skipped": false
            },
            {
              "title": "#3 Move to Login Page",
              "fullTitle": "Test Quipper Home Page - Login Page Transition #3 Move to Login Page",
              "timedOut": null,
              "duration": 4809,
              "state": "passed",
              "speed": "slow",
              "pass": true,
              "fail": false,
              "pending": false,
              "context": null,
              "code": "cy.contains('Login').click();\ncy.url().should('include', '/en/login');",
              "err": {},
              "uuid": "6776570e-2de9-473b-9acc-7fcc4890e2c5",
              "parentUUID": "7f3e8f57-5bc6-4cb7-b217-8dd1ab31a916",
              "isHook": false,
              "skipped": false
            }
          ],
          "suites": [],
          "passes": [
            "0b597b14-6ae0-4459-bb3b-5eeca905e6e7",
            "a81bc87c-b491-4bc3-b13a-82132da81031",
            "6776570e-2de9-473b-9acc-7fcc4890e2c5"
          ],
          "failures": [],
          "pending": [],
          "skipped": [],
          "duration": 14949,
          "root": false,
          "rootEmpty": false,
          "_timeout": 2000
        },
        {
          "uuid": "62f4bb1b-ea4f-4691-aeca-95ec36a5cf5a",
          "title": "Test Sign Up Page",
          "fullFile": "",
          "file": "",
          "beforeHooks": [],
          "afterHooks": [],
          "tests": [
            {
              "title": "#1 Successfully Loads",
              "fullTitle": "Test Sign Up Page #1 Successfully Loads",
              "timedOut": null,
              "duration": 5011,
              "state": "passed",
              "speed": "slow",
              "pass": true,
              "fail": false,
              "pending": false,
              "context": null,
              "code": "//cy.visit('https://subscribe.quipper.com/signup/id')\ncy.visit(Cypress.env('quipper_subscribe'));",
              "err": {},
              "uuid": "4d13db09-358f-4f8b-95a1-4d3a1fd031c0",
              "parentUUID": "62f4bb1b-ea4f-4691-aeca-95ec36a5cf5a",
              "isHook": false,
              "skipped": false
            },
            {
              "title": "#2 Showing The Correct Components",
              "fullTitle": "Test Sign Up Page #2 Showing The Correct Components",
              "timedOut": null,
              "duration": 671,
              "state": "passed",
              "speed": "slow",
              "pass": true,
              "fail": false,
              "pending": false,
              "context": null,
              "code": "cy.contains('Select your location');\ncy.get('[name= \"country\"]');\ncy.get('.fb-button');\ncy.get('[name= \"firstName\"]');\ncy.get('[name= \"lastName\"]');\ncy.get('[name= \"gradeLevel\"]');\ncy.get('[name = \"phoneNumber\"]');\ncy.get('[name = \"email\"]');\ncy.get('[name = \"username\"]');\ncy.get('[name = \"password\"]');\ncy.get('[name = \"passwordConfirmation\"]');\ncy.get('[name = \"submit\"]');",
              "err": {},
              "uuid": "43024d0d-59d1-4b89-8e3e-b897979d345f",
              "parentUUID": "62f4bb1b-ea4f-4691-aeca-95ec36a5cf5a",
              "isHook": false,
              "skipped": false
            },
            {
              "title": "#3 Input Validation - Create Button",
              "fullTitle": "Test Sign Up Page #3 Input Validation - Create Button",
              "timedOut": null,
              "duration": 470,
              "state": "passed",
              "speed": "slow",
              "pass": true,
              "fail": false,
              "pending": false,
              "context": null,
              "code": "cy.get('.submit-btn').click();\ncy.contains('First name is required.');\ncy.contains('Last name is required.');\ncy.contains('Grade is required.');\ncy.contains('Phone number is required.');\ncy.contains('Username is required.');\ncy.contains('Password is required.');\ncy.contains('Password confirmation is required.');",
              "err": {},
              "uuid": "e78e47a6-fd63-4c53-a60c-568686fb4eae",
              "parentUUID": "62f4bb1b-ea4f-4691-aeca-95ec36a5cf5a",
              "isHook": false,
              "skipped": false
            },
            {
              "title": "#4 Location Selector",
              "fullTitle": "Test Sign Up Page #4 Location Selector",
              "timedOut": null,
              "duration": 5036,
              "state": "failed",
              "speed": null,
              "pass": false,
              "fail": true,
              "pending": false,
              "context": null,
              "code": "cy.get('[name=\"country\"]').select('id');\ncy.url().should('include', '/signup/id');\ncy.get('[name=\"country\"]').select('mx');\ncy.url().should('include', '/signup/mx');",
              "err": {
                "message": "CypressError: Timed out retrying: `cy.select()` failed because it could not find a single `<option>` with value or text matching: `mx`\n\nhttps://on.cypress.io/select",
                "estack": "CypressError: Timed out retrying: `cy.select()` failed because it could not find a single `<option>` with value or text matching: `mx`\n\nhttps://on.cypress.io/select\n    at getOptions (https://www.quipper.com/__cypress/runner/cypress_runner.js:147530:21)\n    at tryCatcher (https://www.quipper.com/__cypress/runner/cypress_runner.js:10161:23)\n    at Function.Promise.attempt.Promise.try (https://www.quipper.com/__cypress/runner/cypress_runner.js:7435:29)\n    at retryOptions (https://www.quipper.com/__cypress/runner/cypress_runner.js:147568:30)\n    at tryCatcher (https://www.quipper.com/__cypress/runner/cypress_runner.js:10161:23)\n    at Function.Promise.attempt.Promise.try (https://www.quipper.com/__cypress/runner/cypress_runner.js:7435:29)\n    at tryFn (https://www.quipper.com/__cypress/runner/cypress_runner.js:158641:24)\n    at whenStable (https://www.quipper.com/__cypress/runner/cypress_runner.js:158682:12)\n    at https://www.quipper.com/__cypress/runner/cypress_runner.js:158205:16\n    at tryCatcher (https://www.quipper.com/__cypress/runner/cypress_runner.js:10161:23)\n    at Promise._settlePromiseFromHandler (https://www.quipper.com/__cypress/runner/cypress_runner.js:8096:31)\n    at Promise._settlePromise (https://www.quipper.com/__cypress/runner/cypress_runner.js:8153:18)\n    at Promise._settlePromise0 (https://www.quipper.com/__cypress/runner/cypress_runner.js:8198:10)\n    at Promise._settlePromises (https://www.quipper.com/__cypress/runner/cypress_runner.js:8278:18)\n    at Promise._fulfill (https://www.quipper.com/__cypress/runner/cypress_runner.js:8222:18)\n    at https://www.quipper.com/__cypress/runner/cypress_runner.js:9836:46\nFrom Your Spec Code:\n    at Context.eval (https://www.quipper.com/__cypress/tests?p=cypress\\integration\\id-signUp.js:48:32)",
                "diff": null
              },
              "uuid": "a8212a72-fc84-4aad-a5c0-9f8d70c3055c",
              "parentUUID": "62f4bb1b-ea4f-4691-aeca-95ec36a5cf5a",
              "isHook": false,
              "skipped": false
            },
            {
              "title": "#5 Input Field Validation - Name",
              "fullTitle": "Test Sign Up Page #5 Input Field Validation - Name",
              "timedOut": null,
              "duration": 2012,
              "state": "passed",
              "speed": "slow",
              "pass": true,
              "fail": false,
              "pending": false,
              "context": null,
              "code": "cy.get('[name=\"firstName\"]').type('23;');\ncy.contains('First name cannot include numbers and symbols.');\ncy.get('[name=\"firstName\"]').type('{del}{selectall}{backspace}');\ncy.get('[name=\"lastName\"]').type('23,$');\ncy.contains('Last name cannot include numbers and symbols.');\ncy.get('[name=\"lastName\"]').type('{del}{selectall}{backspace}');\ncy.get('[name=\"firstName\"]').type('23;');\ncy.get('[name=\"lastName\"]').type('23,$');\ncy.contains('First name cannot include numbers and symbols.');\ncy.contains('Last name cannot include numbers and symbols.');\ncy.get('[name=\"firstName\"]').type('{del}{selectall}{backspace}');\ncy.get('[name=\"lastName\"]').type('{del}{selectall}{backspace}');",
              "err": {},
              "uuid": "ccd8095f-1f88-48ef-93b3-287fed219730",
              "parentUUID": "62f4bb1b-ea4f-4691-aeca-95ec36a5cf5a",
              "isHook": false,
              "skipped": false
            },
            {
              "title": "#6 Input Field Validation - Phone",
              "fullTitle": "Test Sign Up Page #6 Input Field Validation - Phone",
              "timedOut": null,
              "duration": 900,
              "state": "passed",
              "speed": "slow",
              "pass": true,
              "fail": false,
              "pending": false,
              "context": null,
              "code": "cy.get('[name=\"phoneNumber\"]').type('23#a');\ncy.contains('Phone number should only contain numbers.');\ncy.get('[name=\"phoneNumber\"]').type('{del}{selectall}{backspace}');\ncy.get('[name=\"phoneNumber\"]').type('23');\ncy.contains('Phone number must be between 9-14 digits.');\ncy.get('[name=\"phoneNumber\"]').type('{del}{selectall}{backspace}');",
              "err": {},
              "uuid": "c7578915-56a2-4704-b75a-5a8f1d01f3ca",
              "parentUUID": "62f4bb1b-ea4f-4691-aeca-95ec36a5cf5a",
              "isHook": false,
              "skipped": false
            },
            {
              "title": "#7 Input Field Validation - Email",
              "fullTitle": "Test Sign Up Page #7 Input Field Validation - Email",
              "timedOut": null,
              "duration": 748,
              "state": "passed",
              "speed": "slow",
              "pass": true,
              "fail": false,
              "pending": false,
              "context": null,
              "code": "cy.get('[name=\"email\"]').type('1213aSAS;;;;');\ncy.contains('Please enter email in the correct format.');\ncy.get('[name=\"email\"]').type('{del}{selectall}{backspace}');",
              "err": {},
              "uuid": "bac587cd-b8c8-4d05-b1a4-d407a0e39a58",
              "parentUUID": "62f4bb1b-ea4f-4691-aeca-95ec36a5cf5a",
              "isHook": false,
              "skipped": false
            },
            {
              "title": "#8 Input Field Validation - Username",
              "fullTitle": "Test Sign Up Page #8 Input Field Validation - Username",
              "timedOut": null,
              "duration": 951,
              "state": "passed",
              "speed": "slow",
              "pass": true,
              "fail": false,
              "pending": false,
              "context": null,
              "code": "cy.get('[name=\"username\"]').type('sd');\ncy.contains('Username must be between 4-20 characters.');\ncy.get('[name=\"username\"]').type('{del}{selectall}{backspace}');\ncy.get('[name=\"username\"]').type('##fersgrv,,;;');\ncy.contains('Username can only have lower case letters, numbers and the following characters: - _ .');\ncy.get('[name=\"username\"]').type('{del}{selectall}{backspace}');",
              "err": {},
              "uuid": "259198f7-61cc-4ee9-aa15-21e688aaea80",
              "parentUUID": "62f4bb1b-ea4f-4691-aeca-95ec36a5cf5a",
              "isHook": false,
              "skipped": false
            },
            {
              "title": "#9 Input Field Validation - Password",
              "fullTitle": "Test Sign Up Page #9 Input Field Validation - Password",
              "timedOut": null,
              "duration": 1025,
              "state": "passed",
              "speed": "slow",
              "pass": true,
              "fail": false,
              "pending": false,
              "context": null,
              "code": "cy.get('[name=\"password\"]').type('as');\ncy.contains('Password must be a combination of letters and numbers.');\ncy.get('[name=\"password\"]').type('{del}{selectall}{backspace}');\ncy.get('[name=\"password\"]').type('12');\ncy.contains('Password must be a combination of letters and numbers.');\ncy.get('[name=\"password\"]').type('{del}{selectall}{backspace}');\ncy.get('[name=\"password\"]').type('as12');\ncy.contains('Password must be at least 6 characters.');\ncy.get('[name=\"password\"]').type('{del}{selectall}{backspace}');",
              "err": {},
              "uuid": "da054f69-7e59-4215-8c0d-a6c4dcf9da8e",
              "parentUUID": "62f4bb1b-ea4f-4691-aeca-95ec36a5cf5a",
              "isHook": false,
              "skipped": false
            },
            {
              "title": "#10 Input Field Validation - Password Confirmation",
              "fullTitle": "Test Sign Up Page #10 Input Field Validation - Password Confirmation",
              "timedOut": null,
              "duration": 1258,
              "state": "passed",
              "speed": "slow",
              "pass": true,
              "fail": false,
              "pending": false,
              "context": null,
              "code": "cy.get('[name=\"password\"]').type('as12as12as12');\ncy.get('[name=\"passwordConfirmation\"]').type('asdasd');\ncy.contains('The password and confirmation password do not match.');\ncy.get('[name=\"password\"]').type('{del}{selectall}{backspace}');\ncy.get('[name=\"passwordConfirmation\"]').type('{del}{selectall}{backspace}');",
              "err": {},
              "uuid": "4b630d6a-5a95-4692-9d17-6823aa8a4031",
              "parentUUID": "62f4bb1b-ea4f-4691-aeca-95ec36a5cf5a",
              "isHook": false,
              "skipped": false
            },
            {
              "title": "#11 Input Field Validation - School Membership Number",
              "fullTitle": "Test Sign Up Page #11 Input Field Validation - School Membership Number",
              "timedOut": null,
              "duration": 268,
              "state": "passed",
              "speed": "slow",
              "pass": true,
              "fail": false,
              "pending": false,
              "context": null,
              "code": "cy.get('[name=\"membership-checkbox\"]').check({\n  force: true\n}).should('be.checked');\ncy.get('[name=\"organizationMembershipCode\"]');\ncy.get('[name=\"membership-checkbox\"]').uncheck({\n  force: true\n}).should('not.be.checked');",
              "err": {},
              "uuid": "7d8bf8fd-d4e5-40e1-8682-96adcfa29e9f",
              "parentUUID": "62f4bb1b-ea4f-4691-aeca-95ec36a5cf5a",
              "isHook": false,
              "skipped": false
            },
            {
              "title": "#12 Transition to Login Page",
              "fullTitle": "Test Sign Up Page #12 Transition to Login Page",
              "timedOut": null,
              "duration": 3686,
              "state": "passed",
              "speed": "slow",
              "pass": true,
              "fail": false,
              "pending": false,
              "context": null,
              "code": "cy.contains('Log In').click();\ncy.url().should('include', '/en/login');",
              "err": {},
              "uuid": "aaf74aa8-f232-4ca5-859f-976a390163bc",
              "parentUUID": "62f4bb1b-ea4f-4691-aeca-95ec36a5cf5a",
              "isHook": false,
              "skipped": false
            }
          ],
          "suites": [],
          "passes": [
            "4d13db09-358f-4f8b-95a1-4d3a1fd031c0",
            "43024d0d-59d1-4b89-8e3e-b897979d345f",
            "e78e47a6-fd63-4c53-a60c-568686fb4eae",
            "ccd8095f-1f88-48ef-93b3-287fed219730",
            "c7578915-56a2-4704-b75a-5a8f1d01f3ca",
            "bac587cd-b8c8-4d05-b1a4-d407a0e39a58",
            "259198f7-61cc-4ee9-aa15-21e688aaea80",
            "da054f69-7e59-4215-8c0d-a6c4dcf9da8e",
            "4b630d6a-5a95-4692-9d17-6823aa8a4031",
            "7d8bf8fd-d4e5-40e1-8682-96adcfa29e9f",
            "aaf74aa8-f232-4ca5-859f-976a390163bc"
          ],
          "failures": [
            "a8212a72-fc84-4aad-a5c0-9f8d70c3055c"
          ],
          "pending": [],
          "skipped": [],
          "duration": 22036,
          "root": false,
          "rootEmpty": false,
          "_timeout": 2000
        }
      ],
      "passes": [],
      "failures": [],
      "pending": [],
      "skipped": [],
      "duration": 0,
      "root": true,
      "rootEmpty": true,
      "_timeout": 2000
    }
  ],
  "meta": {
    "mocha": {
      "version": "7.0.1"
    },
    "mochawesome": {
      "options": {
        "quiet": false,
        "reportFilename": "mochawesome",
        "saveHtml": false,
        "saveJson": true,
        "consoleReporter": "spec",
        "useInlineDiffs": false,
        "code": true
      },
      "version": "6.1.1"
    },
    "marge": {
      "options": {
        "id": "default",
        "reportDir": "cypress/reports/mocha",
        "quite": true,
        "overwrite": false,
        "html": false,
        "json": true
      },
      "version": "5.1.0"
    }
  }
}