{
  "stats": {
    "suites": 2,
    "tests": 15,
    "passes": 15,
    "pending": 0,
    "failures": 0,
    "start": "2020-06-26T02:22:38.749Z",
    "end": "2020-06-26T02:23:15.225Z",
    "duration": 36476,
    "testsRegistered": 15,
    "passPercent": 100,
    "pendingPercent": 0,
    "other": 0,
    "hasOther": false,
    "skipped": 0,
    "hasSkipped": false
  },
  "results": [
    {
      "uuid": "b58990e8-3ed8-4eb4-a5ce-a5fc4267eb22",
      "title": "",
      "fullFile": "cypress\\integration\\01-id-signUp.js",
      "file": "cypress\\integration\\01-id-signUp.js",
      "beforeHooks": [],
      "afterHooks": [],
      "tests": [],
      "suites": [
        {
          "uuid": "bdec12cf-d5ee-49fa-9d11-1723310bc2c1",
          "title": "Test Quipper Home Page - Login Page Transition",
          "fullFile": "",
          "file": "",
          "beforeHooks": [],
          "afterHooks": [],
          "tests": [
            {
              "title": "#1 Successfully Loads",
              "fullTitle": "Test Quipper Home Page - Login Page Transition #1 Successfully Loads",
              "timedOut": null,
              "duration": 8308,
              "state": "passed",
              "speed": "slow",
              "pass": true,
              "fail": false,
              "pending": false,
              "context": null,
              "code": "//cy.visit('https://www.quipper.com/id/')\ncy.visit(Cypress.env('quipper_home_page'));",
              "err": {},
              "uuid": "25a51eb6-4b9e-4c10-832a-228ad0a94198",
              "parentUUID": "bdec12cf-d5ee-49fa-9d11-1723310bc2c1",
              "isHook": false,
              "skipped": false
            },
            {
              "title": "#2 Showing the Correct Components",
              "fullTitle": "Test Quipper Home Page - Login Page Transition #2 Showing the Correct Components",
              "timedOut": null,
              "duration": 278,
              "state": "passed",
              "speed": "slow",
              "pass": true,
              "fail": false,
              "pending": false,
              "context": null,
              "code": "cy.contains('Untuk Siswa');\ncy.contains('Untuk Guru');\ncy.contains('Blog');\ncy.contains('Tentang Quipper');\ncy.contains('Login');\ncy.contains('Daftar Sekarang');",
              "err": {},
              "uuid": "6a8930be-3477-4c00-bea9-a5948f1e615c",
              "parentUUID": "bdec12cf-d5ee-49fa-9d11-1723310bc2c1",
              "isHook": false,
              "skipped": false
            },
            {
              "title": "#3 Move to Login Page",
              "fullTitle": "Test Quipper Home Page - Login Page Transition #3 Move to Login Page",
              "timedOut": null,
              "duration": 8407,
              "state": "passed",
              "speed": "slow",
              "pass": true,
              "fail": false,
              "pending": false,
              "context": null,
              "code": "cy.contains('Login').click();\ncy.url().should('include', '/en/login');",
              "err": {},
              "uuid": "15c8b46a-150a-429b-bbe3-da2d0a451cc5",
              "parentUUID": "bdec12cf-d5ee-49fa-9d11-1723310bc2c1",
              "isHook": false,
              "skipped": false
            }
          ],
          "suites": [],
          "passes": [
            "25a51eb6-4b9e-4c10-832a-228ad0a94198",
            "6a8930be-3477-4c00-bea9-a5948f1e615c",
            "15c8b46a-150a-429b-bbe3-da2d0a451cc5"
          ],
          "failures": [],
          "pending": [],
          "skipped": [],
          "duration": 16993,
          "root": false,
          "rootEmpty": false,
          "_timeout": 2000
        },
        {
          "uuid": "ee382e3b-2828-4f21-a667-44460a274fff",
          "title": "Test Sign Up Page",
          "fullFile": "",
          "file": "",
          "beforeHooks": [],
          "afterHooks": [],
          "tests": [
            {
              "title": "#1 Successfully Loads",
              "fullTitle": "Test Sign Up Page #1 Successfully Loads",
              "timedOut": null,
              "duration": 4164,
              "state": "passed",
              "speed": "slow",
              "pass": true,
              "fail": false,
              "pending": false,
              "context": null,
              "code": "//cy.visit('https://subscribe.quipper.com/signup/id')\ncy.visit(Cypress.env('quipper_subscribe'));",
              "err": {},
              "uuid": "0f308e06-d928-44e7-9243-7416ec15e458",
              "parentUUID": "ee382e3b-2828-4f21-a667-44460a274fff",
              "isHook": false,
              "skipped": false
            },
            {
              "title": "#2 Showing The Correct Components",
              "fullTitle": "Test Sign Up Page #2 Showing The Correct Components",
              "timedOut": null,
              "duration": 317,
              "state": "passed",
              "speed": "slow",
              "pass": true,
              "fail": false,
              "pending": false,
              "context": null,
              "code": "cy.contains('Select your location');\ncy.get('[name= \"country\"]');\ncy.get('.fb-button');\ncy.get('[name= \"firstName\"]');\ncy.get('[name= \"lastName\"]');\ncy.get('[name= \"gradeLevel\"]');\ncy.get('[name = \"phoneNumber\"]');\ncy.get('[name = \"email\"]');\ncy.get('[name = \"username\"]');\ncy.get('[name = \"password\"]');\ncy.get('[name = \"passwordConfirmation\"]');\ncy.get('[name = \"submit\"]');",
              "err": {},
              "uuid": "89bed58d-f24f-456e-b467-3e0476914f1d",
              "parentUUID": "ee382e3b-2828-4f21-a667-44460a274fff",
              "isHook": false,
              "skipped": false
            },
            {
              "title": "#3 Input Validation - Create Button",
              "fullTitle": "Test Sign Up Page #3 Input Validation - Create Button",
              "timedOut": null,
              "duration": 342,
              "state": "passed",
              "speed": "slow",
              "pass": true,
              "fail": false,
              "pending": false,
              "context": null,
              "code": "cy.get('.submit-btn').click();\ncy.contains('First name is required.');\ncy.contains('Last name is required.');\ncy.contains('Grade is required.');\ncy.contains('Phone number is required.');\ncy.contains('Username is required.');\ncy.contains('Password is required.');\ncy.contains('Password confirmation is required.');",
              "err": {},
              "uuid": "b7b24043-b932-40a2-8bf1-2ba866a331a7",
              "parentUUID": "ee382e3b-2828-4f21-a667-44460a274fff",
              "isHook": false,
              "skipped": false
            },
            {
              "title": "#4 Location Selector",
              "fullTitle": "Test Sign Up Page #4 Location Selector",
              "timedOut": null,
              "duration": 290,
              "state": "passed",
              "speed": "slow",
              "pass": true,
              "fail": false,
              "pending": false,
              "context": null,
              "code": "cy.get('[name=\"country\"]').select('id');\ncy.url().should('include', '/signup/id'); // cy.get('[name=\"country\"]')\n//   .select('mx')\n// cy.url().should('include', '/signup/mx')",
              "err": {},
              "uuid": "454aa72d-a295-4622-b774-881a4e07a414",
              "parentUUID": "ee382e3b-2828-4f21-a667-44460a274fff",
              "isHook": false,
              "skipped": false
            },
            {
              "title": "#5 Input Field Validation - Name",
              "fullTitle": "Test Sign Up Page #5 Input Field Validation - Name",
              "timedOut": null,
              "duration": 2111,
              "state": "passed",
              "speed": "slow",
              "pass": true,
              "fail": false,
              "pending": false,
              "context": null,
              "code": "cy.get('[name=\"firstName\"]').type('23;');\ncy.contains('First name cannot include numbers and symbols.');\ncy.get('[name=\"firstName\"]').type('{del}{selectall}{backspace}');\ncy.get('[name=\"lastName\"]').type('23,$');\ncy.contains('Last name cannot include numbers and symbols.');\ncy.get('[name=\"lastName\"]').type('{del}{selectall}{backspace}');\ncy.get('[name=\"firstName\"]').type('23;');\ncy.get('[name=\"lastName\"]').type('23,$');\ncy.contains('First name cannot include numbers and symbols.');\ncy.contains('Last name cannot include numbers and symbols.');\ncy.get('[name=\"firstName\"]').type('{del}{selectall}{backspace}');\ncy.get('[name=\"lastName\"]').type('{del}{selectall}{backspace}');",
              "err": {},
              "uuid": "8c457070-8758-408b-abb8-2d915bbac296",
              "parentUUID": "ee382e3b-2828-4f21-a667-44460a274fff",
              "isHook": false,
              "skipped": false
            },
            {
              "title": "#6 Input Field Validation - Phone",
              "fullTitle": "Test Sign Up Page #6 Input Field Validation - Phone",
              "timedOut": null,
              "duration": 790,
              "state": "passed",
              "speed": "slow",
              "pass": true,
              "fail": false,
              "pending": false,
              "context": null,
              "code": "cy.get('[name=\"phoneNumber\"]').type('23#a');\ncy.contains('Phone number should only contain numbers.');\ncy.get('[name=\"phoneNumber\"]').type('{del}{selectall}{backspace}');\ncy.get('[name=\"phoneNumber\"]').type('23');\ncy.contains('Phone number must be between 9-14 digits.');\ncy.get('[name=\"phoneNumber\"]').type('{del}{selectall}{backspace}');",
              "err": {},
              "uuid": "0f17403e-c02f-4960-a07d-15263f61fb9d",
              "parentUUID": "ee382e3b-2828-4f21-a667-44460a274fff",
              "isHook": false,
              "skipped": false
            },
            {
              "title": "#7 Input Field Validation - Email",
              "fullTitle": "Test Sign Up Page #7 Input Field Validation - Email",
              "timedOut": null,
              "duration": 704,
              "state": "passed",
              "speed": "slow",
              "pass": true,
              "fail": false,
              "pending": false,
              "context": null,
              "code": "cy.get('[name=\"email\"]').type('1213aSAS;;;;');\ncy.contains('Please enter email in the correct format.');\ncy.get('[name=\"email\"]').type('{del}{selectall}{backspace}');",
              "err": {},
              "uuid": "201dafa5-11e8-4e0d-8787-9c0bc8c2cb5e",
              "parentUUID": "ee382e3b-2828-4f21-a667-44460a274fff",
              "isHook": false,
              "skipped": false
            },
            {
              "title": "#8 Input Field Validation - Username",
              "fullTitle": "Test Sign Up Page #8 Input Field Validation - Username",
              "timedOut": null,
              "duration": 916,
              "state": "passed",
              "speed": "slow",
              "pass": true,
              "fail": false,
              "pending": false,
              "context": null,
              "code": "cy.get('[name=\"username\"]').type('sd');\ncy.contains('Username must be between 4-20 characters.');\ncy.get('[name=\"username\"]').type('{del}{selectall}{backspace}');\ncy.get('[name=\"username\"]').type('##fersgrv,,;;');\ncy.contains('Username can only have lower case letters, numbers and the following characters: - _ .');\ncy.get('[name=\"username\"]').type('{del}{selectall}{backspace}');",
              "err": {},
              "uuid": "80336716-e877-4013-9861-d467337fcd6e",
              "parentUUID": "ee382e3b-2828-4f21-a667-44460a274fff",
              "isHook": false,
              "skipped": false
            },
            {
              "title": "#9 Input Field Validation - Password",
              "fullTitle": "Test Sign Up Page #9 Input Field Validation - Password",
              "timedOut": null,
              "duration": 904,
              "state": "passed",
              "speed": "slow",
              "pass": true,
              "fail": false,
              "pending": false,
              "context": null,
              "code": "cy.get('[name=\"password\"]').type('as');\ncy.contains('Password must be a combination of letters and numbers.');\ncy.get('[name=\"password\"]').type('{del}{selectall}{backspace}');\ncy.get('[name=\"password\"]').type('12');\ncy.contains('Password must be a combination of letters and numbers.');\ncy.get('[name=\"password\"]').type('{del}{selectall}{backspace}');\ncy.get('[name=\"password\"]').type('as12');\ncy.contains('Password must be at least 6 characters.');\ncy.get('[name=\"password\"]').type('{del}{selectall}{backspace}');",
              "err": {},
              "uuid": "bfb84f1f-9cba-4f3c-bacf-b844a4b6097a",
              "parentUUID": "ee382e3b-2828-4f21-a667-44460a274fff",
              "isHook": false,
              "skipped": false
            },
            {
              "title": "#10 Input Field Validation - Password Confirmation",
              "fullTitle": "Test Sign Up Page #10 Input Field Validation - Password Confirmation",
              "timedOut": null,
              "duration": 1229,
              "state": "passed",
              "speed": "slow",
              "pass": true,
              "fail": false,
              "pending": false,
              "context": null,
              "code": "cy.get('[name=\"password\"]').type('as12as12as12');\ncy.get('[name=\"passwordConfirmation\"]').type('asdasd');\ncy.contains('The password and confirmation password do not match.');\ncy.get('[name=\"password\"]').type('{del}{selectall}{backspace}');\ncy.get('[name=\"passwordConfirmation\"]').type('{del}{selectall}{backspace}');",
              "err": {},
              "uuid": "c28c198c-1c31-4ea2-8c1a-a2d9e24df247",
              "parentUUID": "ee382e3b-2828-4f21-a667-44460a274fff",
              "isHook": false,
              "skipped": false
            },
            {
              "title": "#11 Input Field Validation - School Membership Number",
              "fullTitle": "Test Sign Up Page #11 Input Field Validation - School Membership Number",
              "timedOut": null,
              "duration": 287,
              "state": "passed",
              "speed": "slow",
              "pass": true,
              "fail": false,
              "pending": false,
              "context": null,
              "code": "cy.get('[name=\"membership-checkbox\"]').check({\n  force: true\n}).should('be.checked');\ncy.get('[name=\"organizationMembershipCode\"]');\ncy.get('[name=\"membership-checkbox\"]').uncheck({\n  force: true\n}).should('not.be.checked');",
              "err": {},
              "uuid": "142363d6-5cf2-474b-9af7-1dad90f22f62",
              "parentUUID": "ee382e3b-2828-4f21-a667-44460a274fff",
              "isHook": false,
              "skipped": false
            },
            {
              "title": "#12 Transition to Login Page",
              "fullTitle": "Test Sign Up Page #12 Transition to Login Page",
              "timedOut": null,
              "duration": 4248,
              "state": "passed",
              "speed": "slow",
              "pass": true,
              "fail": false,
              "pending": false,
              "context": null,
              "code": "cy.contains('Log In').click();\ncy.url().should('include', '/en/login');",
              "err": {},
              "uuid": "e945e653-5d85-4b3f-8fb5-e43eafb3fc4d",
              "parentUUID": "ee382e3b-2828-4f21-a667-44460a274fff",
              "isHook": false,
              "skipped": false
            }
          ],
          "suites": [],
          "passes": [
            "0f308e06-d928-44e7-9243-7416ec15e458",
            "89bed58d-f24f-456e-b467-3e0476914f1d",
            "b7b24043-b932-40a2-8bf1-2ba866a331a7",
            "454aa72d-a295-4622-b774-881a4e07a414",
            "8c457070-8758-408b-abb8-2d915bbac296",
            "0f17403e-c02f-4960-a07d-15263f61fb9d",
            "201dafa5-11e8-4e0d-8787-9c0bc8c2cb5e",
            "80336716-e877-4013-9861-d467337fcd6e",
            "bfb84f1f-9cba-4f3c-bacf-b844a4b6097a",
            "c28c198c-1c31-4ea2-8c1a-a2d9e24df247",
            "142363d6-5cf2-474b-9af7-1dad90f22f62",
            "e945e653-5d85-4b3f-8fb5-e43eafb3fc4d"
          ],
          "failures": [],
          "pending": [],
          "skipped": [],
          "duration": 16302,
          "root": false,
          "rootEmpty": false,
          "_timeout": 2000
        }
      ],
      "passes": [],
      "failures": [],
      "pending": [],
      "skipped": [],
      "duration": 0,
      "root": true,
      "rootEmpty": true,
      "_timeout": 2000
    }
  ],
  "meta": {
    "mocha": {
      "version": "7.0.1"
    },
    "mochawesome": {
      "options": {
        "quiet": false,
        "reportFilename": "mochawesome",
        "saveHtml": false,
        "saveJson": true,
        "consoleReporter": "spec",
        "useInlineDiffs": false,
        "code": true
      },
      "version": "6.1.1"
    },
    "marge": {
      "options": {
        "id": "default",
        "reportDir": "cypress/reports/mocha",
        "quite": true,
        "overwrite": false,
        "html": false,
        "json": true
      },
      "version": "5.1.0"
    }
  }
}