{
  "stats": {
    "suites": 1,
    "tests": 2,
    "passes": 2,
    "pending": 0,
    "failures": 0,
    "start": "2020-07-16T03:25:57.910Z",
    "end": "2020-07-16T03:26:34.447Z",
    "duration": 36537,
    "testsRegistered": 2,
    "passPercent": 100,
    "pendingPercent": 0,
    "other": 0,
    "hasOther": false,
    "skipped": 0,
    "hasSkipped": false
  },
  "results": [
    {
      "uuid": "94405a07-b6c2-49bc-be50-0fde292374b6",
      "title": "",
      "fullFile": "cypress\\integration\\06-id-subscribeProcess-unpaidOrder-embed.js",
      "file": "cypress\\integration\\06-id-subscribeProcess-unpaidOrder-embed.js",
      "beforeHooks": [],
      "afterHooks": [],
      "tests": [],
      "suites": [
        {
          "uuid": "5f03c83b-64fa-4390-9094-60fba3395959",
          "title": "Test Subscribe Process on Unpaid Order - EMBED Page",
          "fullFile": "",
          "file": "",
          "beforeHooks": [],
          "afterHooks": [],
          "tests": [
            {
              "title": "#1 Access Order Embed Page",
              "fullTitle": "Test Subscribe Process on Unpaid Order - EMBED Page #1 Access Order Embed Page",
              "timedOut": null,
              "duration": 16462,
              "state": "passed",
              "speed": "slow",
              "pass": true,
              "fail": false,
              "pending": false,
              "context": null,
              "code": "cy.visit(Cypress.env('quipper_latest_order_embed'));\ncy.wait(1000);\ncy.url().should('include', '/embed/orders');",
              "err": {},
              "uuid": "aa0d7405-232b-49c0-a8f1-4ed293e4d8e7",
              "parentUUID": "5f03c83b-64fa-4390-9094-60fba3395959",
              "isHook": false,
              "skipped": false
            },
            {
              "title": "#2 Validate on Data Consistency from /Orders Page to Embed Payment Preview Page",
              "fullTitle": "Test Subscribe Process on Unpaid Order - EMBED Page #2 Validate on Data Consistency from /Orders Page to Embed Payment Preview Page",
              "timedOut": null,
              "duration": 17408,
              "state": "passed",
              "speed": "slow",
              "pass": true,
              "fail": false,
              "pending": false,
              "context": null,
              "code": "cy.visit(Cypress.env('quipper_orders'));\ncy.wait(1000); //Get Ordered Plan Title\ncy.get('.order-plan').then(function ($title) {\n  var titel = $title.text();\n  cy.wrap(titel).as('orderedPlanName');\n}); //Get Ordered Plan Price\ncy.get('.order-price').then(function ($price) {\n  var harga = $price.text();\n  cy.wrap(harga).as('orderedPlanPrice');\n}); //Visit Embed Payment Preview Page\ncy.visit(Cypress.env('quipper_latest_order_embed'));\ncy.wait(1000);\ncy.get('@orderedPlanName').then(function (orderedPlanName) {\n  cy.get('@orderedPlanPrice').then(function (orderedPlanPrice) {\n    cy.get('.AccordionSection__title').then(function ($content) {\n      var teks = $content.text();\n      expect(teks).to.equal(orderedPlanName);\n    });\n    cy.get('.Amount__final').then(function ($harga) {\n      var price = $harga.text();\n      expect(price).to.equal(orderedPlanPrice);\n    });\n  });\n});",
              "err": {},
              "uuid": "c0d41eb4-2cfd-4ec1-9f3a-476f8b8e07c9",
              "parentUUID": "5f03c83b-64fa-4390-9094-60fba3395959",
              "isHook": false,
              "skipped": false
            }
          ],
          "suites": [],
          "passes": [
            "aa0d7405-232b-49c0-a8f1-4ed293e4d8e7",
            "c0d41eb4-2cfd-4ec1-9f3a-476f8b8e07c9"
          ],
          "failures": [],
          "pending": [],
          "skipped": [],
          "duration": 33870,
          "root": false,
          "rootEmpty": false,
          "_timeout": 2000
        }
      ],
      "passes": [],
      "failures": [],
      "pending": [],
      "skipped": [],
      "duration": 0,
      "root": true,
      "rootEmpty": true,
      "_timeout": 2000
    }
  ],
  "meta": {
    "mocha": {
      "version": "7.0.1"
    },
    "mochawesome": {
      "options": {
        "quiet": false,
        "reportFilename": "mochawesome",
        "saveHtml": false,
        "saveJson": true,
        "consoleReporter": "spec",
        "useInlineDiffs": false,
        "code": true
      },
      "version": "6.1.1"
    },
    "marge": {
      "options": {
        "id": "default",
        "reportDir": "cypress/reports/mocha",
        "quite": true,
        "overwrite": false,
        "html": false,
        "json": true
      },
      "version": "5.1.0"
    }
  }
}