{
  "stats": {
    "suites": 1,
    "tests": 14,
    "passes": 14,
    "pending": 0,
    "failures": 0,
    "start": "2020-07-08T05:23:06.547Z",
    "end": "2020-07-08T05:25:20.017Z",
    "duration": 133470,
    "testsRegistered": 14,
    "passPercent": 100,
    "pendingPercent": 0,
    "other": 0,
    "hasOther": false,
    "skipped": 0,
    "hasSkipped": false
  },
  "results": [
    {
      "uuid": "478f4e55-c600-4d86-8b06-33144135314f",
      "title": "",
      "fullFile": "cypress\\integration\\03-id-paymentProcess.js",
      "file": "cypress\\integration\\03-id-paymentProcess.js",
      "beforeHooks": [],
      "afterHooks": [],
      "tests": [],
      "suites": [
        {
          "uuid": "54ec5e7d-bb70-490a-bb51-8bbd766393b9",
          "title": "Test Payment Process",
          "fullFile": "",
          "file": "",
          "beforeHooks": [],
          "afterHooks": [],
          "tests": [
            {
              "title": "#1 Payment Method Page Successfully Loads",
              "fullTitle": "Test Payment Process #1 Payment Method Page Successfully Loads",
              "timedOut": null,
              "duration": 14190,
              "state": "passed",
              "speed": "slow",
              "pass": true,
              "fail": false,
              "pending": false,
              "context": null,
              "code": "cy.visit(Cypress.env('quipper_plans'));\ncy.get('[id=\"1808\"]').within(function () {\n  cy.contains('Subscribe').click();\n});\ncy.url().should('include', '/payment/methods');",
              "err": {},
              "uuid": "fb2e5060-8367-42f7-95a2-67d7653cf149",
              "parentUUID": "54ec5e7d-bb70-490a-bb51-8bbd766393b9",
              "isHook": false,
              "skipped": false
            },
            {
              "title": "#2 Payment Method Page Showing Correct Components",
              "fullTitle": "Test Payment Process #2 Payment Method Page Showing Correct Components",
              "timedOut": null,
              "duration": 9667,
              "state": "passed",
              "speed": "slow",
              "pass": true,
              "fail": false,
              "pending": false,
              "context": null,
              "code": "cy.visit(Cypress.env('quipper_plans'));\ncy.get('[id=\"1808\"]').within(function () {\n  cy.contains('Subscribe').click();\n});\ncy.wait(1000); //Test the showed components\ncy.contains('Payment Method').should('have.class', 'Step__active');\ncy.contains('Payment Information').should('have.class', 'Step');\ncy.get('.HeaderTitle__back');\ncy.contains('Kiosk').click();\ncy.get('[value=\"ALFAMART\"]');\ncy.get('[value=\"INDOMARET\"]');\ncy.contains('Bank Transfer').click();\ncy.get('[value=\"BNI\"]');\ncy.get('[value=\"MANDIRI\"]');\ncy.get('[value=\"PERMATA\"]');\ncy.get('[value=\"DANAMON\"]');\ncy.get('[value=\"CIMBVA\"]');\ncy.get('[value=\"BIIVA\"]');\ncy.get('[value=\"BANK_OTHER\"]');\ncy.get('.Input--disabled');\ncy.contains('Apply');\ncy.contains('Continue Payment');",
              "err": {},
              "uuid": "2cde525b-8c6a-48c2-b1dc-b2bbfd116778",
              "parentUUID": "54ec5e7d-bb70-490a-bb51-8bbd766393b9",
              "isHook": false,
              "skipped": false
            },
            {
              "title": "#3 Validate Alfamart as Payment Method",
              "fullTitle": "Test Payment Process #3 Validate Alfamart as Payment Method",
              "timedOut": null,
              "duration": 9456,
              "state": "passed",
              "speed": "slow",
              "pass": true,
              "fail": false,
              "pending": false,
              "context": null,
              "code": "cy.visit(Cypress.env('quipper_plans'));\ncy.get('[id=\"1808\"]').within(function () {\n  cy.contains('Subscribe').click();\n}); //Choose Alfamart as Payment Method\ncy.get('[value=\"ALFAMART\"]').click();\ncy.get('.PaymentMethodName').then(function ($chosenMethod) {\n  var chosen = $chosenMethod.text();\n  cy.wrap(chosen).as('chosenMethod');\n});\ncy.get('@chosenMethod').then(function (chosenMethod) {\n  expect(chosenMethod).to.equal(\"Alfamart\");\n});",
              "err": {},
              "uuid": "dddd7168-6380-40c5-a2a0-8684b8b30bb3",
              "parentUUID": "54ec5e7d-bb70-490a-bb51-8bbd766393b9",
              "isHook": false,
              "skipped": false
            },
            {
              "title": "#4 Validate Indomaret as Payment Method",
              "fullTitle": "Test Payment Process #4 Validate Indomaret as Payment Method",
              "timedOut": null,
              "duration": 8882,
              "state": "passed",
              "speed": "slow",
              "pass": true,
              "fail": false,
              "pending": false,
              "context": null,
              "code": "cy.visit(Cypress.env('quipper_plans'));\ncy.get('[id=\"1808\"]').within(function () {\n  cy.contains('Subscribe').click();\n}); //Choose Alfamart as Payment Method\ncy.get('[value=\"INDOMARET\"]').click();\ncy.get('.PaymentMethodName').then(function ($chosenMethod) {\n  var chosen = $chosenMethod.text();\n  cy.wrap(chosen).as('chosenMethod');\n});\ncy.get('@chosenMethod').then(function (chosenMethod) {\n  expect(chosenMethod).to.equal(\"Indomaret\");\n});",
              "err": {},
              "uuid": "b9424144-696f-4dd1-a7de-c94a57fac48e",
              "parentUUID": "54ec5e7d-bb70-490a-bb51-8bbd766393b9",
              "isHook": false,
              "skipped": false
            },
            {
              "title": "#5 Validate BNI as Payment Method",
              "fullTitle": "Test Payment Process #5 Validate BNI as Payment Method",
              "timedOut": null,
              "duration": 8948,
              "state": "passed",
              "speed": "slow",
              "pass": true,
              "fail": false,
              "pending": false,
              "context": null,
              "code": "cy.visit(Cypress.env('quipper_plans'));\ncy.get('[id=\"1808\"]').within(function () {\n  cy.contains('Subscribe').click();\n});\ncy.contains('Bank Transfer').click(); //Choose Alfamart as Payment Method\ncy.get('[value=\"BNI\"]').click();\ncy.get('.PaymentMethodName').then(function ($chosenMethod) {\n  var chosen = $chosenMethod.text();\n  cy.wrap(chosen).as('chosenMethod');\n});\ncy.get('@chosenMethod').then(function (chosenMethod) {\n  expect(chosenMethod).to.equal(\"Bank BNI\");\n});",
              "err": {},
              "uuid": "71299e11-9f97-4d39-b79b-e7120bb97683",
              "parentUUID": "54ec5e7d-bb70-490a-bb51-8bbd766393b9",
              "isHook": false,
              "skipped": false
            },
            {
              "title": "#6 Validate Mandiri as Payment Method",
              "fullTitle": "Test Payment Process #6 Validate Mandiri as Payment Method",
              "timedOut": null,
              "duration": 8168,
              "state": "passed",
              "speed": "slow",
              "pass": true,
              "fail": false,
              "pending": false,
              "context": null,
              "code": "cy.visit(Cypress.env('quipper_plans'));\ncy.get('[id=\"1808\"]').within(function () {\n  cy.contains('Subscribe').click();\n});\ncy.contains('Bank Transfer').click(); //Choose Alfamart as Payment Method\ncy.get('[value=\"MANDIRI\"]').click();\ncy.get('.PaymentMethodName').then(function ($chosenMethod) {\n  var chosen = $chosenMethod.text();\n  cy.wrap(chosen).as('chosenMethod');\n});\ncy.get('@chosenMethod').then(function (chosenMethod) {\n  expect(chosenMethod).to.equal(\"Bank Mandiri\");\n});",
              "err": {},
              "uuid": "a0a124e7-6709-41f8-b37a-2f21b39f0a44",
              "parentUUID": "54ec5e7d-bb70-490a-bb51-8bbd766393b9",
              "isHook": false,
              "skipped": false
            },
            {
              "title": "#7 Validate Permata Bank as Payment Method",
              "fullTitle": "Test Payment Process #7 Validate Permata Bank as Payment Method",
              "timedOut": null,
              "duration": 8705,
              "state": "passed",
              "speed": "slow",
              "pass": true,
              "fail": false,
              "pending": false,
              "context": null,
              "code": "cy.visit(Cypress.env('quipper_plans'));\ncy.get('[id=\"1808\"]').within(function () {\n  cy.contains('Subscribe').click();\n});\ncy.contains('Bank Transfer').click(); //Choose Alfamart as Payment Method\ncy.get('[value=\"PERMATA\"]').click();\ncy.get('.PaymentMethodName').then(function ($chosenMethod) {\n  var chosen = $chosenMethod.text();\n  cy.wrap(chosen).as('chosenMethod');\n});\ncy.get('@chosenMethod').then(function (chosenMethod) {\n  expect(chosenMethod).to.equal(\"Bank Permata\");\n});",
              "err": {},
              "uuid": "3e13f5a9-8c88-42f5-bc9a-039ced3e13ad",
              "parentUUID": "54ec5e7d-bb70-490a-bb51-8bbd766393b9",
              "isHook": false,
              "skipped": false
            },
            {
              "title": "#8 Validate Danamon as Payment Method",
              "fullTitle": "Test Payment Process #8 Validate Danamon as Payment Method",
              "timedOut": null,
              "duration": 8796,
              "state": "passed",
              "speed": "slow",
              "pass": true,
              "fail": false,
              "pending": false,
              "context": null,
              "code": "cy.visit(Cypress.env('quipper_plans'));\ncy.get('[id=\"1808\"]').within(function () {\n  cy.contains('Subscribe').click();\n});\ncy.contains('Bank Transfer').click(); //Choose Alfamart as Payment Method\ncy.get('[value=\"DANAMON\"]').click();\ncy.get('.PaymentMethodName').then(function ($chosenMethod) {\n  var chosen = $chosenMethod.text();\n  cy.wrap(chosen).as('chosenMethod');\n});\ncy.get('@chosenMethod').then(function (chosenMethod) {\n  expect(chosenMethod).to.equal(\"Bank Danamon\");\n});",
              "err": {},
              "uuid": "81320c88-2431-41ab-9a33-ee617b44f78a",
              "parentUUID": "54ec5e7d-bb70-490a-bb51-8bbd766393b9",
              "isHook": false,
              "skipped": false
            },
            {
              "title": "#9 Validate CIMB Niaga as Payment Method",
              "fullTitle": "Test Payment Process #9 Validate CIMB Niaga as Payment Method",
              "timedOut": null,
              "duration": 7934,
              "state": "passed",
              "speed": "slow",
              "pass": true,
              "fail": false,
              "pending": false,
              "context": null,
              "code": "cy.visit(Cypress.env('quipper_plans'));\ncy.get('[id=\"1808\"]').within(function () {\n  cy.contains('Subscribe').click();\n});\ncy.contains('Bank Transfer').click(); //Choose Alfamart as Payment Method\ncy.get('[value=\"CIMBVA\"]').click();\ncy.get('.PaymentMethodName').then(function ($chosenMethod) {\n  var chosen = $chosenMethod.text();\n  cy.wrap(chosen).as('chosenMethod');\n});\ncy.get('@chosenMethod').then(function (chosenMethod) {\n  expect(chosenMethod).to.equal(\"Bank CIMB Niaga\");\n});",
              "err": {},
              "uuid": "5ac57d96-d33a-4490-9b43-7aed4bc0e442",
              "parentUUID": "54ec5e7d-bb70-490a-bb51-8bbd766393b9",
              "isHook": false,
              "skipped": false
            },
            {
              "title": "#10 Validate Maybank as Payment Method",
              "fullTitle": "Test Payment Process #10 Validate Maybank as Payment Method",
              "timedOut": null,
              "duration": 9430,
              "state": "passed",
              "speed": "slow",
              "pass": true,
              "fail": false,
              "pending": false,
              "context": null,
              "code": "cy.visit(Cypress.env('quipper_plans'));\ncy.get('[id=\"1808\"]').within(function () {\n  cy.contains('Subscribe').click();\n});\ncy.contains('Bank Transfer').click(); //Choose Alfamart as Payment Method\ncy.get('[value=\"BIIVA\"]').click();\ncy.get('.PaymentMethodName').then(function ($chosenMethod) {\n  var chosen = $chosenMethod.text();\n  cy.wrap(chosen).as('chosenMethod');\n});\ncy.get('@chosenMethod').then(function (chosenMethod) {\n  expect(chosenMethod).to.equal(\"Bank Maybank\");\n});",
              "err": {},
              "uuid": "80ddd39a-8aad-4952-8fc8-ad1afbb0b354",
              "parentUUID": "54ec5e7d-bb70-490a-bb51-8bbd766393b9",
              "isHook": false,
              "skipped": false
            },
            {
              "title": "#11 Validate Other Bank as Payment Method",
              "fullTitle": "Test Payment Process #11 Validate Other Bank as Payment Method",
              "timedOut": null,
              "duration": 8557,
              "state": "passed",
              "speed": "slow",
              "pass": true,
              "fail": false,
              "pending": false,
              "context": null,
              "code": "cy.visit(Cypress.env('quipper_plans'));\ncy.get('[id=\"1808\"]').within(function () {\n  cy.contains('Subscribe').click();\n});\ncy.contains('Bank Transfer').click(); //Choose Alfamart as Payment Method\ncy.get('[value=\"BANK_OTHER\"]').click();\ncy.get('.PaymentMethodName').then(function ($chosenMethod) {\n  var chosen = $chosenMethod.text();\n  cy.wrap(chosen).as('chosenMethod');\n});\ncy.get('@chosenMethod').then(function (chosenMethod) {\n  expect(chosenMethod).to.equal(\"Other Banks\");\n});",
              "err": {},
              "uuid": "2cc98875-76b5-45de-96db-f7bf9629dc25",
              "parentUUID": "54ec5e7d-bb70-490a-bb51-8bbd766393b9",
              "isHook": false,
              "skipped": false
            },
            {
              "title": "#12 Test on Transitions to Payment Inforation Page",
              "fullTitle": "Test Payment Process #12 Test on Transitions to Payment Inforation Page",
              "timedOut": null,
              "duration": 8519,
              "state": "passed",
              "speed": "slow",
              "pass": true,
              "fail": false,
              "pending": false,
              "context": null,
              "code": "cy.visit(Cypress.env('quipper_plans'));\ncy.get('[id=\"1808\"]').within(function () {\n  cy.contains('Subscribe').click();\n}); //On the Payment Method Page\ncy.contains('Continue Payment').click(); //On the Payment Information Page\ncy.url().should('include', '/payment/information');",
              "err": {},
              "uuid": "4ddb7607-543a-4181-b4d8-999d059883af",
              "parentUUID": "54ec5e7d-bb70-490a-bb51-8bbd766393b9",
              "isHook": false,
              "skipped": false
            },
            {
              "title": "#13 Payment Information Page Showing Correct Components",
              "fullTitle": "Test Payment Process #13 Payment Information Page Showing Correct Components",
              "timedOut": null,
              "duration": 9466,
              "state": "passed",
              "speed": "slow",
              "pass": true,
              "fail": false,
              "pending": false,
              "context": null,
              "code": "cy.visit(Cypress.env('quipper_plans'));\ncy.get('[id=\"1808\"]').within(function () {\n  cy.contains('Subscribe').click();\n}); //On the Payment Method Page\ncy.contains('Continue Payment').click(); //On the Payment Information Page\ncy.contains('Payment Method').should('have.class', 'Step');\ncy.contains('Payment Information').should('have.class', 'Step__active');\ncy.contains('Payer Name');\ncy.get('[name = \"name\"]');\ncy.contains('Payer Email Address');\ncy.get('[name = \"email\"]');\ncy.contains('Payer Phone Number');\ncy.get('[name = \"phone\"]');\ncy.contains('Complete Payment');",
              "err": {},
              "uuid": "dda89cdf-d5f5-4dab-9bd0-3d3b4e65d448",
              "parentUUID": "54ec5e7d-bb70-490a-bb51-8bbd766393b9",
              "isHook": false,
              "skipped": false
            },
            {
              "title": "#14 Input Field Validation - Email",
              "fullTitle": "Test Payment Process #14 Input Field Validation - Email",
              "timedOut": null,
              "duration": 8753,
              "state": "passed",
              "speed": "slow",
              "pass": true,
              "fail": false,
              "pending": false,
              "context": null,
              "code": "cy.visit(Cypress.env('quipper_plans'));\ncy.get('[id=\"1808\"]').within(function () {\n  cy.contains('Subscribe').click();\n}); //On the Payment Method Page\ncy.contains('Continue Payment').click(); //On the Payment Information Page\ncy.contains('Email is required.');\ncy.get('[name=\"email\"]').type('1213aSAS;;;;');\ncy.contains('Please enter email in the correct format.');\ncy.get('[name=\"email\"]').type('{del}{selectall}{backspace}');\ncy.contains('Email is required.');",
              "err": {},
              "uuid": "8229c42c-5be9-4194-bd3c-2075064ea78b",
              "parentUUID": "54ec5e7d-bb70-490a-bb51-8bbd766393b9",
              "isHook": false,
              "skipped": false
            }
          ],
          "suites": [],
          "passes": [
            "fb2e5060-8367-42f7-95a2-67d7653cf149",
            "2cde525b-8c6a-48c2-b1dc-b2bbfd116778",
            "dddd7168-6380-40c5-a2a0-8684b8b30bb3",
            "b9424144-696f-4dd1-a7de-c94a57fac48e",
            "71299e11-9f97-4d39-b79b-e7120bb97683",
            "a0a124e7-6709-41f8-b37a-2f21b39f0a44",
            "3e13f5a9-8c88-42f5-bc9a-039ced3e13ad",
            "81320c88-2431-41ab-9a33-ee617b44f78a",
            "5ac57d96-d33a-4490-9b43-7aed4bc0e442",
            "80ddd39a-8aad-4952-8fc8-ad1afbb0b354",
            "2cc98875-76b5-45de-96db-f7bf9629dc25",
            "4ddb7607-543a-4181-b4d8-999d059883af",
            "dda89cdf-d5f5-4dab-9bd0-3d3b4e65d448",
            "8229c42c-5be9-4194-bd3c-2075064ea78b"
          ],
          "failures": [],
          "pending": [],
          "skipped": [],
          "duration": 129471,
          "root": false,
          "rootEmpty": false,
          "_timeout": 2000
        }
      ],
      "passes": [],
      "failures": [],
      "pending": [],
      "skipped": [],
      "duration": 0,
      "root": true,
      "rootEmpty": true,
      "_timeout": 2000
    }
  ],
  "meta": {
    "mocha": {
      "version": "7.0.1"
    },
    "mochawesome": {
      "options": {
        "quiet": false,
        "reportFilename": "mochawesome",
        "saveHtml": false,
        "saveJson": true,
        "consoleReporter": "spec",
        "useInlineDiffs": false,
        "code": true
      },
      "version": "6.1.1"
    },
    "marge": {
      "options": {
        "id": "default",
        "reportDir": "cypress/reports/mocha",
        "quite": true,
        "overwrite": false,
        "html": false,
        "json": true
      },
      "version": "5.1.0"
    }
  }
}