{
  "stats": {
    "suites": 1,
    "tests": 10,
    "passes": 10,
    "pending": 0,
    "failures": 0,
    "start": "2020-07-08T05:20:46.884Z",
    "end": "2020-07-08T05:22:44.529Z",
    "duration": 117645,
    "testsRegistered": 10,
    "passPercent": 100,
    "pendingPercent": 0,
    "other": 0,
    "hasOther": false,
    "skipped": 0,
    "hasSkipped": false
  },
  "results": [
    {
      "uuid": "d506adfb-336e-4dba-8d0c-b929450edc88",
      "title": "",
      "fullFile": "cypress\\integration\\02-id-subscribeProcess.js",
      "file": "cypress\\integration\\02-id-subscribeProcess.js",
      "beforeHooks": [],
      "afterHooks": [],
      "tests": [],
      "suites": [
        {
          "uuid": "de1152d4-3236-4f9b-b6d1-b06125a02f5c",
          "title": "Test Subscribe Process",
          "fullFile": "",
          "file": "",
          "beforeHooks": [],
          "afterHooks": [],
          "tests": [
            {
              "title": "#1 Load Page Successfully",
              "fullTitle": "Test Subscribe Process #1 Load Page Successfully",
              "timedOut": null,
              "duration": 24308,
              "state": "passed",
              "speed": "slow",
              "pass": true,
              "fail": false,
              "pending": false,
              "context": null,
              "code": "cy.visit(Cypress.env('quipper_dashboard'));",
              "err": {},
              "uuid": "a4203e12-5732-4e16-b7ed-2773ae8b5ba7",
              "parentUUID": "de1152d4-3236-4f9b-b6d1-b06125a02f5c",
              "isHook": false,
              "skipped": false
            },
            {
              "title": "#2 Dashboard Showing Correct Components",
              "fullTitle": "Test Subscribe Process #2 Dashboard Showing Correct Components",
              "timedOut": null,
              "duration": 9420,
              "state": "passed",
              "speed": "slow",
              "pass": true,
              "fail": false,
              "pending": false,
              "context": null,
              "code": "cy.contains('Home');\ncy.wait(500);\ncy.contains('Course List');\ncy.contains('My Courses');\ncy.wait(500);\ncy.get('.AvatarMenu__Toggle--kz3Cn').click();\ncy.wait(500);\ncy.contains('Profile');\ncy.contains('Subscriptions');\ncy.contains('Search campuses');\ncy.contains('Logout');\ncy.wait(500);\ncy.get('.AvatarMenu__Toggle--kz3Cn').click();\ncy.wait(500); //Upsell Banner\ncy.get('.UpsellBanner--2x5p2');\ncy.contains('Pilih Paket');\ncy.contains('Coba Gratis Dulu'); //Notification Banner\ncy.get('.DashboardModuleTemplate__Banner--1GLG-');\ncy.contains('Subscribe now');",
              "err": {},
              "uuid": "9b4de7fd-3102-4d79-9149-4df013a50274",
              "parentUUID": "de1152d4-3236-4f9b-b6d1-b06125a02f5c",
              "isHook": false,
              "skipped": false
            },
            {
              "title": "#3 Avatar Button Menu Functionality",
              "fullTitle": "Test Subscribe Process #3 Avatar Button Menu Functionality",
              "timedOut": null,
              "duration": 9047,
              "state": "passed",
              "speed": "slow",
              "pass": true,
              "fail": false,
              "pending": false,
              "context": null,
              "code": "cy.wait(1000);\ncy.get('.AvatarMenu__Toggle--kz3Cn').click();\ncy.contains('Profile').click();\ncy.url().should('include', '/en/settings/profile');\ncy.contains('Home').click();\ncy.url().should('include', '/dashboard');\ncy.wait(1000);\ncy.get('.AvatarMenu__Toggle--kz3Cn').click();\ncy.contains('Subscriptions').should('have.attr', 'target', '_blank');",
              "err": {},
              "uuid": "39aeb318-39c5-43ef-90bd-7825824fdbd3",
              "parentUUID": "de1152d4-3236-4f9b-b6d1-b06125a02f5c",
              "isHook": false,
              "skipped": false
            },
            {
              "title": "#4 Upsell Banner Functionality",
              "fullTitle": "Test Subscribe Process #4 Upsell Banner Functionality",
              "timedOut": null,
              "duration": 8262,
              "state": "passed",
              "speed": "slow",
              "pass": true,
              "fail": false,
              "pending": false,
              "context": null,
              "code": "cy.contains('Pilih Paket').should('have.attr', 'href', Cypress.env('quipper_upsell_short'));\ncy.visit(Cypress.env('quipper_upsell'));\ncy.url().should('include', '/plans');",
              "err": {},
              "uuid": "853f90f5-1191-4957-827e-7d09cef92c51",
              "parentUUID": "de1152d4-3236-4f9b-b6d1-b06125a02f5c",
              "isHook": false,
              "skipped": false
            },
            {
              "title": "#5 Susbcribe Now Banner Functionality",
              "fullTitle": "Test Subscribe Process #5 Susbcribe Now Banner Functionality",
              "timedOut": null,
              "duration": 8216,
              "state": "passed",
              "speed": "slow",
              "pass": true,
              "fail": false,
              "pending": false,
              "context": null,
              "code": "cy.contains('Subscribe now').should('have.attr', 'href', Cypress.env('quipper_plans'));\ncy.visit(Cypress.env('quipper_plans'));\ncy.url().should('include', '/plans');",
              "err": {},
              "uuid": "5f7151ab-47db-4c32-acc9-ed8ca542eea7",
              "parentUUID": "de1152d4-3236-4f9b-b6d1-b06125a02f5c",
              "isHook": false,
              "skipped": false
            },
            {
              "title": "#6 Select a Plan Page Functionality",
              "fullTitle": "Test Subscribe Process #6 Select a Plan Page Functionality",
              "timedOut": null,
              "duration": 10370,
              "state": "passed",
              "speed": "slow",
              "pass": true,
              "fail": false,
              "pending": false,
              "context": null,
              "code": "cy.visit(Cypress.env('quipper_plans'));\ncy.url().should('include', '/plans'); //Test the `Select a Plan` Page\ncy.get('.PricingPlansWeb__redeem_activation');\ncy.get('[id=\"category-btn-SMA\"]').click();\ncy.get('[id=\"category-2\"]').should('have.class', 'PricingPlans');\ncy.get('[id=\"category-btn-SMP\"]').click();\ncy.get('[id=\"category-1\"]').should('have.class', 'PricingPlans');\ncy.get('[id=\"category-btn-SMA\"]').click();\ncy.get('.PricingPlansWeb__redeem_activation').should('have.attr', 'href', '/activationcode');\ncy.get('.PricingPlansWeb__redeem_activation').click();\ncy.url().should('include', 'activationcode');\ncy.contains('Subscriptions').click();\ncy.url().should('include', '/plans');",
              "err": {},
              "uuid": "e56e4779-9cf1-423d-b2fb-8de22c16fdfb",
              "parentUUID": "de1152d4-3236-4f9b-b6d1-b06125a02f5c",
              "isHook": false,
              "skipped": false
            },
            {
              "title": "#7 Subscribe Button Functionality ",
              "fullTitle": "Test Subscribe Process #7 Subscribe Button Functionality ",
              "timedOut": null,
              "duration": 13584,
              "state": "passed",
              "speed": "slow",
              "pass": true,
              "fail": false,
              "pending": false,
              "context": null,
              "code": "cy.visit(Cypress.env('quipper_plans'));\ncy.url().should('include', '/plans'); //Test `Subscribe` Button Each Pricing Plan\ncy.get('[id=\"1808\"]').within(function () {\n  cy.contains('Subscribe').click();\n});\ncy.contains('Back').click();\ncy.wait(1000);\ncy.get('[id=\"1809\"]').within(function () {\n  cy.contains('Subscribe').click();\n});\ncy.contains('Back').click();\ncy.wait(1000);\ncy.get('[id=\"1810\"]').within(function () {\n  cy.contains('Subscribe').click();\n});\ncy.contains('Back').click();",
              "err": {},
              "uuid": "379a4978-8c45-450a-9c37-dce6c64f76e0",
              "parentUUID": "de1152d4-3236-4f9b-b6d1-b06125a02f5c",
              "isHook": false,
              "skipped": false
            },
            {
              "title": "#8 Paket Intensif SMA Integration with Payment Method Page",
              "fullTitle": "Test Subscribe Process #8 Paket Intensif SMA Integration with Payment Method Page",
              "timedOut": null,
              "duration": 9784,
              "state": "passed",
              "speed": "slow",
              "pass": true,
              "fail": false,
              "pending": false,
              "context": null,
              "code": "cy.visit(Cypress.env('quipper_plans'));\ncy.url().should('include', '/plans'); //Test the `Payment Method Page` Integration with Pricing \ncy.get('[id=\"1808\"]').within(function () {\n  //Get the Pricing Plan Title from Select a Plan Page\n  cy.get('.PricingPlan__title').then(function ($title) {\n    var txt = $title.text();\n    cy.wrap(txt).as('planName');\n  }); //Get the Price from Select a Plan page\n  cy.get('.PricingPlan__price').then(function ($price) {\n    var prc = $price.text();\n    cy.wrap(prc).as('planPrice');\n  });\n  cy.contains('Subscribe').click();\n});\ncy.url().should('include', '/payment/methods'); //Get the Pricing Plan Title from Payment Method Page\ncy.get('.SubscriptionPlanName').then(function ($judul) {\n  var text = $judul.text();\n  cy.wrap(text).as('planNamePayment');\n}); //Get the Pricing Plan Price from Payment Method Page\ncy.get('.Amount__final').then(function ($harga) {\n  var hrg = $harga.text();\n  cy.wrap(hrg).as('planPricePayment');\n}); //Validate on Pricing Plan Title Data\ncy.get('@planName').then(function (planName) {\n  cy.get('@planNamePayment').then(function (planNamePayment) {\n    expect(planName).to.equal(planNamePayment);\n  });\n}); //Validate on Pricing Plan Price Data\ncy.get('@planPrice').then(function (planPrice) {\n  cy.get('@planPricePayment').then(function (planPricePayment) {\n    expect(planPrice).to.equal(planPricePayment);\n  });\n});",
              "err": {},
              "uuid": "c27056c2-4889-4818-ac38-83d438c7b996",
              "parentUUID": "de1152d4-3236-4f9b-b6d1-b06125a02f5c",
              "isHook": false,
              "skipped": false
            },
            {
              "title": "#9 Paket Regular SMA Integration with Payment Method Page",
              "fullTitle": "Test Subscribe Process #9 Paket Regular SMA Integration with Payment Method Page",
              "timedOut": null,
              "duration": 9539,
              "state": "passed",
              "speed": "slow",
              "pass": true,
              "fail": false,
              "pending": false,
              "context": null,
              "code": "cy.visit(Cypress.env('quipper_plans'));\ncy.url().should('include', '/plans'); //Test the `Payment Method Page` Integration with Pricing \ncy.get('[id=\"1809\"]').within(function () {\n  //Get the Pricing Plan Title from Select a Plan Page\n  cy.get('.PricingPlan__title').then(function ($title) {\n    var txt = $title.text();\n    cy.wrap(txt).as('planName');\n  }); //Get the Price from Select a Plan page\n  cy.get('.PricingPlan__price').then(function ($price) {\n    var prc = $price.text();\n    cy.wrap(prc).as('planPrice');\n  });\n  cy.contains('Subscribe').click();\n});\ncy.url().should('include', '/payment/methods'); //Get the Pricing Plan Title from Payment Method Page\ncy.get('.SubscriptionPlanName').then(function ($judul) {\n  var text = $judul.text();\n  cy.wrap(text).as('planNamePayment');\n}); //Get the Pricing Plan Price from Payment Method Page\ncy.get('.Amount__final').then(function ($harga) {\n  var hrg = $harga.text();\n  cy.wrap(hrg).as('planPricePayment');\n}); //Validate on Pricing Plan Title Data\ncy.get('@planName').then(function (planName) {\n  cy.get('@planNamePayment').then(function (planNamePayment) {\n    expect(planName).to.equal(planNamePayment);\n  });\n}); //Validate on Pricing Plan Price Data\ncy.get('@planPrice').then(function (planPrice) {\n  cy.get('@planPricePayment').then(function (planPricePayment) {\n    expect(planPrice).to.equal(planPricePayment);\n  });\n});",
              "err": {},
              "uuid": "ba790897-bcad-4e4f-8bca-a583cfc4051d",
              "parentUUID": "de1152d4-3236-4f9b-b6d1-b06125a02f5c",
              "isHook": false,
              "skipped": false
            },
            {
              "title": "#10 Paket Intensif SMA + 3 Bulan Masterclass Integration with Payment Method Page",
              "fullTitle": "Test Subscribe Process #10 Paket Intensif SMA + 3 Bulan Masterclass Integration with Payment Method Page",
              "timedOut": null,
              "duration": 10047,
              "state": "passed",
              "speed": "slow",
              "pass": true,
              "fail": false,
              "pending": false,
              "context": null,
              "code": "cy.visit(Cypress.env('quipper_plans'));\ncy.url().should('include', '/plans'); //Test the `Payment Method Page` Integration with Pricing \ncy.get('[id=\"1810\"]').within(function () {\n  //Get the Pricing Plan Title from Select a Plan Page\n  cy.get('.PricingPlan__title').then(function ($title) {\n    var txt = $title.text();\n    cy.wrap(txt).as('planName');\n  }); //Get the Price from Select a Plan page\n  cy.get('.PricingPlan__price').then(function ($price) {\n    var prc = $price.text();\n    cy.wrap(prc).as('planPrice');\n  });\n  cy.contains('Subscribe').click();\n});\ncy.url().should('include', '/payment/methods'); //Get the Pricing Plan Title from Payment Method Page\ncy.get('.SubscriptionPlanName').then(function ($judul) {\n  var text = $judul.text();\n  cy.wrap(text).as('planNamePayment');\n}); //Get the Pricing Plan Price from Payment Method Page\ncy.get('.Amount__final').then(function ($harga) {\n  var hrg = $harga.text();\n  cy.wrap(hrg).as('planPricePayment');\n}); //Validate on Pricing Plan Title Data\ncy.get('@planName').then(function (planName) {\n  cy.get('@planNamePayment').then(function (planNamePayment) {\n    expect(planName).to.equal(planNamePayment);\n  });\n}); //Validate on Pricing Plan Price Data\ncy.get('@planPrice').then(function (planPrice) {\n  cy.get('@planPricePayment').then(function (planPricePayment) {\n    expect(planPrice).to.equal(planPricePayment);\n  });\n});",
              "err": {},
              "uuid": "0c745ab1-e95f-4c2e-a02b-1818c494b794",
              "parentUUID": "de1152d4-3236-4f9b-b6d1-b06125a02f5c",
              "isHook": false,
              "skipped": false
            }
          ],
          "suites": [],
          "passes": [
            "a4203e12-5732-4e16-b7ed-2773ae8b5ba7",
            "9b4de7fd-3102-4d79-9149-4df013a50274",
            "39aeb318-39c5-43ef-90bd-7825824fdbd3",
            "853f90f5-1191-4957-827e-7d09cef92c51",
            "5f7151ab-47db-4c32-acc9-ed8ca542eea7",
            "e56e4779-9cf1-423d-b2fb-8de22c16fdfb",
            "379a4978-8c45-450a-9c37-dce6c64f76e0",
            "c27056c2-4889-4818-ac38-83d438c7b996",
            "ba790897-bcad-4e4f-8bca-a583cfc4051d",
            "0c745ab1-e95f-4c2e-a02b-1818c494b794"
          ],
          "failures": [],
          "pending": [],
          "skipped": [],
          "duration": 112577,
          "root": false,
          "rootEmpty": false,
          "_timeout": 2000
        }
      ],
      "passes": [],
      "failures": [],
      "pending": [],
      "skipped": [],
      "duration": 0,
      "root": true,
      "rootEmpty": true,
      "_timeout": 2000
    }
  ],
  "meta": {
    "mocha": {
      "version": "7.0.1"
    },
    "mochawesome": {
      "options": {
        "quiet": false,
        "reportFilename": "mochawesome",
        "saveHtml": false,
        "saveJson": true,
        "consoleReporter": "spec",
        "useInlineDiffs": false,
        "code": true
      },
      "version": "6.1.1"
    },
    "marge": {
      "options": {
        "id": "default",
        "reportDir": "cypress/reports/mocha",
        "quite": true,
        "overwrite": false,
        "html": false,
        "json": true
      },
      "version": "5.1.0"
    }
  }
}