{
  "stats": {
    "suites": 1,
    "tests": 10,
    "passes": 10,
    "pending": 0,
    "failures": 0,
    "start": "2020-06-25T10:36:51.204Z",
    "end": "2020-06-25T10:38:31.296Z",
    "duration": 100092,
    "testsRegistered": 10,
    "passPercent": 100,
    "pendingPercent": 0,
    "other": 0,
    "hasOther": false,
    "skipped": 0,
    "hasSkipped": false
  },
  "results": [
    {
      "uuid": "c304c0db-b0ff-441f-8545-cbca750f5e60",
      "title": "",
      "fullFile": "cypress\\integration\\02-id-subscribeProcess.js",
      "file": "cypress\\integration\\02-id-subscribeProcess.js",
      "beforeHooks": [],
      "afterHooks": [],
      "tests": [],
      "suites": [
        {
          "uuid": "da1ee74c-4f51-4ee5-8f47-20a2457141c7",
          "title": "Test Subscribe Process",
          "fullFile": "",
          "file": "",
          "beforeHooks": [],
          "afterHooks": [],
          "tests": [
            {
              "title": "#1 Load Page Successfully",
              "fullTitle": "Test Subscribe Process #1 Load Page Successfully",
              "timedOut": null,
              "duration": 8306,
              "state": "passed",
              "speed": "slow",
              "pass": true,
              "fail": false,
              "pending": false,
              "context": null,
              "code": "cy.visit(Cypress.env('quipper_dashboard'));",
              "err": {},
              "uuid": "5742a4aa-8aa0-4129-8d71-32a54172cb7e",
              "parentUUID": "da1ee74c-4f51-4ee5-8f47-20a2457141c7",
              "isHook": false,
              "skipped": false
            },
            {
              "title": "#2 Dashboard Showing Correct Components",
              "fullTitle": "Test Subscribe Process #2 Dashboard Showing Correct Components",
              "timedOut": null,
              "duration": 8237,
              "state": "passed",
              "speed": "slow",
              "pass": true,
              "fail": false,
              "pending": false,
              "context": null,
              "code": "cy.contains('Home');\ncy.contains('Course List');\ncy.contains('My Courses');\ncy.get('.AvatarMenu__Toggle--kz3Cn').click();\ncy.contains('Profile');\ncy.contains('Subscriptions');\ncy.contains('Search campuses');\ncy.contains('Logout');\ncy.get('.AvatarMenu__Toggle--kz3Cn').click(); //Upsell Banner\ncy.get('.UpsellBanner--2x5p2');\ncy.contains('Pilih Paket');\ncy.contains('Coba Gratis Dulu'); //Notification Banner\ncy.get('.DashboardModuleTemplate__Banner--1GLG-');\ncy.contains('Subscribe now');",
              "err": {},
              "uuid": "91cca0ce-ebb5-48bc-8923-11f2cdbbd8a9",
              "parentUUID": "da1ee74c-4f51-4ee5-8f47-20a2457141c7",
              "isHook": false,
              "skipped": false
            },
            {
              "title": "#3 Avatar Button Menu Functionality",
              "fullTitle": "Test Subscribe Process #3 Avatar Button Menu Functionality",
              "timedOut": null,
              "duration": 9325,
              "state": "passed",
              "speed": "slow",
              "pass": true,
              "fail": false,
              "pending": false,
              "context": null,
              "code": "cy.wait(1000);\ncy.get('.AvatarMenu__Toggle--kz3Cn').click();\ncy.contains('Profile').click();\ncy.url().should('include', '/en/settings/profile');\ncy.contains('Home').click();\ncy.url().should('include', '/dashboard');\ncy.wait(1000);\ncy.get('.AvatarMenu__Toggle--kz3Cn').click();\ncy.contains('Subscriptions').should('have.attr', 'target', '_blank');",
              "err": {},
              "uuid": "8afa4e0d-8887-4176-84aa-2aee7df3a618",
              "parentUUID": "da1ee74c-4f51-4ee5-8f47-20a2457141c7",
              "isHook": false,
              "skipped": false
            },
            {
              "title": "#4 Upsell Banner Functionality",
              "fullTitle": "Test Subscribe Process #4 Upsell Banner Functionality",
              "timedOut": null,
              "duration": 8403,
              "state": "passed",
              "speed": "slow",
              "pass": true,
              "fail": false,
              "pending": false,
              "context": null,
              "code": "cy.contains('Pilih Paket').should('have.attr', 'href', Cypress.env('quipper_upsell_short'));\ncy.visit(Cypress.env('quipper_upsell'));\ncy.url().should('include', '/plans');",
              "err": {},
              "uuid": "65949fd9-1340-4ef4-811e-d651ddae00bb",
              "parentUUID": "da1ee74c-4f51-4ee5-8f47-20a2457141c7",
              "isHook": false,
              "skipped": false
            },
            {
              "title": "#5 Susbcribe Now Banner Functionality",
              "fullTitle": "Test Subscribe Process #5 Susbcribe Now Banner Functionality",
              "timedOut": null,
              "duration": 6362,
              "state": "passed",
              "speed": "slow",
              "pass": true,
              "fail": false,
              "pending": false,
              "context": null,
              "code": "cy.contains('Subscribe now').should('have.attr', 'href', Cypress.env('quipper_plans'));\ncy.visit(Cypress.env('quipper_plans'));\ncy.url().should('include', '/plans');",
              "err": {},
              "uuid": "43ebbd36-da6f-422e-a303-a1d0b9b726ac",
              "parentUUID": "da1ee74c-4f51-4ee5-8f47-20a2457141c7",
              "isHook": false,
              "skipped": false
            },
            {
              "title": "#6 Select a Plan Page Functionality",
              "fullTitle": "Test Subscribe Process #6 Select a Plan Page Functionality",
              "timedOut": null,
              "duration": 11709,
              "state": "passed",
              "speed": "slow",
              "pass": true,
              "fail": false,
              "pending": false,
              "context": null,
              "code": "cy.visit(Cypress.env('quipper_plans'));\ncy.url().should('include', '/plans'); //Test the `Select a Plan` Page\ncy.get('.PricingPlansWeb__redeem_activation');\ncy.get('[id=\"category-btn-SMA\"]').click();\ncy.get('[id=\"category-2\"]').should('have.class', 'PricingPlans');\ncy.get('[id=\"category-btn-SMP\"]').click();\ncy.get('[id=\"category-1\"]').should('have.class', 'PricingPlans');\ncy.get('[id=\"category-btn-SMA\"]').click();\ncy.get('.PricingPlansWeb__redeem_activation').should('have.attr', 'href', '/activationcode');\ncy.get('.PricingPlansWeb__redeem_activation').click();\ncy.url().should('include', 'activationcode');\ncy.contains('Subscriptions').click();\ncy.url().should('include', '/plans');",
              "err": {},
              "uuid": "67d64e55-9dbb-4f38-91e9-62e02ec49b09",
              "parentUUID": "da1ee74c-4f51-4ee5-8f47-20a2457141c7",
              "isHook": false,
              "skipped": false
            },
            {
              "title": "#7 Subscribe Button Functionality ",
              "fullTitle": "Test Subscribe Process #7 Subscribe Button Functionality ",
              "timedOut": null,
              "duration": 16879,
              "state": "passed",
              "speed": "slow",
              "pass": true,
              "fail": false,
              "pending": false,
              "context": null,
              "code": "cy.visit(Cypress.env('quipper_plans'));\ncy.url().should('include', '/plans'); //Test `Subscribe` Button Each Pricing Plan\ncy.get('[id=\"1808\"]').within(function () {\n  cy.contains('Subscribe').click();\n});\ncy.contains('Back').click();\ncy.wait(1000);\ncy.get('[id=\"1809\"]').within(function () {\n  cy.contains('Subscribe').click();\n});\ncy.contains('Back').click();\ncy.wait(1000);\ncy.get('[id=\"1810\"]').within(function () {\n  cy.contains('Subscribe').click();\n});\ncy.contains('Back').click();",
              "err": {},
              "uuid": "642419a6-e3f9-4b4a-a1ad-02a19e8c5685",
              "parentUUID": "da1ee74c-4f51-4ee5-8f47-20a2457141c7",
              "isHook": false,
              "skipped": false
            },
            {
              "title": "#8 Paket Intensif SMA Integration with Payment Method Page",
              "fullTitle": "Test Subscribe Process #8 Paket Intensif SMA Integration with Payment Method Page",
              "timedOut": null,
              "duration": 9367,
              "state": "passed",
              "speed": "slow",
              "pass": true,
              "fail": false,
              "pending": false,
              "context": null,
              "code": "cy.visit(Cypress.env('quipper_plans'));\ncy.url().should('include', '/plans'); //Test the `Payment Method Page` Integration with Pricing \ncy.get('[id=\"1808\"]').within(function () {\n  //Get the Pricing Plan Title from Select a Plan Page\n  cy.get('.PricingPlan__title').then(function ($title) {\n    var txt = $title.text();\n    cy.wrap(txt).as('planName');\n  }); //Get the Price from Select a Plan page\n  cy.get('.PricingPlan__price').then(function ($price) {\n    var prc = $price.text();\n    cy.wrap(prc).as('planPrice');\n  });\n  cy.contains('Subscribe').click();\n});\ncy.url().should('include', '/payment/methods'); //Get the Pricing Plan Title from Payment Method Page\ncy.get('.SubscriptionPlanName').then(function ($judul) {\n  var text = $judul.text();\n  cy.wrap(text).as('planNamePayment');\n}); //Get the Pricing Plan Price from Payment Method Page\ncy.get('.Amount__final').then(function ($harga) {\n  var hrg = $harga.text();\n  cy.wrap(hrg).as('planPricePayment');\n}); //Validate on Pricing Plan Title Data\ncy.get('@planName').then(function (planName) {\n  cy.get('@planNamePayment').then(function (planNamePayment) {\n    expect(planName).to.equal(planNamePayment);\n  });\n}); //Validate on Pricing Plan Price Data\ncy.get('@planPrice').then(function (planPrice) {\n  cy.get('@planPricePayment').then(function (planPricePayment) {\n    expect(planPrice).to.equal(planPricePayment);\n  });\n});",
              "err": {},
              "uuid": "094245c8-271d-48be-ac90-ceb47734b013",
              "parentUUID": "da1ee74c-4f51-4ee5-8f47-20a2457141c7",
              "isHook": false,
              "skipped": false
            },
            {
              "title": "#9 Paket Regular SMA Integration with Payment Method Page",
              "fullTitle": "Test Subscribe Process #9 Paket Regular SMA Integration with Payment Method Page",
              "timedOut": null,
              "duration": 8671,
              "state": "passed",
              "speed": "slow",
              "pass": true,
              "fail": false,
              "pending": false,
              "context": null,
              "code": "cy.visit(Cypress.env('quipper_plans'));\ncy.url().should('include', '/plans'); //Test the `Payment Method Page` Integration with Pricing \ncy.get('[id=\"1809\"]').within(function () {\n  //Get the Pricing Plan Title from Select a Plan Page\n  cy.get('.PricingPlan__title').then(function ($title) {\n    var txt = $title.text();\n    cy.wrap(txt).as('planName');\n  }); //Get the Price from Select a Plan page\n  cy.get('.PricingPlan__price').then(function ($price) {\n    var prc = $price.text();\n    cy.wrap(prc).as('planPrice');\n  });\n  cy.contains('Subscribe').click();\n});\ncy.url().should('include', '/payment/methods'); //Get the Pricing Plan Title from Payment Method Page\ncy.get('.SubscriptionPlanName').then(function ($judul) {\n  var text = $judul.text();\n  cy.wrap(text).as('planNamePayment');\n}); //Get the Pricing Plan Price from Payment Method Page\ncy.get('.Amount__final').then(function ($harga) {\n  var hrg = $harga.text();\n  cy.wrap(hrg).as('planPricePayment');\n}); //Validate on Pricing Plan Title Data\ncy.get('@planName').then(function (planName) {\n  cy.get('@planNamePayment').then(function (planNamePayment) {\n    expect(planName).to.equal(planNamePayment);\n  });\n}); //Validate on Pricing Plan Price Data\ncy.get('@planPrice').then(function (planPrice) {\n  cy.get('@planPricePayment').then(function (planPricePayment) {\n    expect(planPrice).to.equal(planPricePayment);\n  });\n});",
              "err": {},
              "uuid": "bcc0e1dd-da63-4165-ae7a-c0b78192c863",
              "parentUUID": "da1ee74c-4f51-4ee5-8f47-20a2457141c7",
              "isHook": false,
              "skipped": false
            },
            {
              "title": "#10 Paket Intensif SMA + 3 Bulan Masterclass Integration with Payment Method Page",
              "fullTitle": "Test Subscribe Process #10 Paket Intensif SMA + 3 Bulan Masterclass Integration with Payment Method Page",
              "timedOut": null,
              "duration": 8962,
              "state": "passed",
              "speed": "slow",
              "pass": true,
              "fail": false,
              "pending": false,
              "context": null,
              "code": "cy.visit(Cypress.env('quipper_plans'));\ncy.url().should('include', '/plans'); //Test the `Payment Method Page` Integration with Pricing \ncy.get('[id=\"1810\"]').within(function () {\n  //Get the Pricing Plan Title from Select a Plan Page\n  cy.get('.PricingPlan__title').then(function ($title) {\n    var txt = $title.text();\n    cy.wrap(txt).as('planName');\n  }); //Get the Price from Select a Plan page\n  cy.get('.PricingPlan__price').then(function ($price) {\n    var prc = $price.text();\n    cy.wrap(prc).as('planPrice');\n  });\n  cy.contains('Subscribe').click();\n});\ncy.url().should('include', '/payment/methods'); //Get the Pricing Plan Title from Payment Method Page\ncy.get('.SubscriptionPlanName').then(function ($judul) {\n  var text = $judul.text();\n  cy.wrap(text).as('planNamePayment');\n}); //Get the Pricing Plan Price from Payment Method Page\ncy.get('.Amount__final').then(function ($harga) {\n  var hrg = $harga.text();\n  cy.wrap(hrg).as('planPricePayment');\n}); //Validate on Pricing Plan Title Data\ncy.get('@planName').then(function (planName) {\n  cy.get('@planNamePayment').then(function (planNamePayment) {\n    expect(planName).to.equal(planNamePayment);\n  });\n}); //Validate on Pricing Plan Price Data\ncy.get('@planPrice').then(function (planPrice) {\n  cy.get('@planPricePayment').then(function (planPricePayment) {\n    expect(planPrice).to.equal(planPricePayment);\n  });\n});",
              "err": {},
              "uuid": "1c47dda7-7bb8-46fe-b4c6-88bf8cef2f34",
              "parentUUID": "da1ee74c-4f51-4ee5-8f47-20a2457141c7",
              "isHook": false,
              "skipped": false
            }
          ],
          "suites": [],
          "passes": [
            "5742a4aa-8aa0-4129-8d71-32a54172cb7e",
            "91cca0ce-ebb5-48bc-8923-11f2cdbbd8a9",
            "8afa4e0d-8887-4176-84aa-2aee7df3a618",
            "65949fd9-1340-4ef4-811e-d651ddae00bb",
            "43ebbd36-da6f-422e-a303-a1d0b9b726ac",
            "67d64e55-9dbb-4f38-91e9-62e02ec49b09",
            "642419a6-e3f9-4b4a-a1ad-02a19e8c5685",
            "094245c8-271d-48be-ac90-ceb47734b013",
            "bcc0e1dd-da63-4165-ae7a-c0b78192c863",
            "1c47dda7-7bb8-46fe-b4c6-88bf8cef2f34"
          ],
          "failures": [],
          "pending": [],
          "skipped": [],
          "duration": 96221,
          "root": false,
          "rootEmpty": false,
          "_timeout": 2000
        }
      ],
      "passes": [],
      "failures": [],
      "pending": [],
      "skipped": [],
      "duration": 0,
      "root": true,
      "rootEmpty": true,
      "_timeout": 2000
    }
  ],
  "meta": {
    "mocha": {
      "version": "7.0.1"
    },
    "mochawesome": {
      "options": {
        "quiet": false,
        "reportFilename": "mochawesome",
        "saveHtml": false,
        "saveJson": true,
        "consoleReporter": "spec",
        "useInlineDiffs": false,
        "code": true
      },
      "version": "6.1.1"
    },
    "marge": {
      "options": {
        "id": "default",
        "reportDir": "cypress/reports/mocha",
        "quite": true,
        "overwrite": false,
        "html": false,
        "json": true
      },
      "version": "5.1.0"
    }
  }
}