{
  "stats": {
    "suites": 1,
    "tests": 3,
    "passes": 3,
    "pending": 0,
    "failures": 0,
    "start": "2020-07-08T05:26:37.287Z",
    "end": "2020-07-08T05:27:22.273Z",
    "duration": 44986,
    "testsRegistered": 3,
    "passPercent": 100,
    "pendingPercent": 0,
    "other": 0,
    "hasOther": false,
    "skipped": 0,
    "hasSkipped": false
  },
  "results": [
    {
      "uuid": "ba494c9e-589a-4516-90fe-5d2f273c7ff7",
      "title": "",
      "fullFile": "cypress\\integration\\06-id-redeemActivationCode.js",
      "file": "cypress\\integration\\06-id-redeemActivationCode.js",
      "beforeHooks": [],
      "afterHooks": [],
      "tests": [],
      "suites": [
        {
          "uuid": "101f4454-5ed5-459f-8893-0c2932556c83",
          "title": "Test Redeem Activation Code Process",
          "fullFile": "",
          "file": "",
          "beforeHooks": [],
          "afterHooks": [],
          "tests": [
            {
              "title": "#1 Redeem Activation Code Page Loads Successfully",
              "fullTitle": "Test Redeem Activation Code Process #1 Redeem Activation Code Page Loads Successfully",
              "timedOut": null,
              "duration": 16138,
              "state": "passed",
              "speed": "slow",
              "pass": true,
              "fail": false,
              "pending": false,
              "context": null,
              "code": "cy.wait(1000);\ncy.get('.AvatarMenu__Toggle--kz3Cn').click();\ncy.contains('Subscriptions').should('have.attr', 'href', Cypress.env('quipper_subscription'));\ncy.visit(Cypress.env('quipper_subscription'));\ncy.url().should('include', '/plans');\ncy.get('.PricingPlansWeb__redeem_activation').click();\ncy.url().should('include', '/activationcode');",
              "err": {},
              "uuid": "5db4141a-bdb5-46ad-9c31-cfe1398fdf89",
              "parentUUID": "101f4454-5ed5-459f-8893-0c2932556c83",
              "isHook": false,
              "skipped": false
            },
            {
              "title": "#2 Page Showing Correct Components",
              "fullTitle": "Test Redeem Activation Code Process #2 Page Showing Correct Components",
              "timedOut": null,
              "duration": 13914,
              "state": "passed",
              "speed": "slow",
              "pass": true,
              "fail": false,
              "pending": false,
              "context": null,
              "code": "cy.get('.AvatarMenu__Toggle--kz3Cn').click();\ncy.contains('Subscriptions').should('have.attr', 'href', Cypress.env('quipper_subscription'));\ncy.visit(Cypress.env('quipper_subscription'));\ncy.url().should('include', '/plans');\ncy.get('.PricingPlansWeb__redeem_activation').click(); //Test the correct components\ncy.get('[name=\"activationCode\"]');\ncy.contains('Activate');\ncy.contains('Back to learning app');\ncy.contains('Subscriptions').should('have.attr', 'href', '/subscriptions');\ncy.contains('Orders').should('have.attr', 'href', '/orders');",
              "err": {},
              "uuid": "00a3f825-d369-4aff-947f-46482271f585",
              "parentUUID": "101f4454-5ed5-459f-8893-0c2932556c83",
              "isHook": false,
              "skipped": false
            },
            {
              "title": "#3 Input Field Validation - Activation Code",
              "fullTitle": "Test Redeem Activation Code Process #3 Input Field Validation - Activation Code",
              "timedOut": null,
              "duration": 12070,
              "state": "passed",
              "speed": "slow",
              "pass": true,
              "fail": false,
              "pending": false,
              "context": null,
              "code": "cy.visit(Cypress.env('quipper_subscription'));\ncy.url().should('include', '/plans');\ncy.get('.PricingPlansWeb__redeem_activation').click();\ncy.get('[name = \"activationCode\"]').type('ASDA123');\ncy.contains('Activate').should('be.disabled');\ncy.get('[name=\"activationCode\"]').type('{del}{selectall}{backspace}');\ncy.get('[name=\"activationCode\"]').type('ASDASK233SDAS12S');\ncy.contains('Activate').should('not.be.disabled');",
              "err": {},
              "uuid": "6b56beb0-4e4a-4fd6-9ff3-2a20a23e4a53",
              "parentUUID": "101f4454-5ed5-459f-8893-0c2932556c83",
              "isHook": false,
              "skipped": false
            }
          ],
          "suites": [],
          "passes": [
            "5db4141a-bdb5-46ad-9c31-cfe1398fdf89",
            "00a3f825-d369-4aff-947f-46482271f585",
            "6b56beb0-4e4a-4fd6-9ff3-2a20a23e4a53"
          ],
          "failures": [],
          "pending": [],
          "skipped": [],
          "duration": 42122,
          "root": false,
          "rootEmpty": false,
          "_timeout": 2000
        }
      ],
      "passes": [],
      "failures": [],
      "pending": [],
      "skipped": [],
      "duration": 0,
      "root": true,
      "rootEmpty": true,
      "_timeout": 2000
    }
  ],
  "meta": {
    "mocha": {
      "version": "7.0.1"
    },
    "mochawesome": {
      "options": {
        "quiet": false,
        "reportFilename": "mochawesome",
        "saveHtml": false,
        "saveJson": true,
        "consoleReporter": "spec",
        "useInlineDiffs": false,
        "code": true
      },
      "version": "6.1.1"
    },
    "marge": {
      "options": {
        "id": "default",
        "reportDir": "cypress/reports/mocha",
        "quite": true,
        "overwrite": false,
        "html": false,
        "json": true
      },
      "version": "5.1.0"
    }
  }
}