{
  "stats": {
    "suites": 1,
    "tests": 3,
    "passes": 3,
    "pending": 0,
    "failures": 0,
    "start": "2020-06-26T02:27:45.985Z",
    "end": "2020-06-26T02:28:29.345Z",
    "duration": 43360,
    "testsRegistered": 3,
    "passPercent": 100,
    "pendingPercent": 0,
    "other": 0,
    "hasOther": false,
    "skipped": 0,
    "hasSkipped": false
  },
  "results": [
    {
      "uuid": "ae073714-4d5f-481c-95e8-09e289d6a181",
      "title": "",
      "fullFile": "cypress\\integration\\05-id-redeemActivationCode.js",
      "file": "cypress\\integration\\05-id-redeemActivationCode.js",
      "beforeHooks": [],
      "afterHooks": [],
      "tests": [],
      "suites": [
        {
          "uuid": "9df9ea49-4e0d-4b51-a5a7-4d7a24d1200d",
          "title": "Test Redeem Activation Code Process",
          "fullFile": "",
          "file": "",
          "beforeHooks": [],
          "afterHooks": [],
          "tests": [
            {
              "title": "#1 Redeem Activation Code Page Loads Successfully",
              "fullTitle": "Test Redeem Activation Code Process #1 Redeem Activation Code Page Loads Successfully",
              "timedOut": null,
              "duration": 15631,
              "state": "passed",
              "speed": "slow",
              "pass": true,
              "fail": false,
              "pending": false,
              "context": null,
              "code": "cy.get('.AvatarMenu__Toggle--kz3Cn').click();\ncy.contains('Subscriptions').should('have.attr', 'href', Cypress.env('quipper_subscription'));\ncy.visit(Cypress.env('quipper_subscription'));\ncy.url().should('include', '/plans');\ncy.get('.PricingPlansWeb__redeem_activation').click();\ncy.url().should('include', '/activationcode');",
              "err": {},
              "uuid": "9b84b3aa-0836-4c00-81f7-a19783b96a5a",
              "parentUUID": "9df9ea49-4e0d-4b51-a5a7-4d7a24d1200d",
              "isHook": false,
              "skipped": false
            },
            {
              "title": "#2 Page Showing Correct Components",
              "fullTitle": "Test Redeem Activation Code Process #2 Page Showing Correct Components",
              "timedOut": null,
              "duration": 12479,
              "state": "passed",
              "speed": "slow",
              "pass": true,
              "fail": false,
              "pending": false,
              "context": null,
              "code": "cy.get('.AvatarMenu__Toggle--kz3Cn').click();\ncy.contains('Subscriptions').should('have.attr', 'href', Cypress.env('quipper_subscription'));\ncy.visit(Cypress.env('quipper_subscription'));\ncy.url().should('include', '/plans');\ncy.get('.PricingPlansWeb__redeem_activation').click(); //Test the correct components\ncy.get('[name=\"activationCode\"]');\ncy.contains('Activate');\ncy.contains('Back to learning app');\ncy.contains('Subscriptions').should('have.attr', 'href', '/subscriptions');\ncy.contains('Orders').should('have.attr', 'href', '/orders');",
              "err": {},
              "uuid": "03ce0e9d-d06e-48fb-881a-0aafba615a3f",
              "parentUUID": "9df9ea49-4e0d-4b51-a5a7-4d7a24d1200d",
              "isHook": false,
              "skipped": false
            },
            {
              "title": "#3 Input Field Validation - Activation Code",
              "fullTitle": "Test Redeem Activation Code Process #3 Input Field Validation - Activation Code",
              "timedOut": null,
              "duration": 12235,
              "state": "passed",
              "speed": "slow",
              "pass": true,
              "fail": false,
              "pending": false,
              "context": null,
              "code": "cy.visit(Cypress.env('quipper_subscription'));\ncy.url().should('include', '/plans');\ncy.get('.PricingPlansWeb__redeem_activation').click();\ncy.get('[name = \"activationCode\"]').type('ASDA123');\ncy.contains('Activate').should('be.disabled');\ncy.get('[name=\"activationCode\"]').type('{del}{selectall}{backspace}');\ncy.get('[name=\"activationCode\"]').type('ASDASK233SDAS12S');\ncy.contains('Activate').should('not.be.disabled');",
              "err": {},
              "uuid": "d001a276-3363-4fc5-83ec-6c59ed0060a5",
              "parentUUID": "9df9ea49-4e0d-4b51-a5a7-4d7a24d1200d",
              "isHook": false,
              "skipped": false
            }
          ],
          "suites": [],
          "passes": [
            "9b84b3aa-0836-4c00-81f7-a19783b96a5a",
            "03ce0e9d-d06e-48fb-881a-0aafba615a3f",
            "d001a276-3363-4fc5-83ec-6c59ed0060a5"
          ],
          "failures": [],
          "pending": [],
          "skipped": [],
          "duration": 40345,
          "root": false,
          "rootEmpty": false,
          "_timeout": 2000
        }
      ],
      "passes": [],
      "failures": [],
      "pending": [],
      "skipped": [],
      "duration": 0,
      "root": true,
      "rootEmpty": true,
      "_timeout": 2000
    }
  ],
  "meta": {
    "mocha": {
      "version": "7.0.1"
    },
    "mochawesome": {
      "options": {
        "quiet": false,
        "reportFilename": "mochawesome",
        "saveHtml": false,
        "saveJson": true,
        "consoleReporter": "spec",
        "useInlineDiffs": false,
        "code": true
      },
      "version": "6.1.1"
    },
    "marge": {
      "options": {
        "id": "default",
        "reportDir": "cypress/reports/mocha",
        "quite": true,
        "overwrite": false,
        "html": false,
        "json": true
      },
      "version": "5.1.0"
    }
  }
}