{
  "stats": {
    "suites": 2,
    "tests": 7,
    "passes": 7,
    "pending": 0,
    "failures": 0,
    "start": "2020-06-19T07:12:41.573Z",
    "end": "2020-06-19T07:12:41.573Z",
    "duration": 29929,
    "testsRegistered": 7,
    "passPercent": 100,
    "pendingPercent": 0,
    "other": 0,
    "hasOther": false,
    "skipped": 0,
    "hasSkipped": false
  },
  "results": [
    {
      "uuid": "cfe8a4aa-38b7-44c4-98ec-060ccefe50af",
      "title": "",
      "fullFile": "cypress\\integration\\test-01.js",
      "file": "cypress\\integration\\test-01.js",
      "beforeHooks": [],
      "afterHooks": [],
      "tests": [],
      "suites": [
        {
          "uuid": "bcb76ab2-4ecc-4fb4-bf0d-7dc6cb119057",
          "title": "Test Quipper Home Page",
          "fullFile": "",
          "file": "",
          "beforeHooks": [],
          "afterHooks": [],
          "tests": [
            {
              "title": "#1 Successfully Loads",
              "fullTitle": "Test Quipper Home Page #1 Successfully Loads",
              "timedOut": null,
              "duration": 9844,
              "state": "passed",
              "speed": "slow",
              "pass": true,
              "fail": false,
              "pending": false,
              "context": null,
              "code": "cy.visit('https://www.quipper.com/id/');",
              "err": {},
              "uuid": "3cea111c-374d-4274-9ce7-17b68cba88ff",
              "parentUUID": "bcb76ab2-4ecc-4fb4-bf0d-7dc6cb119057",
              "isHook": false,
              "skipped": false
            },
            {
              "title": "#2 Showing the Correct Components",
              "fullTitle": "Test Quipper Home Page #2 Showing the Correct Components",
              "timedOut": null,
              "duration": 264,
              "state": "passed",
              "speed": "slow",
              "pass": true,
              "fail": false,
              "pending": false,
              "context": null,
              "code": "cy.contains('Untuk Siswa');\ncy.contains('Untuk Guru');\ncy.contains('Blog');\ncy.contains('Tentang Quipper');\ncy.contains('Login');\ncy.contains('Daftar Sekarang');",
              "err": {},
              "uuid": "a1f2c082-ed54-4df7-89f9-0231aed9eaa8",
              "parentUUID": "bcb76ab2-4ecc-4fb4-bf0d-7dc6cb119057",
              "isHook": false,
              "skipped": false
            },
            {
              "title": "#3 Move to Login Page",
              "fullTitle": "Test Quipper Home Page #3 Move to Login Page",
              "timedOut": null,
              "duration": 8464,
              "state": "passed",
              "speed": "slow",
              "pass": true,
              "fail": false,
              "pending": false,
              "context": null,
              "code": "cy.contains('Login').click();\ncy.url().should('include', '/en/login');",
              "err": {},
              "uuid": "780b240c-3b57-4b1a-b516-60ade7fa2c03",
              "parentUUID": "bcb76ab2-4ecc-4fb4-bf0d-7dc6cb119057",
              "isHook": false,
              "skipped": false
            }
          ],
          "suites": [],
          "passes": [
            "3cea111c-374d-4274-9ce7-17b68cba88ff",
            "a1f2c082-ed54-4df7-89f9-0231aed9eaa8",
            "780b240c-3b57-4b1a-b516-60ade7fa2c03"
          ],
          "failures": [],
          "pending": [],
          "skipped": [],
          "duration": 18572,
          "root": false,
          "rootEmpty": false,
          "_timeout": 2000
        },
        {
          "uuid": "0feedf0e-fe62-4076-b241-1ff78e281486",
          "title": "Test Sign Up Page",
          "fullFile": "",
          "file": "",
          "beforeHooks": [],
          "afterHooks": [],
          "tests": [
            {
              "title": "#1 Successfully Loads",
              "fullTitle": "Test Sign Up Page #1 Successfully Loads",
              "timedOut": null,
              "duration": 6347,
              "state": "passed",
              "speed": "slow",
              "pass": true,
              "fail": false,
              "pending": false,
              "context": null,
              "code": "cy.visit('https://subscribe.quipper.com/signup/id');",
              "err": {},
              "uuid": "12076a6b-5faf-486b-bfe4-8ef645260279",
              "parentUUID": "0feedf0e-fe62-4076-b241-1ff78e281486",
              "isHook": false,
              "skipped": false
            },
            {
              "title": "#2 Showing The Correct Components",
              "fullTitle": "Test Sign Up Page #2 Showing The Correct Components",
              "timedOut": null,
              "duration": 588,
              "state": "passed",
              "speed": "slow",
              "pass": true,
              "fail": false,
              "pending": false,
              "context": null,
              "code": "cy.contains('Select your location');\ncy.get('[name= \"country\"]');\ncy.get('.fb-button');\ncy.get('[name= \"firstName\"]');\ncy.get('[name= \"lastName\"]');\ncy.get('[name= \"gradeLevel\"]');\ncy.get('[name = \"phoneNumber\"]');\ncy.get('[name = \"email\"]');\ncy.get('[name = \"username\"]');\ncy.get('[name = \"password\"]');\ncy.get('[name = \"passwordConfirmation\"]');",
              "err": {},
              "uuid": "3739de8f-e7d3-4251-891e-1a35795bf390",
              "parentUUID": "0feedf0e-fe62-4076-b241-1ff78e281486",
              "isHook": false,
              "skipped": false
            }
          ],
          "suites": [],
          "passes": [
            "12076a6b-5faf-486b-bfe4-8ef645260279",
            "3739de8f-e7d3-4251-891e-1a35795bf390"
          ],
          "failures": [],
          "pending": [],
          "skipped": [],
          "duration": 6935,
          "root": false,
          "rootEmpty": false,
          "_timeout": 2000
        }
      ],
      "passes": [],
      "failures": [],
      "pending": [],
      "skipped": [],
      "duration": 0,
      "root": true,
      "rootEmpty": true,
      "_timeout": 2000
    },
    {
      "uuid": "216185da-cc66-487c-920e-50aac2381ae5",
      "title": "",
      "fullFile": "cypress\\integration\\sample_spec.js",
      "file": "cypress\\integration\\sample_spec.js",
      "beforeHooks": [],
      "afterHooks": [],
      "tests": [],
      "suites": [
        {
          "uuid": "4a79f362-26ec-4abe-90f1-71e8850f91bf",
          "title": "My First Test",
          "fullFile": "",
          "file": "",
          "beforeHooks": [],
          "afterHooks": [],
          "tests": [
            {
              "title": "Does not do much!",
              "fullTitle": "My First Test Does not do much!",
              "timedOut": null,
              "duration": 149,
              "state": "passed",
              "speed": "slow",
              "pass": true,
              "fail": false,
              "pending": false,
              "context": null,
              "code": "expect(true).to.equal(true);",
              "err": {},
              "uuid": "ff217084-54f2-4b96-9974-4d8555f4f45d",
              "parentUUID": "4a79f362-26ec-4abe-90f1-71e8850f91bf",
              "isHook": false,
              "skipped": false
            }
          ],
          "suites": [],
          "passes": [
            "ff217084-54f2-4b96-9974-4d8555f4f45d"
          ],
          "failures": [],
          "pending": [],
          "skipped": [],
          "duration": 149,
          "root": false,
          "rootEmpty": false,
          "_timeout": 2000
        },
        {
          "uuid": "c015371a-f85c-4161-9d4c-c6a30959d55e",
          "title": "Test Visit Web Page",
          "fullFile": "",
          "file": "",
          "beforeHooks": [],
          "afterHooks": [],
          "tests": [
            {
              "title": "Visits the Kitchen Sink",
              "fullTitle": "Test Visit Web Page Visits the Kitchen Sink",
              "timedOut": null,
              "duration": 4273,
              "state": "passed",
              "speed": "slow",
              "pass": true,
              "fail": false,
              "pending": false,
              "context": null,
              "code": "cy.visit('https://example.cypress.io');\ncy.contains('get');\ncy.contains('children');\ncy.contains('find');\ncy.contains('parent');\ncy.contains('focus');\ncy.contains('type').click(); //check whether the new URL path from click is correct or not\ncy.url().should('include', '/commands/actions'); //input to CSS Components Class\ncy.get('.action-email').type('fake@gmail.com').should('have.value', 'fake@gmail.com');",
              "err": {},
              "uuid": "3caf2bb7-27de-4cbe-9fb6-9faac3302b26",
              "parentUUID": "c015371a-f85c-4161-9d4c-c6a30959d55e",
              "isHook": false,
              "skipped": false
            }
          ],
          "suites": [],
          "passes": [
            "3caf2bb7-27de-4cbe-9fb6-9faac3302b26"
          ],
          "failures": [],
          "pending": [],
          "skipped": [],
          "duration": 4273,
          "root": false,
          "rootEmpty": false,
          "_timeout": 2000
        }
      ],
      "passes": [],
      "failures": [],
      "pending": [],
      "skipped": [],
      "duration": 0,
      "root": true,
      "rootEmpty": true,
      "_timeout": 2000
    }
  ],
  "meta": {
    "mocha": {
      "version": "7.0.1"
    },
    "mochawesome": {
      "options": {
        "quiet": false,
        "reportFilename": "mochawesome",
        "saveHtml": false,
        "saveJson": true,
        "consoleReporter": "spec",
        "useInlineDiffs": false,
        "code": true
      },
      "version": "6.1.1"
    },
    "marge": {
      "options": {
        "id": "default",
        "reportDir": "cypress/reports/mocha",
        "quite": true,
        "overwrite": false,
        "html": false,
        "json": true
      },
      "version": "5.1.0"
    }
  }
}