{
  "stats": {
    "suites": 4,
    "tests": 42,
    "passes": 42,
    "pending": 0,
    "failures": 0,
    "start": "2020-06-26T02:28:38.560Z",
    "end": "2020-06-26T02:28:38.560Z",
    "duration": 281872,
    "testsRegistered": 42,
    "passPercent": 100,
    "pendingPercent": 0,
    "other": 0,
    "hasOther": false,
    "skipped": 0,
    "hasSkipped": false
  },
  "results": [
    {
      "uuid": "602ef5dd-59eb-4dd3-a2fa-b01739b4c138",
      "title": "",
      "fullFile": "cypress\\integration\\02-id-subscribeProcess.js",
      "file": "cypress\\integration\\02-id-subscribeProcess.js",
      "beforeHooks": [],
      "afterHooks": [],
      "tests": [],
      "suites": [
        {
          "uuid": "868dbf7a-0875-4809-8cd3-4ebb4c5ddf47",
          "title": "Test Subscribe Process",
          "fullFile": "",
          "file": "",
          "beforeHooks": [],
          "afterHooks": [],
          "tests": [
            {
              "title": "#1 Load Page Successfully",
              "fullTitle": "Test Subscribe Process #1 Load Page Successfully",
              "timedOut": null,
              "duration": 8353,
              "state": "passed",
              "speed": "slow",
              "pass": true,
              "fail": false,
              "pending": false,
              "context": null,
              "code": "cy.visit(Cypress.env('quipper_dashboard'));",
              "err": {},
              "uuid": "32fd1b67-3bd5-4289-b9d6-50959e60bf94",
              "parentUUID": "868dbf7a-0875-4809-8cd3-4ebb4c5ddf47",
              "isHook": false,
              "skipped": false
            },
            {
              "title": "#2 Dashboard Showing Correct Components",
              "fullTitle": "Test Subscribe Process #2 Dashboard Showing Correct Components",
              "timedOut": null,
              "duration": 7481,
              "state": "passed",
              "speed": "slow",
              "pass": true,
              "fail": false,
              "pending": false,
              "context": null,
              "code": "cy.contains('Home');\ncy.contains('Course List');\ncy.contains('My Courses');\ncy.get('.AvatarMenu__Toggle--kz3Cn').click();\ncy.contains('Profile');\ncy.contains('Subscriptions');\ncy.contains('Search campuses');\ncy.contains('Logout');\ncy.get('.AvatarMenu__Toggle--kz3Cn').click(); //Upsell Banner\ncy.get('.UpsellBanner--2x5p2');\ncy.contains('Pilih Paket');\ncy.contains('Coba Gratis Dulu'); //Notification Banner\ncy.get('.DashboardModuleTemplate__Banner--1GLG-');\ncy.contains('Subscribe now');",
              "err": {},
              "uuid": "48368866-604e-4ec1-bf72-2f90f2a2f662",
              "parentUUID": "868dbf7a-0875-4809-8cd3-4ebb4c5ddf47",
              "isHook": false,
              "skipped": false
            },
            {
              "title": "#3 Avatar Button Menu Functionality",
              "fullTitle": "Test Subscribe Process #3 Avatar Button Menu Functionality",
              "timedOut": null,
              "duration": 7769,
              "state": "passed",
              "speed": "slow",
              "pass": true,
              "fail": false,
              "pending": false,
              "context": null,
              "code": "cy.wait(1000);\ncy.get('.AvatarMenu__Toggle--kz3Cn').click();\ncy.contains('Profile').click();\ncy.url().should('include', '/en/settings/profile');\ncy.contains('Home').click();\ncy.url().should('include', '/dashboard');\ncy.wait(1000);\ncy.get('.AvatarMenu__Toggle--kz3Cn').click();\ncy.contains('Subscriptions').should('have.attr', 'target', '_blank');",
              "err": {},
              "uuid": "39b486da-553d-437f-b0c2-876257488792",
              "parentUUID": "868dbf7a-0875-4809-8cd3-4ebb4c5ddf47",
              "isHook": false,
              "skipped": false
            },
            {
              "title": "#4 Upsell Banner Functionality",
              "fullTitle": "Test Subscribe Process #4 Upsell Banner Functionality",
              "timedOut": null,
              "duration": 9596,
              "state": "passed",
              "speed": "slow",
              "pass": true,
              "fail": false,
              "pending": false,
              "context": null,
              "code": "cy.contains('Pilih Paket').should('have.attr', 'href', Cypress.env('quipper_upsell_short'));\ncy.visit(Cypress.env('quipper_upsell'));\ncy.url().should('include', '/plans');",
              "err": {},
              "uuid": "04c1fda2-938e-432d-be3d-a1dba5159bfe",
              "parentUUID": "868dbf7a-0875-4809-8cd3-4ebb4c5ddf47",
              "isHook": false,
              "skipped": false
            },
            {
              "title": "#5 Susbcribe Now Banner Functionality",
              "fullTitle": "Test Subscribe Process #5 Susbcribe Now Banner Functionality",
              "timedOut": null,
              "duration": 6905,
              "state": "passed",
              "speed": "slow",
              "pass": true,
              "fail": false,
              "pending": false,
              "context": null,
              "code": "cy.contains('Subscribe now').should('have.attr', 'href', Cypress.env('quipper_plans'));\ncy.visit(Cypress.env('quipper_plans'));\ncy.url().should('include', '/plans');",
              "err": {},
              "uuid": "3dd34954-181b-42ff-b8c0-d9847e7d3df8",
              "parentUUID": "868dbf7a-0875-4809-8cd3-4ebb4c5ddf47",
              "isHook": false,
              "skipped": false
            },
            {
              "title": "#6 Select a Plan Page Functionality",
              "fullTitle": "Test Subscribe Process #6 Select a Plan Page Functionality",
              "timedOut": null,
              "duration": 14450,
              "state": "passed",
              "speed": "slow",
              "pass": true,
              "fail": false,
              "pending": false,
              "context": null,
              "code": "cy.visit(Cypress.env('quipper_plans'));\ncy.url().should('include', '/plans'); //Test the `Select a Plan` Page\ncy.get('.PricingPlansWeb__redeem_activation');\ncy.get('[id=\"category-btn-SMA\"]').click();\ncy.get('[id=\"category-2\"]').should('have.class', 'PricingPlans');\ncy.get('[id=\"category-btn-SMP\"]').click();\ncy.get('[id=\"category-1\"]').should('have.class', 'PricingPlans');\ncy.get('[id=\"category-btn-SMA\"]').click();\ncy.get('.PricingPlansWeb__redeem_activation').should('have.attr', 'href', '/activationcode');\ncy.get('.PricingPlansWeb__redeem_activation').click();\ncy.url().should('include', 'activationcode');\ncy.contains('Subscriptions').click();\ncy.url().should('include', '/plans');",
              "err": {},
              "uuid": "b153f557-275f-4723-8ee0-3c868eeea94c",
              "parentUUID": "868dbf7a-0875-4809-8cd3-4ebb4c5ddf47",
              "isHook": false,
              "skipped": false
            },
            {
              "title": "#7 Subscribe Button Functionality ",
              "fullTitle": "Test Subscribe Process #7 Subscribe Button Functionality ",
              "timedOut": null,
              "duration": 15800,
              "state": "passed",
              "speed": "slow",
              "pass": true,
              "fail": false,
              "pending": false,
              "context": null,
              "code": "cy.visit(Cypress.env('quipper_plans'));\ncy.url().should('include', '/plans'); //Test `Subscribe` Button Each Pricing Plan\ncy.get('[id=\"1808\"]').within(function () {\n  cy.contains('Subscribe').click();\n});\ncy.contains('Back').click();\ncy.wait(1000);\ncy.get('[id=\"1809\"]').within(function () {\n  cy.contains('Subscribe').click();\n});\ncy.contains('Back').click();\ncy.wait(1000);\ncy.get('[id=\"1810\"]').within(function () {\n  cy.contains('Subscribe').click();\n});\ncy.contains('Back').click();",
              "err": {},
              "uuid": "a60341e3-a3d3-461d-a29e-2d713928a797",
              "parentUUID": "868dbf7a-0875-4809-8cd3-4ebb4c5ddf47",
              "isHook": false,
              "skipped": false
            },
            {
              "title": "#8 Paket Intensif SMA Integration with Payment Method Page",
              "fullTitle": "Test Subscribe Process #8 Paket Intensif SMA Integration with Payment Method Page",
              "timedOut": null,
              "duration": 9827,
              "state": "passed",
              "speed": "slow",
              "pass": true,
              "fail": false,
              "pending": false,
              "context": null,
              "code": "cy.visit(Cypress.env('quipper_plans'));\ncy.url().should('include', '/plans'); //Test the `Payment Method Page` Integration with Pricing \ncy.get('[id=\"1808\"]').within(function () {\n  //Get the Pricing Plan Title from Select a Plan Page\n  cy.get('.PricingPlan__title').then(function ($title) {\n    var txt = $title.text();\n    cy.wrap(txt).as('planName');\n  }); //Get the Price from Select a Plan page\n  cy.get('.PricingPlan__price').then(function ($price) {\n    var prc = $price.text();\n    cy.wrap(prc).as('planPrice');\n  });\n  cy.contains('Subscribe').click();\n});\ncy.url().should('include', '/payment/methods'); //Get the Pricing Plan Title from Payment Method Page\ncy.get('.SubscriptionPlanName').then(function ($judul) {\n  var text = $judul.text();\n  cy.wrap(text).as('planNamePayment');\n}); //Get the Pricing Plan Price from Payment Method Page\ncy.get('.Amount__final').then(function ($harga) {\n  var hrg = $harga.text();\n  cy.wrap(hrg).as('planPricePayment');\n}); //Validate on Pricing Plan Title Data\ncy.get('@planName').then(function (planName) {\n  cy.get('@planNamePayment').then(function (planNamePayment) {\n    expect(planName).to.equal(planNamePayment);\n  });\n}); //Validate on Pricing Plan Price Data\ncy.get('@planPrice').then(function (planPrice) {\n  cy.get('@planPricePayment').then(function (planPricePayment) {\n    expect(planPrice).to.equal(planPricePayment);\n  });\n});",
              "err": {},
              "uuid": "19816da1-289a-4ef6-ba28-c57e24012e44",
              "parentUUID": "868dbf7a-0875-4809-8cd3-4ebb4c5ddf47",
              "isHook": false,
              "skipped": false
            },
            {
              "title": "#9 Paket Regular SMA Integration with Payment Method Page",
              "fullTitle": "Test Subscribe Process #9 Paket Regular SMA Integration with Payment Method Page",
              "timedOut": null,
              "duration": 9636,
              "state": "passed",
              "speed": "slow",
              "pass": true,
              "fail": false,
              "pending": false,
              "context": null,
              "code": "cy.visit(Cypress.env('quipper_plans'));\ncy.url().should('include', '/plans'); //Test the `Payment Method Page` Integration with Pricing \ncy.get('[id=\"1809\"]').within(function () {\n  //Get the Pricing Plan Title from Select a Plan Page\n  cy.get('.PricingPlan__title').then(function ($title) {\n    var txt = $title.text();\n    cy.wrap(txt).as('planName');\n  }); //Get the Price from Select a Plan page\n  cy.get('.PricingPlan__price').then(function ($price) {\n    var prc = $price.text();\n    cy.wrap(prc).as('planPrice');\n  });\n  cy.contains('Subscribe').click();\n});\ncy.url().should('include', '/payment/methods'); //Get the Pricing Plan Title from Payment Method Page\ncy.get('.SubscriptionPlanName').then(function ($judul) {\n  var text = $judul.text();\n  cy.wrap(text).as('planNamePayment');\n}); //Get the Pricing Plan Price from Payment Method Page\ncy.get('.Amount__final').then(function ($harga) {\n  var hrg = $harga.text();\n  cy.wrap(hrg).as('planPricePayment');\n}); //Validate on Pricing Plan Title Data\ncy.get('@planName').then(function (planName) {\n  cy.get('@planNamePayment').then(function (planNamePayment) {\n    expect(planName).to.equal(planNamePayment);\n  });\n}); //Validate on Pricing Plan Price Data\ncy.get('@planPrice').then(function (planPrice) {\n  cy.get('@planPricePayment').then(function (planPricePayment) {\n    expect(planPrice).to.equal(planPricePayment);\n  });\n});",
              "err": {},
              "uuid": "ee80eafb-0503-4ab2-ae0a-d0b2098e1e47",
              "parentUUID": "868dbf7a-0875-4809-8cd3-4ebb4c5ddf47",
              "isHook": false,
              "skipped": false
            },
            {
              "title": "#10 Paket Intensif SMA + 3 Bulan Masterclass Integration with Payment Method Page",
              "fullTitle": "Test Subscribe Process #10 Paket Intensif SMA + 3 Bulan Masterclass Integration with Payment Method Page",
              "timedOut": null,
              "duration": 9398,
              "state": "passed",
              "speed": "slow",
              "pass": true,
              "fail": false,
              "pending": false,
              "context": null,
              "code": "cy.visit(Cypress.env('quipper_plans'));\ncy.url().should('include', '/plans'); //Test the `Payment Method Page` Integration with Pricing \ncy.get('[id=\"1810\"]').within(function () {\n  //Get the Pricing Plan Title from Select a Plan Page\n  cy.get('.PricingPlan__title').then(function ($title) {\n    var txt = $title.text();\n    cy.wrap(txt).as('planName');\n  }); //Get the Price from Select a Plan page\n  cy.get('.PricingPlan__price').then(function ($price) {\n    var prc = $price.text();\n    cy.wrap(prc).as('planPrice');\n  });\n  cy.contains('Subscribe').click();\n});\ncy.url().should('include', '/payment/methods'); //Get the Pricing Plan Title from Payment Method Page\ncy.get('.SubscriptionPlanName').then(function ($judul) {\n  var text = $judul.text();\n  cy.wrap(text).as('planNamePayment');\n}); //Get the Pricing Plan Price from Payment Method Page\ncy.get('.Amount__final').then(function ($harga) {\n  var hrg = $harga.text();\n  cy.wrap(hrg).as('planPricePayment');\n}); //Validate on Pricing Plan Title Data\ncy.get('@planName').then(function (planName) {\n  cy.get('@planNamePayment').then(function (planNamePayment) {\n    expect(planName).to.equal(planNamePayment);\n  });\n}); //Validate on Pricing Plan Price Data\ncy.get('@planPrice').then(function (planPrice) {\n  cy.get('@planPricePayment').then(function (planPricePayment) {\n    expect(planPrice).to.equal(planPricePayment);\n  });\n});",
              "err": {},
              "uuid": "1b7bab3e-2bcd-4554-af5f-77d9333e0de2",
              "parentUUID": "868dbf7a-0875-4809-8cd3-4ebb4c5ddf47",
              "isHook": false,
              "skipped": false
            }
          ],
          "suites": [],
          "passes": [
            "32fd1b67-3bd5-4289-b9d6-50959e60bf94",
            "48368866-604e-4ec1-bf72-2f90f2a2f662",
            "39b486da-553d-437f-b0c2-876257488792",
            "04c1fda2-938e-432d-be3d-a1dba5159bfe",
            "3dd34954-181b-42ff-b8c0-d9847e7d3df8",
            "b153f557-275f-4723-8ee0-3c868eeea94c",
            "a60341e3-a3d3-461d-a29e-2d713928a797",
            "19816da1-289a-4ef6-ba28-c57e24012e44",
            "ee80eafb-0503-4ab2-ae0a-d0b2098e1e47",
            "1b7bab3e-2bcd-4554-af5f-77d9333e0de2"
          ],
          "failures": [],
          "pending": [],
          "skipped": [],
          "duration": 99215,
          "root": false,
          "rootEmpty": false,
          "_timeout": 2000
        }
      ],
      "passes": [],
      "failures": [],
      "pending": [],
      "skipped": [],
      "duration": 0,
      "root": true,
      "rootEmpty": true,
      "_timeout": 2000
    },
    {
      "uuid": "ee136e60-390e-4bdf-8905-bb09d0fe250b",
      "title": "",
      "fullFile": "cypress\\integration\\03-id-paymentProcess.js",
      "file": "cypress\\integration\\03-id-paymentProcess.js",
      "beforeHooks": [],
      "afterHooks": [],
      "tests": [],
      "suites": [
        {
          "uuid": "3a874d57-85a7-4295-8af0-ac5d35f9430d",
          "title": "Test Payment Process",
          "fullFile": "",
          "file": "",
          "beforeHooks": [],
          "afterHooks": [],
          "tests": [
            {
              "title": "#1 Payment Method Page Successfully Loads",
              "fullTitle": "Test Payment Process #1 Payment Method Page Successfully Loads",
              "timedOut": null,
              "duration": 13868,
              "state": "passed",
              "speed": "slow",
              "pass": true,
              "fail": false,
              "pending": false,
              "context": null,
              "code": "cy.visit(Cypress.env('quipper_plans'));\ncy.get('[id=\"1808\"]').within(function () {\n  cy.contains('Subscribe').click();\n});\ncy.url().should('include', '/payment/methods');",
              "err": {},
              "uuid": "469d60b2-694d-471f-9e4b-852759aed139",
              "parentUUID": "3a874d57-85a7-4295-8af0-ac5d35f9430d",
              "isHook": false,
              "skipped": false
            },
            {
              "title": "#2 Payment Method Page Showing Correct Components",
              "fullTitle": "Test Payment Process #2 Payment Method Page Showing Correct Components",
              "timedOut": null,
              "duration": 9590,
              "state": "passed",
              "speed": "slow",
              "pass": true,
              "fail": false,
              "pending": false,
              "context": null,
              "code": "cy.visit(Cypress.env('quipper_plans'));\ncy.get('[id=\"1808\"]').within(function () {\n  cy.contains('Subscribe').click();\n});\ncy.wait(1000); //Test the showed components\ncy.contains('Payment Method').should('have.class', 'Step__active');\ncy.contains('Payment Information').should('have.class', 'Step');\ncy.get('.HeaderTitle__back');\ncy.contains('Kiosk').click();\ncy.get('[value=\"ALFAMART\"]');\ncy.get('[value=\"INDOMARET\"]');\ncy.contains('Bank Transfer').click();\ncy.get('[value=\"BNI\"]');\ncy.get('[value=\"MANDIRI\"]');\ncy.get('[value=\"PERMATA\"]');\ncy.get('[value=\"DANAMON\"]');\ncy.get('[value=\"CIMBVA\"]');\ncy.get('[value=\"BIIVA\"]');\ncy.get('[value=\"BANK_OTHER\"]');\ncy.get('.Input--disabled');\ncy.contains('Apply');\ncy.contains('Continue Payment');",
              "err": {},
              "uuid": "aa4ed82d-dd9c-49bf-9bd5-e068f8c0149e",
              "parentUUID": "3a874d57-85a7-4295-8af0-ac5d35f9430d",
              "isHook": false,
              "skipped": false
            },
            {
              "title": "#3 Validate Alfamart as Payment Method",
              "fullTitle": "Test Payment Process #3 Validate Alfamart as Payment Method",
              "timedOut": null,
              "duration": 7586,
              "state": "passed",
              "speed": "slow",
              "pass": true,
              "fail": false,
              "pending": false,
              "context": null,
              "code": "cy.visit(Cypress.env('quipper_plans'));\ncy.get('[id=\"1808\"]').within(function () {\n  cy.contains('Subscribe').click();\n}); //Choose Alfamart as Payment Method\ncy.get('[value=\"ALFAMART\"]').click();\ncy.get('.PaymentMethodName').then(function ($chosenMethod) {\n  var chosen = $chosenMethod.text();\n  cy.wrap(chosen).as('chosenMethod');\n});\ncy.get('@chosenMethod').then(function (chosenMethod) {\n  expect(chosenMethod).to.equal(\"Alfamart\");\n});",
              "err": {},
              "uuid": "4d84ff4b-817c-4873-b96b-9b86c6a2392b",
              "parentUUID": "3a874d57-85a7-4295-8af0-ac5d35f9430d",
              "isHook": false,
              "skipped": false
            },
            {
              "title": "#4 Validate Indomaret as Payment Method",
              "fullTitle": "Test Payment Process #4 Validate Indomaret as Payment Method",
              "timedOut": null,
              "duration": 8160,
              "state": "passed",
              "speed": "slow",
              "pass": true,
              "fail": false,
              "pending": false,
              "context": null,
              "code": "cy.visit(Cypress.env('quipper_plans'));\ncy.get('[id=\"1808\"]').within(function () {\n  cy.contains('Subscribe').click();\n}); //Choose Alfamart as Payment Method\ncy.get('[value=\"INDOMARET\"]').click();\ncy.get('.PaymentMethodName').then(function ($chosenMethod) {\n  var chosen = $chosenMethod.text();\n  cy.wrap(chosen).as('chosenMethod');\n});\ncy.get('@chosenMethod').then(function (chosenMethod) {\n  expect(chosenMethod).to.equal(\"Indomaret\");\n});",
              "err": {},
              "uuid": "637eb73f-fdfe-4aa6-91a1-3d3bb8a41389",
              "parentUUID": "3a874d57-85a7-4295-8af0-ac5d35f9430d",
              "isHook": false,
              "skipped": false
            },
            {
              "title": "#5 Validate BNI as Payment Method",
              "fullTitle": "Test Payment Process #5 Validate BNI as Payment Method",
              "timedOut": null,
              "duration": 7167,
              "state": "passed",
              "speed": "slow",
              "pass": true,
              "fail": false,
              "pending": false,
              "context": null,
              "code": "cy.visit(Cypress.env('quipper_plans'));\ncy.get('[id=\"1808\"]').within(function () {\n  cy.contains('Subscribe').click();\n});\ncy.contains('Bank Transfer').click(); //Choose Alfamart as Payment Method\ncy.get('[value=\"BNI\"]').click();\ncy.get('.PaymentMethodName').then(function ($chosenMethod) {\n  var chosen = $chosenMethod.text();\n  cy.wrap(chosen).as('chosenMethod');\n});\ncy.get('@chosenMethod').then(function (chosenMethod) {\n  expect(chosenMethod).to.equal(\"Bank BNI\");\n});",
              "err": {},
              "uuid": "ecfbd010-16b2-41da-b7bc-d279d70195fe",
              "parentUUID": "3a874d57-85a7-4295-8af0-ac5d35f9430d",
              "isHook": false,
              "skipped": false
            },
            {
              "title": "#6 Validate Mandiri as Payment Method",
              "fullTitle": "Test Payment Process #6 Validate Mandiri as Payment Method",
              "timedOut": null,
              "duration": 5609,
              "state": "passed",
              "speed": "slow",
              "pass": true,
              "fail": false,
              "pending": false,
              "context": null,
              "code": "cy.visit(Cypress.env('quipper_plans'));\ncy.get('[id=\"1808\"]').within(function () {\n  cy.contains('Subscribe').click();\n});\ncy.contains('Bank Transfer').click(); //Choose Alfamart as Payment Method\ncy.get('[value=\"MANDIRI\"]').click();\ncy.get('.PaymentMethodName').then(function ($chosenMethod) {\n  var chosen = $chosenMethod.text();\n  cy.wrap(chosen).as('chosenMethod');\n});\ncy.get('@chosenMethod').then(function (chosenMethod) {\n  expect(chosenMethod).to.equal(\"Bank Mandiri\");\n});",
              "err": {},
              "uuid": "29e7d385-2690-4cd9-b693-3f753f979b7d",
              "parentUUID": "3a874d57-85a7-4295-8af0-ac5d35f9430d",
              "isHook": false,
              "skipped": false
            },
            {
              "title": "#7 Validate Permata Bank as Payment Method",
              "fullTitle": "Test Payment Process #7 Validate Permata Bank as Payment Method",
              "timedOut": null,
              "duration": 6956,
              "state": "passed",
              "speed": "slow",
              "pass": true,
              "fail": false,
              "pending": false,
              "context": null,
              "code": "cy.visit(Cypress.env('quipper_plans'));\ncy.get('[id=\"1808\"]').within(function () {\n  cy.contains('Subscribe').click();\n});\ncy.contains('Bank Transfer').click(); //Choose Alfamart as Payment Method\ncy.get('[value=\"PERMATA\"]').click();\ncy.get('.PaymentMethodName').then(function ($chosenMethod) {\n  var chosen = $chosenMethod.text();\n  cy.wrap(chosen).as('chosenMethod');\n});\ncy.get('@chosenMethod').then(function (chosenMethod) {\n  expect(chosenMethod).to.equal(\"Bank Permata\");\n});",
              "err": {},
              "uuid": "dcee6c3e-69eb-4089-ad2f-46cca1f87c94",
              "parentUUID": "3a874d57-85a7-4295-8af0-ac5d35f9430d",
              "isHook": false,
              "skipped": false
            },
            {
              "title": "#8 Validate Danamon as Payment Method",
              "fullTitle": "Test Payment Process #8 Validate Danamon as Payment Method",
              "timedOut": null,
              "duration": 6983,
              "state": "passed",
              "speed": "slow",
              "pass": true,
              "fail": false,
              "pending": false,
              "context": null,
              "code": "cy.visit(Cypress.env('quipper_plans'));\ncy.get('[id=\"1808\"]').within(function () {\n  cy.contains('Subscribe').click();\n});\ncy.contains('Bank Transfer').click(); //Choose Alfamart as Payment Method\ncy.get('[value=\"DANAMON\"]').click();\ncy.get('.PaymentMethodName').then(function ($chosenMethod) {\n  var chosen = $chosenMethod.text();\n  cy.wrap(chosen).as('chosenMethod');\n});\ncy.get('@chosenMethod').then(function (chosenMethod) {\n  expect(chosenMethod).to.equal(\"Bank Danamon\");\n});",
              "err": {},
              "uuid": "78fd30ac-5751-4cfd-b93f-2a9d1d9d5e2c",
              "parentUUID": "3a874d57-85a7-4295-8af0-ac5d35f9430d",
              "isHook": false,
              "skipped": false
            },
            {
              "title": "#9 Validate CIMB Niaga as Payment Method",
              "fullTitle": "Test Payment Process #9 Validate CIMB Niaga as Payment Method",
              "timedOut": null,
              "duration": 7437,
              "state": "passed",
              "speed": "slow",
              "pass": true,
              "fail": false,
              "pending": false,
              "context": null,
              "code": "cy.visit(Cypress.env('quipper_plans'));\ncy.get('[id=\"1808\"]').within(function () {\n  cy.contains('Subscribe').click();\n});\ncy.contains('Bank Transfer').click(); //Choose Alfamart as Payment Method\ncy.get('[value=\"CIMBVA\"]').click();\ncy.get('.PaymentMethodName').then(function ($chosenMethod) {\n  var chosen = $chosenMethod.text();\n  cy.wrap(chosen).as('chosenMethod');\n});\ncy.get('@chosenMethod').then(function (chosenMethod) {\n  expect(chosenMethod).to.equal(\"Bank CIMB Niaga\");\n});",
              "err": {},
              "uuid": "e421cb39-006b-4b04-ae51-218f24bf212e",
              "parentUUID": "3a874d57-85a7-4295-8af0-ac5d35f9430d",
              "isHook": false,
              "skipped": false
            },
            {
              "title": "#10 Validate Maybank as Payment Method",
              "fullTitle": "Test Payment Process #10 Validate Maybank as Payment Method",
              "timedOut": null,
              "duration": 7884,
              "state": "passed",
              "speed": "slow",
              "pass": true,
              "fail": false,
              "pending": false,
              "context": null,
              "code": "cy.visit(Cypress.env('quipper_plans'));\ncy.get('[id=\"1808\"]').within(function () {\n  cy.contains('Subscribe').click();\n});\ncy.contains('Bank Transfer').click(); //Choose Alfamart as Payment Method\ncy.get('[value=\"BIIVA\"]').click();\ncy.get('.PaymentMethodName').then(function ($chosenMethod) {\n  var chosen = $chosenMethod.text();\n  cy.wrap(chosen).as('chosenMethod');\n});\ncy.get('@chosenMethod').then(function (chosenMethod) {\n  expect(chosenMethod).to.equal(\"Bank Maybank\");\n});",
              "err": {},
              "uuid": "25bb1d1a-a197-49f0-8fa9-fc952e0466e8",
              "parentUUID": "3a874d57-85a7-4295-8af0-ac5d35f9430d",
              "isHook": false,
              "skipped": false
            },
            {
              "title": "#11 Validate Other Bank as Payment Method",
              "fullTitle": "Test Payment Process #11 Validate Other Bank as Payment Method",
              "timedOut": null,
              "duration": 6329,
              "state": "passed",
              "speed": "slow",
              "pass": true,
              "fail": false,
              "pending": false,
              "context": null,
              "code": "cy.visit(Cypress.env('quipper_plans'));\ncy.get('[id=\"1808\"]').within(function () {\n  cy.contains('Subscribe').click();\n});\ncy.contains('Bank Transfer').click(); //Choose Alfamart as Payment Method\ncy.get('[value=\"BANK_OTHER\"]').click();\ncy.get('.PaymentMethodName').then(function ($chosenMethod) {\n  var chosen = $chosenMethod.text();\n  cy.wrap(chosen).as('chosenMethod');\n});\ncy.get('@chosenMethod').then(function (chosenMethod) {\n  expect(chosenMethod).to.equal(\"Other Banks\");\n});",
              "err": {},
              "uuid": "3c0ed575-268a-4130-b2e9-e14ef00ce654",
              "parentUUID": "3a874d57-85a7-4295-8af0-ac5d35f9430d",
              "isHook": false,
              "skipped": false
            },
            {
              "title": "#12 Test on Transitions to Payment Inforation Page",
              "fullTitle": "Test Payment Process #12 Test on Transitions to Payment Inforation Page",
              "timedOut": null,
              "duration": 6928,
              "state": "passed",
              "speed": "slow",
              "pass": true,
              "fail": false,
              "pending": false,
              "context": null,
              "code": "cy.visit(Cypress.env('quipper_plans'));\ncy.get('[id=\"1808\"]').within(function () {\n  cy.contains('Subscribe').click();\n}); //On the Payment Method Page\ncy.contains('Continue Payment').click(); //On the Payment Information Page\ncy.url().should('include', '/payment/information');",
              "err": {},
              "uuid": "3e076868-37b8-4b23-b907-15dbafa3f5fb",
              "parentUUID": "3a874d57-85a7-4295-8af0-ac5d35f9430d",
              "isHook": false,
              "skipped": false
            },
            {
              "title": "#13 Payment Information Page Showing Correct Components",
              "fullTitle": "Test Payment Process #13 Payment Information Page Showing Correct Components",
              "timedOut": null,
              "duration": 6733,
              "state": "passed",
              "speed": "slow",
              "pass": true,
              "fail": false,
              "pending": false,
              "context": null,
              "code": "cy.visit(Cypress.env('quipper_plans'));\ncy.get('[id=\"1808\"]').within(function () {\n  cy.contains('Subscribe').click();\n}); //On the Payment Method Page\ncy.contains('Continue Payment').click(); //On the Payment Information Page\ncy.contains('Payment Method').should('have.class', 'Step');\ncy.contains('Payment Information').should('have.class', 'Step__active');\ncy.contains('Payer Name');\ncy.get('[name = \"name\"]');\ncy.contains('Payer Email Address');\ncy.get('[name = \"email\"]');\ncy.contains('Payer Phone Number');\ncy.get('[name = \"phone\"]');\ncy.contains('Complete Payment');",
              "err": {},
              "uuid": "fb042684-45d8-459e-8319-2d9d0887f466",
              "parentUUID": "3a874d57-85a7-4295-8af0-ac5d35f9430d",
              "isHook": false,
              "skipped": false
            },
            {
              "title": "#14 Input Field Validation - Email",
              "fullTitle": "Test Payment Process #14 Input Field Validation - Email",
              "timedOut": null,
              "duration": 7787,
              "state": "passed",
              "speed": "slow",
              "pass": true,
              "fail": false,
              "pending": false,
              "context": null,
              "code": "cy.visit(Cypress.env('quipper_plans'));\ncy.get('[id=\"1808\"]').within(function () {\n  cy.contains('Subscribe').click();\n}); //On the Payment Method Page\ncy.contains('Continue Payment').click(); //On the Payment Information Page\ncy.contains('Email is required.');\ncy.get('[name=\"email\"]').type('1213aSAS;;;;');\ncy.contains('Please enter email in the correct format.');\ncy.get('[name=\"email\"]').type('{del}{selectall}{backspace}');\ncy.contains('Email is required.');",
              "err": {},
              "uuid": "f74c9f01-0e38-4dd2-89eb-9c4a6c429d80",
              "parentUUID": "3a874d57-85a7-4295-8af0-ac5d35f9430d",
              "isHook": false,
              "skipped": false
            }
          ],
          "suites": [],
          "passes": [
            "469d60b2-694d-471f-9e4b-852759aed139",
            "aa4ed82d-dd9c-49bf-9bd5-e068f8c0149e",
            "4d84ff4b-817c-4873-b96b-9b86c6a2392b",
            "637eb73f-fdfe-4aa6-91a1-3d3bb8a41389",
            "ecfbd010-16b2-41da-b7bc-d279d70195fe",
            "29e7d385-2690-4cd9-b693-3f753f979b7d",
            "dcee6c3e-69eb-4089-ad2f-46cca1f87c94",
            "78fd30ac-5751-4cfd-b93f-2a9d1d9d5e2c",
            "e421cb39-006b-4b04-ae51-218f24bf212e",
            "25bb1d1a-a197-49f0-8fa9-fc952e0466e8",
            "3c0ed575-268a-4130-b2e9-e14ef00ce654",
            "3e076868-37b8-4b23-b907-15dbafa3f5fb",
            "fb042684-45d8-459e-8319-2d9d0887f466",
            "f74c9f01-0e38-4dd2-89eb-9c4a6c429d80"
          ],
          "failures": [],
          "pending": [],
          "skipped": [],
          "duration": 109017,
          "root": false,
          "rootEmpty": false,
          "_timeout": 2000
        }
      ],
      "passes": [],
      "failures": [],
      "pending": [],
      "skipped": [],
      "duration": 0,
      "root": true,
      "rootEmpty": true,
      "_timeout": 2000
    },
    {
      "uuid": "ae073714-4d5f-481c-95e8-09e289d6a181",
      "title": "",
      "fullFile": "cypress\\integration\\05-id-redeemActivationCode.js",
      "file": "cypress\\integration\\05-id-redeemActivationCode.js",
      "beforeHooks": [],
      "afterHooks": [],
      "tests": [],
      "suites": [
        {
          "uuid": "9df9ea49-4e0d-4b51-a5a7-4d7a24d1200d",
          "title": "Test Redeem Activation Code Process",
          "fullFile": "",
          "file": "",
          "beforeHooks": [],
          "afterHooks": [],
          "tests": [
            {
              "title": "#1 Redeem Activation Code Page Loads Successfully",
              "fullTitle": "Test Redeem Activation Code Process #1 Redeem Activation Code Page Loads Successfully",
              "timedOut": null,
              "duration": 15631,
              "state": "passed",
              "speed": "slow",
              "pass": true,
              "fail": false,
              "pending": false,
              "context": null,
              "code": "cy.get('.AvatarMenu__Toggle--kz3Cn').click();\ncy.contains('Subscriptions').should('have.attr', 'href', Cypress.env('quipper_subscription'));\ncy.visit(Cypress.env('quipper_subscription'));\ncy.url().should('include', '/plans');\ncy.get('.PricingPlansWeb__redeem_activation').click();\ncy.url().should('include', '/activationcode');",
              "err": {},
              "uuid": "9b84b3aa-0836-4c00-81f7-a19783b96a5a",
              "parentUUID": "9df9ea49-4e0d-4b51-a5a7-4d7a24d1200d",
              "isHook": false,
              "skipped": false
            },
            {
              "title": "#2 Page Showing Correct Components",
              "fullTitle": "Test Redeem Activation Code Process #2 Page Showing Correct Components",
              "timedOut": null,
              "duration": 12479,
              "state": "passed",
              "speed": "slow",
              "pass": true,
              "fail": false,
              "pending": false,
              "context": null,
              "code": "cy.get('.AvatarMenu__Toggle--kz3Cn').click();\ncy.contains('Subscriptions').should('have.attr', 'href', Cypress.env('quipper_subscription'));\ncy.visit(Cypress.env('quipper_subscription'));\ncy.url().should('include', '/plans');\ncy.get('.PricingPlansWeb__redeem_activation').click(); //Test the correct components\ncy.get('[name=\"activationCode\"]');\ncy.contains('Activate');\ncy.contains('Back to learning app');\ncy.contains('Subscriptions').should('have.attr', 'href', '/subscriptions');\ncy.contains('Orders').should('have.attr', 'href', '/orders');",
              "err": {},
              "uuid": "03ce0e9d-d06e-48fb-881a-0aafba615a3f",
              "parentUUID": "9df9ea49-4e0d-4b51-a5a7-4d7a24d1200d",
              "isHook": false,
              "skipped": false
            },
            {
              "title": "#3 Input Field Validation - Activation Code",
              "fullTitle": "Test Redeem Activation Code Process #3 Input Field Validation - Activation Code",
              "timedOut": null,
              "duration": 12235,
              "state": "passed",
              "speed": "slow",
              "pass": true,
              "fail": false,
              "pending": false,
              "context": null,
              "code": "cy.visit(Cypress.env('quipper_subscription'));\ncy.url().should('include', '/plans');\ncy.get('.PricingPlansWeb__redeem_activation').click();\ncy.get('[name = \"activationCode\"]').type('ASDA123');\ncy.contains('Activate').should('be.disabled');\ncy.get('[name=\"activationCode\"]').type('{del}{selectall}{backspace}');\ncy.get('[name=\"activationCode\"]').type('ASDASK233SDAS12S');\ncy.contains('Activate').should('not.be.disabled');",
              "err": {},
              "uuid": "d001a276-3363-4fc5-83ec-6c59ed0060a5",
              "parentUUID": "9df9ea49-4e0d-4b51-a5a7-4d7a24d1200d",
              "isHook": false,
              "skipped": false
            }
          ],
          "suites": [],
          "passes": [
            "9b84b3aa-0836-4c00-81f7-a19783b96a5a",
            "03ce0e9d-d06e-48fb-881a-0aafba615a3f",
            "d001a276-3363-4fc5-83ec-6c59ed0060a5"
          ],
          "failures": [],
          "pending": [],
          "skipped": [],
          "duration": 40345,
          "root": false,
          "rootEmpty": false,
          "_timeout": 2000
        }
      ],
      "passes": [],
      "failures": [],
      "pending": [],
      "skipped": [],
      "duration": 0,
      "root": true,
      "rootEmpty": true,
      "_timeout": 2000
    },
    {
      "uuid": "b58990e8-3ed8-4eb4-a5ce-a5fc4267eb22",
      "title": "",
      "fullFile": "cypress\\integration\\01-id-signUp.js",
      "file": "cypress\\integration\\01-id-signUp.js",
      "beforeHooks": [],
      "afterHooks": [],
      "tests": [],
      "suites": [
        {
          "uuid": "bdec12cf-d5ee-49fa-9d11-1723310bc2c1",
          "title": "Test Quipper Home Page - Login Page Transition",
          "fullFile": "",
          "file": "",
          "beforeHooks": [],
          "afterHooks": [],
          "tests": [
            {
              "title": "#1 Successfully Loads",
              "fullTitle": "Test Quipper Home Page - Login Page Transition #1 Successfully Loads",
              "timedOut": null,
              "duration": 8308,
              "state": "passed",
              "speed": "slow",
              "pass": true,
              "fail": false,
              "pending": false,
              "context": null,
              "code": "//cy.visit('https://www.quipper.com/id/')\ncy.visit(Cypress.env('quipper_home_page'));",
              "err": {},
              "uuid": "25a51eb6-4b9e-4c10-832a-228ad0a94198",
              "parentUUID": "bdec12cf-d5ee-49fa-9d11-1723310bc2c1",
              "isHook": false,
              "skipped": false
            },
            {
              "title": "#2 Showing the Correct Components",
              "fullTitle": "Test Quipper Home Page - Login Page Transition #2 Showing the Correct Components",
              "timedOut": null,
              "duration": 278,
              "state": "passed",
              "speed": "slow",
              "pass": true,
              "fail": false,
              "pending": false,
              "context": null,
              "code": "cy.contains('Untuk Siswa');\ncy.contains('Untuk Guru');\ncy.contains('Blog');\ncy.contains('Tentang Quipper');\ncy.contains('Login');\ncy.contains('Daftar Sekarang');",
              "err": {},
              "uuid": "6a8930be-3477-4c00-bea9-a5948f1e615c",
              "parentUUID": "bdec12cf-d5ee-49fa-9d11-1723310bc2c1",
              "isHook": false,
              "skipped": false
            },
            {
              "title": "#3 Move to Login Page",
              "fullTitle": "Test Quipper Home Page - Login Page Transition #3 Move to Login Page",
              "timedOut": null,
              "duration": 8407,
              "state": "passed",
              "speed": "slow",
              "pass": true,
              "fail": false,
              "pending": false,
              "context": null,
              "code": "cy.contains('Login').click();\ncy.url().should('include', '/en/login');",
              "err": {},
              "uuid": "15c8b46a-150a-429b-bbe3-da2d0a451cc5",
              "parentUUID": "bdec12cf-d5ee-49fa-9d11-1723310bc2c1",
              "isHook": false,
              "skipped": false
            }
          ],
          "suites": [],
          "passes": [
            "25a51eb6-4b9e-4c10-832a-228ad0a94198",
            "6a8930be-3477-4c00-bea9-a5948f1e615c",
            "15c8b46a-150a-429b-bbe3-da2d0a451cc5"
          ],
          "failures": [],
          "pending": [],
          "skipped": [],
          "duration": 16993,
          "root": false,
          "rootEmpty": false,
          "_timeout": 2000
        },
        {
          "uuid": "ee382e3b-2828-4f21-a667-44460a274fff",
          "title": "Test Sign Up Page",
          "fullFile": "",
          "file": "",
          "beforeHooks": [],
          "afterHooks": [],
          "tests": [
            {
              "title": "#1 Successfully Loads",
              "fullTitle": "Test Sign Up Page #1 Successfully Loads",
              "timedOut": null,
              "duration": 4164,
              "state": "passed",
              "speed": "slow",
              "pass": true,
              "fail": false,
              "pending": false,
              "context": null,
              "code": "//cy.visit('https://subscribe.quipper.com/signup/id')\ncy.visit(Cypress.env('quipper_subscribe'));",
              "err": {},
              "uuid": "0f308e06-d928-44e7-9243-7416ec15e458",
              "parentUUID": "ee382e3b-2828-4f21-a667-44460a274fff",
              "isHook": false,
              "skipped": false
            },
            {
              "title": "#2 Showing The Correct Components",
              "fullTitle": "Test Sign Up Page #2 Showing The Correct Components",
              "timedOut": null,
              "duration": 317,
              "state": "passed",
              "speed": "slow",
              "pass": true,
              "fail": false,
              "pending": false,
              "context": null,
              "code": "cy.contains('Select your location');\ncy.get('[name= \"country\"]');\ncy.get('.fb-button');\ncy.get('[name= \"firstName\"]');\ncy.get('[name= \"lastName\"]');\ncy.get('[name= \"gradeLevel\"]');\ncy.get('[name = \"phoneNumber\"]');\ncy.get('[name = \"email\"]');\ncy.get('[name = \"username\"]');\ncy.get('[name = \"password\"]');\ncy.get('[name = \"passwordConfirmation\"]');\ncy.get('[name = \"submit\"]');",
              "err": {},
              "uuid": "89bed58d-f24f-456e-b467-3e0476914f1d",
              "parentUUID": "ee382e3b-2828-4f21-a667-44460a274fff",
              "isHook": false,
              "skipped": false
            },
            {
              "title": "#3 Input Validation - Create Button",
              "fullTitle": "Test Sign Up Page #3 Input Validation - Create Button",
              "timedOut": null,
              "duration": 342,
              "state": "passed",
              "speed": "slow",
              "pass": true,
              "fail": false,
              "pending": false,
              "context": null,
              "code": "cy.get('.submit-btn').click();\ncy.contains('First name is required.');\ncy.contains('Last name is required.');\ncy.contains('Grade is required.');\ncy.contains('Phone number is required.');\ncy.contains('Username is required.');\ncy.contains('Password is required.');\ncy.contains('Password confirmation is required.');",
              "err": {},
              "uuid": "b7b24043-b932-40a2-8bf1-2ba866a331a7",
              "parentUUID": "ee382e3b-2828-4f21-a667-44460a274fff",
              "isHook": false,
              "skipped": false
            },
            {
              "title": "#4 Location Selector",
              "fullTitle": "Test Sign Up Page #4 Location Selector",
              "timedOut": null,
              "duration": 290,
              "state": "passed",
              "speed": "slow",
              "pass": true,
              "fail": false,
              "pending": false,
              "context": null,
              "code": "cy.get('[name=\"country\"]').select('id');\ncy.url().should('include', '/signup/id'); // cy.get('[name=\"country\"]')\n//   .select('mx')\n// cy.url().should('include', '/signup/mx')",
              "err": {},
              "uuid": "454aa72d-a295-4622-b774-881a4e07a414",
              "parentUUID": "ee382e3b-2828-4f21-a667-44460a274fff",
              "isHook": false,
              "skipped": false
            },
            {
              "title": "#5 Input Field Validation - Name",
              "fullTitle": "Test Sign Up Page #5 Input Field Validation - Name",
              "timedOut": null,
              "duration": 2111,
              "state": "passed",
              "speed": "slow",
              "pass": true,
              "fail": false,
              "pending": false,
              "context": null,
              "code": "cy.get('[name=\"firstName\"]').type('23;');\ncy.contains('First name cannot include numbers and symbols.');\ncy.get('[name=\"firstName\"]').type('{del}{selectall}{backspace}');\ncy.get('[name=\"lastName\"]').type('23,$');\ncy.contains('Last name cannot include numbers and symbols.');\ncy.get('[name=\"lastName\"]').type('{del}{selectall}{backspace}');\ncy.get('[name=\"firstName\"]').type('23;');\ncy.get('[name=\"lastName\"]').type('23,$');\ncy.contains('First name cannot include numbers and symbols.');\ncy.contains('Last name cannot include numbers and symbols.');\ncy.get('[name=\"firstName\"]').type('{del}{selectall}{backspace}');\ncy.get('[name=\"lastName\"]').type('{del}{selectall}{backspace}');",
              "err": {},
              "uuid": "8c457070-8758-408b-abb8-2d915bbac296",
              "parentUUID": "ee382e3b-2828-4f21-a667-44460a274fff",
              "isHook": false,
              "skipped": false
            },
            {
              "title": "#6 Input Field Validation - Phone",
              "fullTitle": "Test Sign Up Page #6 Input Field Validation - Phone",
              "timedOut": null,
              "duration": 790,
              "state": "passed",
              "speed": "slow",
              "pass": true,
              "fail": false,
              "pending": false,
              "context": null,
              "code": "cy.get('[name=\"phoneNumber\"]').type('23#a');\ncy.contains('Phone number should only contain numbers.');\ncy.get('[name=\"phoneNumber\"]').type('{del}{selectall}{backspace}');\ncy.get('[name=\"phoneNumber\"]').type('23');\ncy.contains('Phone number must be between 9-14 digits.');\ncy.get('[name=\"phoneNumber\"]').type('{del}{selectall}{backspace}');",
              "err": {},
              "uuid": "0f17403e-c02f-4960-a07d-15263f61fb9d",
              "parentUUID": "ee382e3b-2828-4f21-a667-44460a274fff",
              "isHook": false,
              "skipped": false
            },
            {
              "title": "#7 Input Field Validation - Email",
              "fullTitle": "Test Sign Up Page #7 Input Field Validation - Email",
              "timedOut": null,
              "duration": 704,
              "state": "passed",
              "speed": "slow",
              "pass": true,
              "fail": false,
              "pending": false,
              "context": null,
              "code": "cy.get('[name=\"email\"]').type('1213aSAS;;;;');\ncy.contains('Please enter email in the correct format.');\ncy.get('[name=\"email\"]').type('{del}{selectall}{backspace}');",
              "err": {},
              "uuid": "201dafa5-11e8-4e0d-8787-9c0bc8c2cb5e",
              "parentUUID": "ee382e3b-2828-4f21-a667-44460a274fff",
              "isHook": false,
              "skipped": false
            },
            {
              "title": "#8 Input Field Validation - Username",
              "fullTitle": "Test Sign Up Page #8 Input Field Validation - Username",
              "timedOut": null,
              "duration": 916,
              "state": "passed",
              "speed": "slow",
              "pass": true,
              "fail": false,
              "pending": false,
              "context": null,
              "code": "cy.get('[name=\"username\"]').type('sd');\ncy.contains('Username must be between 4-20 characters.');\ncy.get('[name=\"username\"]').type('{del}{selectall}{backspace}');\ncy.get('[name=\"username\"]').type('##fersgrv,,;;');\ncy.contains('Username can only have lower case letters, numbers and the following characters: - _ .');\ncy.get('[name=\"username\"]').type('{del}{selectall}{backspace}');",
              "err": {},
              "uuid": "80336716-e877-4013-9861-d467337fcd6e",
              "parentUUID": "ee382e3b-2828-4f21-a667-44460a274fff",
              "isHook": false,
              "skipped": false
            },
            {
              "title": "#9 Input Field Validation - Password",
              "fullTitle": "Test Sign Up Page #9 Input Field Validation - Password",
              "timedOut": null,
              "duration": 904,
              "state": "passed",
              "speed": "slow",
              "pass": true,
              "fail": false,
              "pending": false,
              "context": null,
              "code": "cy.get('[name=\"password\"]').type('as');\ncy.contains('Password must be a combination of letters and numbers.');\ncy.get('[name=\"password\"]').type('{del}{selectall}{backspace}');\ncy.get('[name=\"password\"]').type('12');\ncy.contains('Password must be a combination of letters and numbers.');\ncy.get('[name=\"password\"]').type('{del}{selectall}{backspace}');\ncy.get('[name=\"password\"]').type('as12');\ncy.contains('Password must be at least 6 characters.');\ncy.get('[name=\"password\"]').type('{del}{selectall}{backspace}');",
              "err": {},
              "uuid": "bfb84f1f-9cba-4f3c-bacf-b844a4b6097a",
              "parentUUID": "ee382e3b-2828-4f21-a667-44460a274fff",
              "isHook": false,
              "skipped": false
            },
            {
              "title": "#10 Input Field Validation - Password Confirmation",
              "fullTitle": "Test Sign Up Page #10 Input Field Validation - Password Confirmation",
              "timedOut": null,
              "duration": 1229,
              "state": "passed",
              "speed": "slow",
              "pass": true,
              "fail": false,
              "pending": false,
              "context": null,
              "code": "cy.get('[name=\"password\"]').type('as12as12as12');\ncy.get('[name=\"passwordConfirmation\"]').type('asdasd');\ncy.contains('The password and confirmation password do not match.');\ncy.get('[name=\"password\"]').type('{del}{selectall}{backspace}');\ncy.get('[name=\"passwordConfirmation\"]').type('{del}{selectall}{backspace}');",
              "err": {},
              "uuid": "c28c198c-1c31-4ea2-8c1a-a2d9e24df247",
              "parentUUID": "ee382e3b-2828-4f21-a667-44460a274fff",
              "isHook": false,
              "skipped": false
            },
            {
              "title": "#11 Input Field Validation - School Membership Number",
              "fullTitle": "Test Sign Up Page #11 Input Field Validation - School Membership Number",
              "timedOut": null,
              "duration": 287,
              "state": "passed",
              "speed": "slow",
              "pass": true,
              "fail": false,
              "pending": false,
              "context": null,
              "code": "cy.get('[name=\"membership-checkbox\"]').check({\n  force: true\n}).should('be.checked');\ncy.get('[name=\"organizationMembershipCode\"]');\ncy.get('[name=\"membership-checkbox\"]').uncheck({\n  force: true\n}).should('not.be.checked');",
              "err": {},
              "uuid": "142363d6-5cf2-474b-9af7-1dad90f22f62",
              "parentUUID": "ee382e3b-2828-4f21-a667-44460a274fff",
              "isHook": false,
              "skipped": false
            },
            {
              "title": "#12 Transition to Login Page",
              "fullTitle": "Test Sign Up Page #12 Transition to Login Page",
              "timedOut": null,
              "duration": 4248,
              "state": "passed",
              "speed": "slow",
              "pass": true,
              "fail": false,
              "pending": false,
              "context": null,
              "code": "cy.contains('Log In').click();\ncy.url().should('include', '/en/login');",
              "err": {},
              "uuid": "e945e653-5d85-4b3f-8fb5-e43eafb3fc4d",
              "parentUUID": "ee382e3b-2828-4f21-a667-44460a274fff",
              "isHook": false,
              "skipped": false
            }
          ],
          "suites": [],
          "passes": [
            "0f308e06-d928-44e7-9243-7416ec15e458",
            "89bed58d-f24f-456e-b467-3e0476914f1d",
            "b7b24043-b932-40a2-8bf1-2ba866a331a7",
            "454aa72d-a295-4622-b774-881a4e07a414",
            "8c457070-8758-408b-abb8-2d915bbac296",
            "0f17403e-c02f-4960-a07d-15263f61fb9d",
            "201dafa5-11e8-4e0d-8787-9c0bc8c2cb5e",
            "80336716-e877-4013-9861-d467337fcd6e",
            "bfb84f1f-9cba-4f3c-bacf-b844a4b6097a",
            "c28c198c-1c31-4ea2-8c1a-a2d9e24df247",
            "142363d6-5cf2-474b-9af7-1dad90f22f62",
            "e945e653-5d85-4b3f-8fb5-e43eafb3fc4d"
          ],
          "failures": [],
          "pending": [],
          "skipped": [],
          "duration": 16302,
          "root": false,
          "rootEmpty": false,
          "_timeout": 2000
        }
      ],
      "passes": [],
      "failures": [],
      "pending": [],
      "skipped": [],
      "duration": 0,
      "root": true,
      "rootEmpty": true,
      "_timeout": 2000
    }
  ],
  "meta": {
    "mocha": {
      "version": "7.0.1"
    },
    "mochawesome": {
      "options": {
        "quiet": false,
        "reportFilename": "mochawesome",
        "saveHtml": false,
        "saveJson": true,
        "consoleReporter": "spec",
        "useInlineDiffs": false,
        "code": true
      },
      "version": "6.1.1"
    },
    "marge": {
      "options": {
        "id": "default",
        "reportDir": "cypress/reports/mocha",
        "quite": true,
        "overwrite": false,
        "html": false,
        "json": true
      },
      "version": "5.1.0"
    }
  }
}